{"C:\\Projects\\odh-voice-assistant\\__tests__\\helpers.ts": {"path":"C:\\Projects\\odh-voice-assistant\\__tests__\\helpers.ts","statementMap":{"0":{"start":{"line":2,"column":0},"end":{"line":2,"column":43}},"1":{"start":{"line":6,"column":0},"end":{"line":37,"column":3}},"2":{"start":{"line":9,"column":33},"end":{"line":9,"column":38}},"3":{"start":{"line":10,"column":29},"end":{"line":10,"column":114}},"4":{"start":{"line":12,"column":30},"end":{"line":12,"column":103}},"5":{"start":{"line":14,"column":8},"end":{"line":23,"column":null}},"6":{"start":{"line":15,"column":12},"end":{"line":18,"column":15}},"7":{"start":{"line":16,"column":30},"end":{"line":16,"column":65}},"8":{"start":{"line":17,"column":16},"end":{"line":17,"column":92}},"9":{"start":{"line":21,"column":16},"end":{"line":21,"column":42}},"10":{"start":{"line":26,"column":12},"end":{"line":29,"column":null}},"11":{"start":{"line":27,"column":32},"end":{"line":27,"column":159}},"12":{"start":{"line":31,"column":12},"end":{"line":34,"column":null}},"13":{"start":{"line":32,"column":32},"end":{"line":32,"column":169}},"14":{"start":{"line":51,"column":4},"end":{"line":51,"column":31}},"15":{"start":{"line":50,"column":0},"end":{"line":50,"column":16}},"16":{"start":{"line":61,"column":4},"end":{"line":66,"column":7}},"17":{"start":{"line":62,"column":8},"end":{"line":65,"column":11}},"18":{"start":{"line":63,"column":12},"end":{"line":63,"column":40}},"19":{"start":{"line":63,"column":21},"end":{"line":63,"column":40}},"20":{"start":{"line":64,"column":12},"end":{"line":64,"column":32}},"21":{"start":{"line":60,"column":0},"end":{"line":60,"column":16}},"22":{"start":{"line":75,"column":4},"end":{"line":81,"column":7}},"23":{"start":{"line":74,"column":0},"end":{"line":74,"column":16}},"24":{"start":{"line":93,"column":4},"end":{"line":101,"column":26}},"25":{"start":{"line":89,"column":0},"end":{"line":89,"column":16}},"26":{"start":{"line":113,"column":4},"end":{"line":124,"column":7}},"27":{"start":{"line":109,"column":0},"end":{"line":109,"column":16}},"28":{"start":{"line":150,"column":4},"end":{"line":196,"column":7}},"29":{"start":{"line":163,"column":24},"end":{"line":163,"column":26}},"30":{"start":{"line":166,"column":37},"end":{"line":166,"column":60}},"31":{"start":{"line":167,"column":24},"end":{"line":189,"column":null}},"32":{"start":{"line":179,"column":44},"end":{"line":184,"column":46}},"33":{"start":{"line":191,"column":20},"end":{"line":191,"column":33}},"34":{"start":{"line":132,"column":0},"end":{"line":132,"column":16}}},"fnMap":{"0":{"name":"(anonymous_0)","decl":{"start":{"line":7,"column":4},"end":{"line":7,"column":20}},"loc":{"start":{"line":7,"column":39},"end":{"line":36,"column":5}}},"1":{"name":"(anonymous_1)","decl":{"start":{"line":14,"column":38},"end":{"line":14,"column":39}},"loc":{"start":{"line":14,"column":62},"end":{"line":23,"column":9}}},"2":{"name":"(anonymous_2)","decl":{"start":{"line":15,"column":34},"end":{"line":15,"column":35}},"loc":{"start":{"line":15,"column":51},"end":{"line":18,"column":13}}},"3":{"name":"(anonymous_3)","decl":{"start":{"line":27,"column":25},"end":{"line":27,"column":28}},"loc":{"start":{"line":27,"column":32},"end":{"line":27,"column":159}}},"4":{"name":"(anonymous_4)","decl":{"start":{"line":32,"column":25},"end":{"line":32,"column":28}},"loc":{"start":{"line":32,"column":32},"end":{"line":32,"column":169}}},"5":{"name":"partial","decl":{"start":{"line":50,"column":16},"end":{"line":50,"column":23}},"loc":{"start":{"line":50,"column":48},"end":{"line":52,"column":1}}},"6":{"name":"skill","decl":{"start":{"line":60,"column":16},"end":{"line":60,"column":21}},"loc":{"start":{"line":60,"column":44},"end":{"line":67,"column":1}}},"7":{"name":"(anonymous_7)","decl":{"start":{"line":61,"column":23},"end":{"line":61,"column":24}},"loc":{"start":{"line":61,"column":43},"end":{"line":66,"column":5}}},"8":{"name":"(anonymous_8)","decl":{"start":{"line":62,"column":36},"end":{"line":62,"column":37}},"loc":{"start":{"line":62,"column":49},"end":{"line":65,"column":9}}},"9":{"name":"ssml","decl":{"start":{"line":74,"column":16},"end":{"line":74,"column":20}},"loc":{"start":{"line":74,"column":45},"end":{"line":82,"column":1}}},"10":{"name":"RequestWithType","decl":{"start":{"line":89,"column":16},"end":{"line":89,"column":31}},"loc":{"start":{"line":92,"column":1},"end":{"line":102,"column":1}}},"11":{"name":"RequestWithIntent","decl":{"start":{"line":109,"column":16},"end":{"line":109,"column":33}},"loc":{"start":{"line":112,"column":1},"end":{"line":125,"column":1}}},"12":{"name":"CreateIntentRequest","decl":{"start":{"line":132,"column":16},"end":{"line":132,"column":35}},"loc":{"start":{"line":149,"column":1},"end":{"line":197,"column":1}}},"13":{"name":"(anonymous_13)","decl":{"start":{"line":160,"column":42},"end":{"line":160,"column":45}},"loc":{"start":{"line":160,"column":47},"end":{"line":192,"column":17}}},"14":{"name":"(anonymous_14)","decl":{"start":{"line":178,"column":102},"end":{"line":178,"column":103}},"loc":{"start":{"line":178,"column":111},"end":{"line":185,"column":41}}}},"branchMap":{"0":{"loc":{"start":{"line":12,"column":66},"end":{"line":12,"column":98}},"type":"cond-expr","locations":[{"start":{"line":12,"column":66},"end":{"line":12,"column":98}},{"start":{"line":12,"column":101},"end":{"line":12,"column":103}}]},"1":{"loc":{"start":{"line":63,"column":12},"end":{"line":63,"column":40}},"type":"if","locations":[{"start":{"line":63,"column":12},"end":{"line":63,"column":40}},{"start":{"line":63,"column":12},"end":{"line":63,"column":40}}]},"2":{"loc":{"start":{"line":160,"column":41},"end":{"line":192,"column":20}},"type":"cond-expr","locations":[{"start":{"line":160,"column":41},"end":{"line":192,"column":20}},{"start":{"line":192,"column":23},"end":{"line":192,"column":32}}]},"3":{"loc":{"start":{"line":169,"column":48},"end":{"line":169,"column":58}},"type":"cond-expr","locations":[{"start":{"line":169,"column":48},"end":{"line":169,"column":58}},{"start":{"line":169,"column":61},"end":{"line":169,"column":63}}]},"4":{"loc":{"start":{"line":170,"column":74},"end":{"line":170,"column":97}},"type":"cond-expr","locations":[{"start":{"line":170,"column":74},"end":{"line":170,"column":97}},{"start":{"line":170,"column":100},"end":{"line":170,"column":106}}]},"5":{"loc":{"start":{"line":188,"column":32},"end":{"line":188,"column":41}},"type":"cond-expr","locations":[{"start":{"line":188,"column":32},"end":{"line":188,"column":41}}]},"6":{"loc":{"start":{"line":178,"column":74},"end":{"line":185,"column":42}},"type":"cond-expr","locations":[{"start":{"line":178,"column":74},"end":{"line":185,"column":42}},{"start":{"line":185,"column":45},"end":{"line":185,"column":47}}]},"7":{"loc":{"start":{"line":182,"column":66},"end":{"line":182,"column":73}},"type":"cond-expr","locations":[{"start":{"line":182,"column":66},"end":{"line":182,"column":73}},{"start":{"line":182,"column":76},"end":{"line":182,"column":78}}]},"8":{"loc":{"start":{"line":194,"column":49},"end":{"line":194,"column":68}},"type":"cond-expr","locations":[{"start":{"line":194,"column":49},"end":{"line":194,"column":68}},{"start":{"line":194,"column":71},"end":{"line":194,"column":80}}]}},"s":{"0":3,"1":3,"2":5,"3":5,"4":5,"5":5,"6":8,"7":2,"8":2,"9":5,"10":5,"11":0,"12":0,"13":0,"14":5,"15":3,"16":5,"17":5,"18":5,"19":0,"20":5,"21":3,"22":0,"23":3,"24":1,"25":3,"26":4,"27":3,"28":0,"29":0,"30":0,"31":0,"32":0,"33":0,"34":3},"f":{"0":5,"1":8,"2":2,"3":0,"4":0,"5":5,"6":5,"7":5,"8":5,"9":0,"10":1,"11":4,"12":0,"13":0,"14":0},"b":{"0":[1,4],"1":[0,5],"2":[0,0],"3":[0,0],"4":[0,0],"5":[0],"6":[0,0],"7":[0,0],"8":[0,0]}}
,"C:\\Projects\\odh-voice-assistant\\lambda\\custom\\index.ts": {"path":"C:\\Projects\\odh-voice-assistant\\lambda\\custom\\index.ts","statementMap":{"0":{"start":{"line":1,"column":0},"end":{"line":1,"column":45}},"1":{"start":{"line":3,"column":0},"end":{"line":3,"column":37}},"2":{"start":{"line":4,"column":0},"end":{"line":4,"column":41}},"3":{"start":{"line":5,"column":0},"end":{"line":5,"column":47}},"4":{"start":{"line":6,"column":0},"end":{"line":6,"column":39}},"5":{"start":{"line":7,"column":0},"end":{"line":7,"column":51}},"6":{"start":{"line":8,"column":0},"end":{"line":8,"column":51}},"7":{"start":{"line":9,"column":0},"end":{"line":9,"column":46}},"8":{"start":{"line":10,"column":0},"end":{"line":10,"column":35}},"9":{"start":{"line":12,"column":13},"end":{"line":45,"column":12}}},"fnMap":{},"branchMap":{},"s":{"0":3,"1":3,"2":3,"3":3,"4":3,"5":3,"6":3,"7":3,"8":3,"9":3},"f":{},"b":{}}
,"C:\\Projects\\odh-voice-assistant\\lambda\\custom\\errors\\Unexpected.ts": {"path":"C:\\Projects\\odh-voice-assistant\\lambda\\custom\\errors\\Unexpected.ts","statementMap":{"0":{"start":{"line":2,"column":0},"end":{"line":2,"column":54}},"1":{"start":{"line":3,"column":0},"end":{"line":3,"column":64}},"2":{"start":{"line":9,"column":13},"end":{"line":22,"column":2}},"3":{"start":{"line":11,"column":8},"end":{"line":11,"column":52}},"4":{"start":{"line":14,"column":8},"end":{"line":14,"column":55}},"5":{"start":{"line":16,"column":22},"end":{"line":16,"column":56}},"6":{"start":{"line":18,"column":8},"end":{"line":20,"column":27}}},"fnMap":{"0":{"name":"(anonymous_0)","decl":{"start":{"line":10,"column":4},"end":{"line":10,"column":13}},"loc":{"start":{"line":10,"column":22},"end":{"line":12,"column":5}}},"1":{"name":"(anonymous_1)","decl":{"start":{"line":13,"column":4},"end":{"line":13,"column":10}},"loc":{"start":{"line":13,"column":30},"end":{"line":21,"column":5}}}},"branchMap":{},"s":{"0":3,"1":3,"2":3,"3":0,"4":0,"5":0,"6":0},"f":{"0":0,"1":0},"b":{}}
,"C:\\Projects\\odh-voice-assistant\\lambda\\custom\\errors\\Unknown.ts": {"path":"C:\\Projects\\odh-voice-assistant\\lambda\\custom\\errors\\Unknown.ts","statementMap":{"0":{"start":{"line":2,"column":0},"end":{"line":2,"column":54}},"1":{"start":{"line":3,"column":0},"end":{"line":3,"column":52}},"2":{"start":{"line":9,"column":13},"end":{"line":25,"column":2}},"3":{"start":{"line":11,"column":8},"end":{"line":11,"column":20}},"4":{"start":{"line":14,"column":8},"end":{"line":14,"column":55}},"5":{"start":{"line":16,"column":22},"end":{"line":16,"column":56}},"6":{"start":{"line":18,"column":27},"end":{"line":18,"column":56}},"7":{"start":{"line":20,"column":8},"end":{"line":23,"column":27}}},"fnMap":{"0":{"name":"(anonymous_0)","decl":{"start":{"line":10,"column":4},"end":{"line":10,"column":13}},"loc":{"start":{"line":10,"column":13},"end":{"line":12,"column":5}}},"1":{"name":"(anonymous_1)","decl":{"start":{"line":13,"column":4},"end":{"line":13,"column":10}},"loc":{"start":{"line":13,"column":30},"end":{"line":24,"column":5}}}},"branchMap":{},"s":{"0":3,"1":3,"2":3,"3":1,"4":1,"5":1,"6":1,"7":1},"f":{"0":1,"1":1},"b":{}}
,"C:\\Projects\\odh-voice-assistant\\lambda\\custom\\errors\\index.ts": {"path":"C:\\Projects\\odh-voice-assistant\\lambda\\custom\\errors\\index.ts","statementMap":{"0":{"start":{"line":1,"column":0},"end":{"line":1,"column":26}},"1":{"start":{"line":2,"column":0},"end":{"line":2,"column":29}}},"fnMap":{},"branchMap":{},"s":{"0":3,"1":3},"f":{},"b":{}}
,"C:\\Projects\\odh-voice-assistant\\lambda\\custom\\intents\\Debug.ts": {"path":"C:\\Projects\\odh-voice-assistant\\lambda\\custom\\intents\\Debug.ts","statementMap":{"0":{"start":{"line":3,"column":13},"end":{"line":12,"column":2}},"1":{"start":{"line":5,"column":8},"end":{"line":5,"column":59}},"2":{"start":{"line":6,"column":8},"end":{"line":6,"column":21}},"3":{"start":{"line":9,"column":8},"end":{"line":10,"column":27}}},"fnMap":{"0":{"name":"(anonymous_0)","decl":{"start":{"line":4,"column":4},"end":{"line":4,"column":13}},"loc":{"start":{"line":4,"column":26},"end":{"line":7,"column":5}}},"1":{"name":"(anonymous_1)","decl":{"start":{"line":8,"column":4},"end":{"line":8,"column":10}},"loc":{"start":{"line":8,"column":23},"end":{"line":11,"column":5}}}},"branchMap":{},"s":{"0":3,"1":0,"2":0,"3":0},"f":{"0":0,"1":0},"b":{}}
,"C:\\Projects\\odh-voice-assistant\\lambda\\custom\\intents\\Help.ts": {"path":"C:\\Projects\\odh-voice-assistant\\lambda\\custom\\intents\\Help.ts","statementMap":{"0":{"start":{"line":2,"column":0},"end":{"line":2,"column":42}},"1":{"start":{"line":3,"column":0},"end":{"line":3,"column":65}},"2":{"start":{"line":4,"column":0},"end":{"line":4,"column":54}},"3":{"start":{"line":6,"column":13},"end":{"line":20,"column":2}},"4":{"start":{"line":8,"column":4},"end":{"line":8,"column":52}},"5":{"start":{"line":11,"column":18},"end":{"line":11,"column":52}},"6":{"start":{"line":12,"column":23},"end":{"line":12,"column":51}},"7":{"start":{"line":14,"column":4},"end":{"line":18,"column":21}}},"fnMap":{"0":{"name":"(anonymous_0)","decl":{"start":{"line":7,"column":2},"end":{"line":7,"column":11}},"loc":{"start":{"line":7,"column":38},"end":{"line":9,"column":3}}},"1":{"name":"(anonymous_1)","decl":{"start":{"line":10,"column":2},"end":{"line":10,"column":8}},"loc":{"start":{"line":10,"column":35},"end":{"line":19,"column":3}}}},"branchMap":{},"s":{"0":3,"1":3,"2":3,"3":3,"4":4,"5":2,"6":2,"7":2},"f":{"0":4,"1":2},"b":{}}
,"C:\\Projects\\odh-voice-assistant\\lambda\\custom\\intents\\Launch.ts": {"path":"C:\\Projects\\odh-voice-assistant\\lambda\\custom\\intents\\Launch.ts","statementMap":{"0":{"start":{"line":3,"column":0},"end":{"line":3,"column":66}},"1":{"start":{"line":4,"column":0},"end":{"line":4,"column":62}},"2":{"start":{"line":6,"column":13},"end":{"line":21,"column":null}},"3":{"start":{"line":8,"column":8},"end":{"line":8,"column":57}},"4":{"start":{"line":11,"column":22},"end":{"line":11,"column":56}},"5":{"start":{"line":13,"column":27},"end":{"line":13,"column":102}},"6":{"start":{"line":14,"column":29},"end":{"line":14,"column":57}},"7":{"start":{"line":16,"column":8},"end":{"line":19,"column":27}}},"fnMap":{"0":{"name":"(anonymous_0)","decl":{"start":{"line":7,"column":4},"end":{"line":7,"column":13}},"loc":{"start":{"line":7,"column":40},"end":{"line":9,"column":5}}},"1":{"name":"(anonymous_1)","decl":{"start":{"line":10,"column":4},"end":{"line":10,"column":10}},"loc":{"start":{"line":10,"column":37},"end":{"line":20,"column":5}}}},"branchMap":{},"s":{"0":3,"1":3,"2":3,"3":5,"4":1,"5":1,"6":1,"7":1},"f":{"0":5,"1":1},"b":{}}
,"C:\\Projects\\odh-voice-assistant\\lambda\\custom\\intents\\SessionEnded.ts": {"path":"C:\\Projects\\odh-voice-assistant\\lambda\\custom\\intents\\SessionEnded.ts","statementMap":{"0":{"start":{"line":2,"column":0},"end":{"line":2,"column":40}},"1":{"start":{"line":4,"column":0},"end":{"line":4,"column":48}},"2":{"start":{"line":6,"column":13},"end":{"line":17,"column":2}},"3":{"start":{"line":8,"column":8},"end":{"line":8,"column":63}},"4":{"start":{"line":11,"column":45},"end":{"line":11,"column":81}},"5":{"start":{"line":13,"column":8},"end":{"line":13,"column":77}},"6":{"start":{"line":15,"column":8},"end":{"line":15,"column":58}}},"fnMap":{"0":{"name":"(anonymous_0)","decl":{"start":{"line":7,"column":4},"end":{"line":7,"column":13}},"loc":{"start":{"line":7,"column":40},"end":{"line":9,"column":5}}},"1":{"name":"(anonymous_1)","decl":{"start":{"line":10,"column":4},"end":{"line":10,"column":10}},"loc":{"start":{"line":10,"column":37},"end":{"line":16,"column":5}}}},"branchMap":{},"s":{"0":3,"1":3,"2":3,"3":1,"4":0,"5":0,"6":0},"f":{"0":1,"1":0},"b":{}}
,"C:\\Projects\\odh-voice-assistant\\lambda\\custom\\intents\\Stop.ts": {"path":"C:\\Projects\\odh-voice-assistant\\lambda\\custom\\intents\\Stop.ts","statementMap":{"0":{"start":{"line":2,"column":0},"end":{"line":2,"column":65}},"1":{"start":{"line":3,"column":0},"end":{"line":3,"column":64}},"2":{"start":{"line":5,"column":13},"end":{"line":19,"column":2}},"3":{"start":{"line":7,"column":8},"end":{"line":7,"column":76}},"4":{"start":{"line":11,"column":22},"end":{"line":11,"column":56}},"5":{"start":{"line":13,"column":27},"end":{"line":13,"column":58}},"6":{"start":{"line":15,"column":8},"end":{"line":17,"column":27}}},"fnMap":{"0":{"name":"(anonymous_0)","decl":{"start":{"line":6,"column":4},"end":{"line":6,"column":13}},"loc":{"start":{"line":6,"column":40},"end":{"line":8,"column":5}}},"1":{"name":"(anonymous_1)","decl":{"start":{"line":9,"column":4},"end":{"line":9,"column":10}},"loc":{"start":{"line":9,"column":37},"end":{"line":18,"column":5}}}},"branchMap":{},"s":{"0":3,"1":3,"2":3,"3":2,"4":1,"5":1,"6":1},"f":{"0":2,"1":1},"b":{}}
,"C:\\Projects\\odh-voice-assistant\\lambda\\custom\\intents\\index.ts": {"path":"C:\\Projects\\odh-voice-assistant\\lambda\\custom\\intents\\index.ts","statementMap":{"0":{"start":{"line":1,"column":0},"end":{"line":1,"column":25}},"1":{"start":{"line":2,"column":0},"end":{"line":2,"column":23}},"2":{"start":{"line":3,"column":0},"end":{"line":3,"column":31}},"3":{"start":{"line":4,"column":0},"end":{"line":4,"column":23}},"4":{"start":{"line":6,"column":0},"end":{"line":6,"column":29}},"5":{"start":{"line":7,"column":0},"end":{"line":7,"column":27}},"6":{"start":{"line":8,"column":0},"end":{"line":8,"column":35}},"7":{"start":{"line":10,"column":0},"end":{"line":10,"column":24}}},"fnMap":{},"branchMap":{},"s":{"0":3,"1":3,"2":3,"3":3,"4":3,"5":3,"6":3,"7":3},"f":{},"b":{}}
,"C:\\Projects\\odh-voice-assistant\\lambda\\custom\\intents\\CarSharing\\list.ts": {"path":"C:\\Projects\\odh-voice-assistant\\lambda\\custom\\intents\\CarSharing\\list.ts","statementMap":{"0":{"start":{"line":3,"column":0},"end":{"line":3,"column":82}},"1":{"start":{"line":4,"column":0},"end":{"line":4,"column":121}},"2":{"start":{"line":8,"column":0},"end":{"line":8,"column":78}},"3":{"start":{"line":9,"column":0},"end":{"line":9,"column":43}},"4":{"start":{"line":11,"column":0},"end":{"line":11,"column":51}},"5":{"start":{"line":14,"column":13},"end":{"line":172,"column":null}},"6":{"start":{"line":16,"column":8},"end":{"line":16,"column":67}},"7":{"start":{"line":20,"column":22},"end":{"line":20,"column":56}},"8":{"start":{"line":42,"column":34},"end":{"line":42,"column":87}},"9":{"start":{"line":43,"column":25},"end":{"line":43,"column":53}},"10":{"start":{"line":49,"column":30},"end":{"line":51,"column":14}},"11":{"start":{"line":55,"column":16},"end":{"line":55,"column":63}},"12":{"start":{"line":57,"column":16},"end":{"line":57,"column":64}},"13":{"start":{"line":62,"column":32},"end":{"line":62,"column":90}},"14":{"start":{"line":63,"column":29},"end":{"line":63,"column":88}},"15":{"start":{"line":64,"column":32},"end":{"line":64,"column":87}},"16":{"start":{"line":67,"column":31},"end":{"line":67,"column":95}},"17":{"start":{"line":68,"column":32},"end":{"line":68,"column":61}},"18":{"start":{"line":71,"column":20},"end":{"line":71,"column":69}},"19":{"start":{"line":72,"column":20},"end":{"line":72,"column":70}},"20":{"start":{"line":77,"column":8},"end":{"line":157,"column":11}},"21":{"start":{"line":84,"column":47},"end":{"line":84,"column":62}},"22":{"start":{"line":96,"column":20},"end":{"line":96,"column":149}},"23":{"start":{"line":98,"column":20},"end":{"line":98,"column":87}},"24":{"start":{"line":99,"column":20},"end":{"line":99,"column":88}},"25":{"start":{"line":101,"column":20},"end":{"line":124,"column":23}},"26":{"start":{"line":105,"column":28},"end":{"line":109,"column":31}},"27":{"start":{"line":112,"column":28},"end":{"line":116,"column":31}},"28":{"start":{"line":119,"column":28},"end":{"line":122,"column":null}},"29":{"start":{"line":128,"column":24},"end":{"line":128,"column":91}},"30":{"start":{"line":131,"column":20},"end":{"line":131,"column":74}},"31":{"start":{"line":134,"column":21},"end":{"line":139,"column":23}},"32":{"start":{"line":142,"column":20},"end":{"line":146,"column":null}},"33":{"start":{"line":150,"column":16},"end":{"line":150,"column":37}},"34":{"start":{"line":151,"column":16},"end":{"line":155,"column":null}},"35":{"start":{"line":159,"column":23},"end":{"line":159,"column":51}},"36":{"start":{"line":162,"column":12},"end":{"line":162,"column":54}},"37":{"start":{"line":167,"column":12},"end":{"line":167,"column":57}},"38":{"start":{"line":170,"column":8},"end":{"line":170,"column":38}}},"fnMap":{"0":{"name":"(anonymous_6)","decl":{"start":{"line":15,"column":4},"end":{"line":15,"column":13}},"loc":{"start":{"line":15,"column":40},"end":{"line":17,"column":5}}},"1":{"name":"(anonymous_9)","decl":{"start":{"line":80,"column":23},"end":{"line":80,"column":24}},"loc":{"start":{"line":80,"column":86},"end":{"line":148,"column":13}}},"2":{"name":"(anonymous_10)","decl":{"start":{"line":101,"column":37},"end":{"line":101,"column":45}},"loc":{"start":{"line":101,"column":48},"end":{"line":124,"column":21}}},"3":{"name":"(anonymous_11)","decl":{"start":{"line":149,"column":21},"end":{"line":149,"column":22}},"loc":{"start":{"line":149,"column":31},"end":{"line":156,"column":13}}}},"branchMap":{},"s":{"0":3,"1":3,"2":3,"3":3,"4":3,"5":3,"6":1,"7":0,"8":0,"9":0,"10":0,"11":0,"12":0,"13":0,"14":0,"15":0,"16":0,"17":0,"18":0,"19":0,"20":0,"21":0,"22":0,"23":0,"24":0,"25":0,"26":0,"27":0,"28":0,"29":0,"30":0,"31":0,"32":0,"33":0,"34":0,"35":0,"36":0,"37":0,"38":0},"f":{"0":1,"1":0,"2":0,"3":0},"b":{}}
,"C:\\Projects\\odh-voice-assistant\\lambda\\custom\\intents\\Event\\index.ts": {"path":"C:\\Projects\\odh-voice-assistant\\lambda\\custom\\intents\\Event\\index.ts","statementMap":{"0":{"start":{"line":1,"column":0},"end":{"line":1,"column":23}}},"fnMap":{},"branchMap":{},"s":{"0":9},"f":{},"b":{}}
,"C:\\Projects\\odh-voice-assistant\\lambda\\custom\\intents\\Event\\list.ts": {"path":"C:\\Projects\\odh-voice-assistant\\lambda\\custom\\intents\\Event\\list.ts","statementMap":{"0":{"start":{"line":3,"column":0},"end":{"line":3,"column":130}},"1":{"start":{"line":4,"column":0},"end":{"line":4,"column":114}},"2":{"start":{"line":7,"column":0},"end":{"line":7,"column":55}},"3":{"start":{"line":8,"column":0},"end":{"line":8,"column":78}},"4":{"start":{"line":10,"column":13},"end":{"line":381,"column":null}},"5":{"start":{"line":12,"column":8},"end":{"line":12,"column":58}},"6":{"start":{"line":16,"column":32},"end":{"line":16,"column":66}},"7":{"start":{"line":19,"column":21},"end":{"line":19,"column":31}},"8":{"start":{"line":28,"column":34},"end":{"line":28,"column":87}},"9":{"start":{"line":29,"column":27},"end":{"line":29,"column":57}},"10":{"start":{"line":30,"column":29},"end":{"line":30,"column":61}},"11":{"start":{"line":31,"column":27},"end":{"line":31,"column":57}},"12":{"start":{"line":32,"column":26},"end":{"line":32,"column":55}},"13":{"start":{"line":33,"column":29},"end":{"line":33,"column":61}},"14":{"start":{"line":40,"column":29},"end":{"line":40,"column":30}},"15":{"start":{"line":41,"column":30},"end":{"line":41,"column":31}},"16":{"start":{"line":55,"column":16},"end":{"line":55,"column":48}},"17":{"start":{"line":58,"column":16},"end":{"line":62,"column":null}},"18":{"start":{"line":74,"column":38},"end":{"line":74,"column":40}},"19":{"start":{"line":76,"column":12},"end":{"line":143,"column":15}},"20":{"start":{"line":82,"column":24},"end":{"line":84,"column":27}},"21":{"start":{"line":83,"column":28},"end":{"line":83,"column":120}},"22":{"start":{"line":88,"column":28},"end":{"line":88,"column":69}},"23":{"start":{"line":94,"column":49},"end":{"line":96,"column":32}},"24":{"start":{"line":95,"column":32},"end":{"line":95,"column":null}},"25":{"start":{"line":100,"column":32},"end":{"line":100,"column":64}},"26":{"start":{"line":103,"column":32},"end":{"line":103,"column":64}},"27":{"start":{"line":119,"column":28},"end":{"line":123,"column":null}},"28":{"start":{"line":128,"column":24},"end":{"line":132,"column":null}},"29":{"start":{"line":136,"column":20},"end":{"line":136,"column":41}},"30":{"start":{"line":137,"column":20},"end":{"line":141,"column":null}},"31":{"start":{"line":147,"column":16},"end":{"line":189,"column":19}},"32":{"start":{"line":153,"column":28},"end":{"line":155,"column":31}},"33":{"start":{"line":154,"column":32},"end":{"line":154,"column":71}},"34":{"start":{"line":159,"column":32},"end":{"line":159,"column":59}},"35":{"start":{"line":162,"column":32},"end":{"line":162,"column":73}},"36":{"start":{"line":165,"column":32},"end":{"line":169,"column":null}},"37":{"start":{"line":174,"column":28},"end":{"line":178,"column":null}},"38":{"start":{"line":182,"column":24},"end":{"line":182,"column":45}},"39":{"start":{"line":183,"column":24},"end":{"line":187,"column":null}},"40":{"start":{"line":194,"column":31},"end":{"line":194,"column":59}},"41":{"start":{"line":197,"column":20},"end":{"line":197,"column":62}},"42":{"start":{"line":202,"column":20},"end":{"line":202,"column":65}},"43":{"start":{"line":205,"column":16},"end":{"line":205,"column":46}},"44":{"start":{"line":221,"column":32},"end":{"line":221,"column":90}},"45":{"start":{"line":222,"column":29},"end":{"line":222,"column":88}},"46":{"start":{"line":223,"column":32},"end":{"line":223,"column":87}},"47":{"start":{"line":226,"column":31},"end":{"line":226,"column":95}},"48":{"start":{"line":227,"column":32},"end":{"line":227,"column":61}},"49":{"start":{"line":230,"column":20},"end":{"line":230,"column":57}},"50":{"start":{"line":231,"column":20},"end":{"line":231,"column":58}},"51":{"start":{"line":238,"column":28},"end":{"line":238,"column":62}},"52":{"start":{"line":240,"column":12},"end":{"line":243,"column":15}},"53":{"start":{"line":244,"column":12},"end":{"line":247,"column":15}},"54":{"start":{"line":248,"column":12},"end":{"line":252,"column":15}},"55":{"start":{"line":253,"column":12},"end":{"line":257,"column":15}},"56":{"start":{"line":260,"column":12},"end":{"line":260,"column":38}},"57":{"start":{"line":261,"column":12},"end":{"line":261,"column":34}},"58":{"start":{"line":265,"column":12},"end":{"line":265,"column":42}},"59":{"start":{"line":266,"column":12},"end":{"line":266,"column":38}},"60":{"start":{"line":269,"column":12},"end":{"line":273,"column":15}},"61":{"start":{"line":274,"column":12},"end":{"line":278,"column":15}},"62":{"start":{"line":281,"column":12},"end":{"line":281,"column":38}},"63":{"start":{"line":282,"column":12},"end":{"line":282,"column":34}},"64":{"start":{"line":285,"column":8},"end":{"line":366,"column":11}},"65":{"start":{"line":293,"column":35},"end":{"line":295,"column":37}},"66":{"start":{"line":294,"column":24},"end":{"line":294,"column":47}},"67":{"start":{"line":302,"column":32},"end":{"line":302,"column":180}},"68":{"start":{"line":305,"column":32},"end":{"line":305,"column":213}},"69":{"start":{"line":311,"column":32},"end":{"line":311,"column":141}},"70":{"start":{"line":314,"column":32},"end":{"line":314,"column":174}},"71":{"start":{"line":320,"column":28},"end":{"line":320,"column":186}},"72":{"start":{"line":323,"column":28},"end":{"line":323,"column":133}},"73":{"start":{"line":327,"column":24},"end":{"line":327,"column":138}},"74":{"start":{"line":332,"column":24},"end":{"line":332,"column":88}},"75":{"start":{"line":335,"column":24},"end":{"line":335,"column":87}},"76":{"start":{"line":338,"column":20},"end":{"line":338,"column":69}},"77":{"start":{"line":339,"column":20},"end":{"line":339,"column":87}},"78":{"start":{"line":343,"column":20},"end":{"line":348,"column":23}},"79":{"start":{"line":351,"column":20},"end":{"line":355,"column":null}},"80":{"start":{"line":359,"column":16},"end":{"line":359,"column":37}},"81":{"start":{"line":360,"column":16},"end":{"line":364,"column":null}},"82":{"start":{"line":368,"column":23},"end":{"line":368,"column":51}},"83":{"start":{"line":371,"column":12},"end":{"line":371,"column":54}},"84":{"start":{"line":376,"column":12},"end":{"line":376,"column":57}},"85":{"start":{"line":379,"column":8},"end":{"line":379,"column":38}}},"fnMap":{"0":{"name":"(anonymous_6)","decl":{"start":{"line":11,"column":4},"end":{"line":11,"column":13}},"loc":{"start":{"line":11,"column":40},"end":{"line":13,"column":5}}},"1":{"name":"(anonymous_9)","decl":{"start":{"line":80,"column":27},"end":{"line":80,"column":28}},"loc":{"start":{"line":80,"column":96},"end":{"line":134,"column":17}}},"2":{"name":"(anonymous_10)","decl":{"start":{"line":82,"column":51},"end":{"line":82,"column":59}},"loc":{"start":{"line":82,"column":62},"end":{"line":84,"column":25}}},"3":{"name":"(anonymous_11)","decl":{"start":{"line":94,"column":74},"end":{"line":94,"column":75}},"loc":{"start":{"line":94,"column":78},"end":{"line":96,"column":29}}},"4":{"name":"(anonymous_12)","decl":{"start":{"line":135,"column":25},"end":{"line":135,"column":26}},"loc":{"start":{"line":135,"column":35},"end":{"line":142,"column":17}}},"5":{"name":"(anonymous_13)","decl":{"start":{"line":151,"column":31},"end":{"line":151,"column":32}},"loc":{"start":{"line":151,"column":102},"end":{"line":180,"column":21}}},"6":{"name":"(anonymous_14)","decl":{"start":{"line":153,"column":55},"end":{"line":153,"column":67}},"loc":{"start":{"line":153,"column":70},"end":{"line":155,"column":29}}},"7":{"name":"(anonymous_15)","decl":{"start":{"line":181,"column":29},"end":{"line":181,"column":30}},"loc":{"start":{"line":181,"column":39},"end":{"line":188,"column":21}}},"8":{"name":"(anonymous_16)","decl":{"start":{"line":289,"column":23},"end":{"line":289,"column":24}},"loc":{"start":{"line":289,"column":89},"end":{"line":357,"column":13}}},"9":{"name":"(anonymous_17)","decl":{"start":{"line":293,"column":89},"end":{"line":293,"column":90}},"loc":{"start":{"line":293,"column":99},"end":{"line":295,"column":21}}},"10":{"name":"(anonymous_18)","decl":{"start":{"line":358,"column":21},"end":{"line":358,"column":22}},"loc":{"start":{"line":358,"column":31},"end":{"line":365,"column":13}}}},"branchMap":{"0":{"loc":{"start":{"line":207,"column":21},"end":{"line":207,"column":77}},"type":"binary-expr","locations":[{"start":{"line":207,"column":21},"end":{"line":207,"column":77}},{"start":{"line":207,"column":81},"end":{"line":207,"column":110}}]},"1":{"loc":{"start":{"line":264,"column":17},"end":{"line":264,"column":42}},"type":"binary-expr","locations":[{"start":{"line":264,"column":17},"end":{"line":264,"column":42}},{"start":{"line":264,"column":46},"end":{"line":264,"column":69}}]},"2":{"loc":{"start":{"line":291,"column":20},"end":{"line":291,"column":46}},"type":"binary-expr","locations":[{"start":{"line":291,"column":20},"end":{"line":291,"column":46}},{"start":{"line":291,"column":50},"end":{"line":291,"column":71}}]},"3":{"loc":{"start":{"line":297,"column":24},"end":{"line":297,"column":52}},"type":"binary-expr","locations":[{"start":{"line":297,"column":24},"end":{"line":297,"column":52}},{"start":{"line":297,"column":56},"end":{"line":297,"column":82}}]}},"s":{"0":3,"1":3,"2":3,"3":3,"4":3,"5":1,"6":0,"7":0,"8":0,"9":0,"10":0,"11":0,"12":0,"13":0,"14":0,"15":0,"16":0,"17":0,"18":0,"19":0,"20":0,"21":0,"22":0,"23":0,"24":0,"25":0,"26":0,"27":0,"28":0,"29":0,"30":0,"31":0,"32":0,"33":0,"34":0,"35":0,"36":0,"37":0,"38":0,"39":0,"40":0,"41":0,"42":0,"43":0,"44":0,"45":0,"46":0,"47":0,"48":0,"49":0,"50":0,"51":0,"52":0,"53":0,"54":0,"55":0,"56":0,"57":0,"58":0,"59":0,"60":0,"61":0,"62":0,"63":0,"64":0,"65":0,"66":0,"67":0,"68":0,"69":0,"70":0,"71":0,"72":0,"73":0,"74":0,"75":0,"76":0,"77":0,"78":0,"79":0,"80":0,"81":0,"82":0,"83":0,"84":0,"85":0},"f":{"0":1,"1":0,"2":0,"3":0,"4":0,"5":0,"6":0,"7":0,"8":0,"9":0,"10":0},"b":{"0":[0,0],"1":[0,0],"2":[0,0],"3":[0,0]}}
,"C:\\Projects\\odh-voice-assistant\\lambda\\custom\\intents\\FindMunicipality\\index.ts": {"path":"C:\\Projects\\odh-voice-assistant\\lambda\\custom\\intents\\FindMunicipality\\index.ts","statementMap":{"0":{"start":{"line":3,"column":0},"end":{"line":3,"column":67}},"1":{"start":{"line":4,"column":0},"end":{"line":4,"column":69}},"2":{"start":{"line":5,"column":0},"end":{"line":5,"column":49}},"3":{"start":{"line":7,"column":13},"end":{"line":49,"column":null}},"4":{"start":{"line":9,"column":8},"end":{"line":9,"column":69}},"5":{"start":{"line":13,"column":34},"end":{"line":13,"column":87}},"6":{"start":{"line":14,"column":40},"end":{"line":14,"column":93}},"7":{"start":{"line":15,"column":22},"end":{"line":15,"column":56}},"8":{"start":{"line":17,"column":33},"end":{"line":17,"column":69}},"9":{"start":{"line":21,"column":46},"end":{"line":23,"column":14}},"10":{"start":{"line":22,"column":16},"end":{"line":22,"column":60}},"11":{"start":{"line":27,"column":16},"end":{"line":32,"column":19}},"12":{"start":{"line":34,"column":16},"end":{"line":34,"column":61}},"13":{"start":{"line":37,"column":16},"end":{"line":40,"column":35}},"14":{"start":{"line":44,"column":8},"end":{"line":47,"column":27}}},"fnMap":{"0":{"name":"(anonymous_6)","decl":{"start":{"line":8,"column":4},"end":{"line":8,"column":13}},"loc":{"start":{"line":8,"column":40},"end":{"line":10,"column":5}}},"1":{"name":"(anonymous_9)","decl":{"start":{"line":21,"column":73},"end":{"line":21,"column":74}},"loc":{"start":{"line":21,"column":98},"end":{"line":23,"column":13}}}},"branchMap":{"0":{"loc":{"start":{"line":19,"column":12},"end":{"line":19,"column":36}},"type":"binary-expr","locations":[{"start":{"line":19,"column":12},"end":{"line":19,"column":36}},{"start":{"line":19,"column":40},"end":{"line":19,"column":73}}]}},"s":{"0":3,"1":3,"2":3,"3":3,"4":1,"5":0,"6":0,"7":0,"8":0,"9":0,"10":0,"11":0,"12":0,"13":0,"14":0},"f":{"0":1,"1":0},"b":{"0":[0,0]}}
,"C:\\Projects\\odh-voice-assistant\\lambda\\custom\\intents\\Gastronomy\\list.ts": {"path":"C:\\Projects\\odh-voice-assistant\\lambda\\custom\\intents\\Gastronomy\\list.ts","statementMap":{"0":{"start":{"line":3,"column":0},"end":{"line":3,"column":118}},"1":{"start":{"line":4,"column":0},"end":{"line":4,"column":130}},"2":{"start":{"line":8,"column":0},"end":{"line":8,"column":78}},"3":{"start":{"line":10,"column":13},"end":{"line":353,"column":null}},"4":{"start":{"line":12,"column":8},"end":{"line":12,"column":67}},"5":{"start":{"line":16,"column":32},"end":{"line":16,"column":66}},"6":{"start":{"line":19,"column":21},"end":{"line":19,"column":31}},"7":{"start":{"line":28,"column":34},"end":{"line":28,"column":87}},"8":{"start":{"line":29,"column":35},"end":{"line":29,"column":73}},"9":{"start":{"line":30,"column":33},"end":{"line":30,"column":69}},"10":{"start":{"line":31,"column":29},"end":{"line":31,"column":61}},"11":{"start":{"line":33,"column":29},"end":{"line":33,"column":30}},"12":{"start":{"line":34,"column":30},"end":{"line":34,"column":31}},"13":{"start":{"line":49,"column":39},"end":{"line":49,"column":71}},"14":{"start":{"line":54,"column":28},"end":{"line":54,"column":72}},"15":{"start":{"line":55,"column":28},"end":{"line":55,"column":34}},"16":{"start":{"line":57,"column":28},"end":{"line":57,"column":71}},"17":{"start":{"line":58,"column":28},"end":{"line":58,"column":34}},"18":{"start":{"line":62,"column":20},"end":{"line":65,"column":39}},"19":{"start":{"line":69,"column":16},"end":{"line":72,"column":35}},"20":{"start":{"line":78,"column":16},"end":{"line":78,"column":62}},"21":{"start":{"line":81,"column":16},"end":{"line":84,"column":35}},"22":{"start":{"line":96,"column":38},"end":{"line":96,"column":40}},"23":{"start":{"line":98,"column":12},"end":{"line":165,"column":15}},"24":{"start":{"line":104,"column":24},"end":{"line":106,"column":27}},"25":{"start":{"line":105,"column":28},"end":{"line":105,"column":120}},"26":{"start":{"line":110,"column":28},"end":{"line":110,"column":69}},"27":{"start":{"line":116,"column":49},"end":{"line":118,"column":32}},"28":{"start":{"line":117,"column":32},"end":{"line":117,"column":null}},"29":{"start":{"line":122,"column":32},"end":{"line":122,"column":64}},"30":{"start":{"line":125,"column":32},"end":{"line":125,"column":64}},"31":{"start":{"line":141,"column":28},"end":{"line":145,"column":null}},"32":{"start":{"line":150,"column":24},"end":{"line":154,"column":null}},"33":{"start":{"line":158,"column":20},"end":{"line":158,"column":41}},"34":{"start":{"line":159,"column":20},"end":{"line":163,"column":null}},"35":{"start":{"line":169,"column":16},"end":{"line":211,"column":19}},"36":{"start":{"line":175,"column":28},"end":{"line":177,"column":31}},"37":{"start":{"line":176,"column":32},"end":{"line":176,"column":71}},"38":{"start":{"line":181,"column":32},"end":{"line":181,"column":59}},"39":{"start":{"line":184,"column":32},"end":{"line":184,"column":73}},"40":{"start":{"line":187,"column":32},"end":{"line":191,"column":null}},"41":{"start":{"line":196,"column":28},"end":{"line":200,"column":null}},"42":{"start":{"line":204,"column":24},"end":{"line":204,"column":45}},"43":{"start":{"line":205,"column":24},"end":{"line":209,"column":null}},"44":{"start":{"line":216,"column":31},"end":{"line":216,"column":59}},"45":{"start":{"line":219,"column":20},"end":{"line":219,"column":62}},"46":{"start":{"line":224,"column":20},"end":{"line":224,"column":65}},"47":{"start":{"line":227,"column":16},"end":{"line":227,"column":46}},"48":{"start":{"line":243,"column":32},"end":{"line":243,"column":90}},"49":{"start":{"line":244,"column":29},"end":{"line":244,"column":88}},"50":{"start":{"line":245,"column":32},"end":{"line":245,"column":87}},"51":{"start":{"line":248,"column":31},"end":{"line":248,"column":95}},"52":{"start":{"line":249,"column":32},"end":{"line":249,"column":61}},"53":{"start":{"line":252,"column":20},"end":{"line":252,"column":57}},"54":{"start":{"line":253,"column":20},"end":{"line":253,"column":58}},"55":{"start":{"line":263,"column":8},"end":{"line":338,"column":11}},"56":{"start":{"line":271,"column":41},"end":{"line":273,"column":37}},"57":{"start":{"line":272,"column":24},"end":{"line":272,"column":47}},"58":{"start":{"line":276,"column":24},"end":{"line":276,"column":80}},"59":{"start":{"line":277,"column":24},"end":{"line":277,"column":82}},"60":{"start":{"line":278,"column":24},"end":{"line":278,"column":90}},"61":{"start":{"line":280,"column":28},"end":{"line":280,"column":251}},"62":{"start":{"line":283,"column":28},"end":{"line":283,"column":198}},"63":{"start":{"line":286,"column":28},"end":{"line":286,"column":198}},"64":{"start":{"line":289,"column":28},"end":{"line":289,"column":152}},"65":{"start":{"line":293,"column":24},"end":{"line":293,"column":143}},"66":{"start":{"line":296,"column":24},"end":{"line":296,"column":147}},"67":{"start":{"line":299,"column":24},"end":{"line":299,"column":103}},"68":{"start":{"line":304,"column":24},"end":{"line":304,"column":93}},"69":{"start":{"line":307,"column":24},"end":{"line":307,"column":92}},"70":{"start":{"line":310,"column":20},"end":{"line":310,"column":75}},"71":{"start":{"line":311,"column":20},"end":{"line":311,"column":87}},"72":{"start":{"line":315,"column":20},"end":{"line":320,"column":23}},"73":{"start":{"line":323,"column":20},"end":{"line":327,"column":null}},"74":{"start":{"line":331,"column":16},"end":{"line":331,"column":37}},"75":{"start":{"line":332,"column":16},"end":{"line":336,"column":null}},"76":{"start":{"line":340,"column":23},"end":{"line":340,"column":51}},"77":{"start":{"line":343,"column":12},"end":{"line":343,"column":54}},"78":{"start":{"line":348,"column":12},"end":{"line":348,"column":57}},"79":{"start":{"line":351,"column":8},"end":{"line":351,"column":38}}},"fnMap":{"0":{"name":"(anonymous_6)","decl":{"start":{"line":11,"column":4},"end":{"line":11,"column":13}},"loc":{"start":{"line":11,"column":40},"end":{"line":13,"column":5}}},"1":{"name":"(anonymous_9)","decl":{"start":{"line":102,"column":27},"end":{"line":102,"column":28}},"loc":{"start":{"line":102,"column":96},"end":{"line":156,"column":17}}},"2":{"name":"(anonymous_10)","decl":{"start":{"line":104,"column":51},"end":{"line":104,"column":59}},"loc":{"start":{"line":104,"column":62},"end":{"line":106,"column":25}}},"3":{"name":"(anonymous_11)","decl":{"start":{"line":116,"column":74},"end":{"line":116,"column":75}},"loc":{"start":{"line":116,"column":78},"end":{"line":118,"column":29}}},"4":{"name":"(anonymous_12)","decl":{"start":{"line":157,"column":25},"end":{"line":157,"column":26}},"loc":{"start":{"line":157,"column":35},"end":{"line":164,"column":17}}},"5":{"name":"(anonymous_13)","decl":{"start":{"line":173,"column":31},"end":{"line":173,"column":32}},"loc":{"start":{"line":173,"column":102},"end":{"line":202,"column":21}}},"6":{"name":"(anonymous_14)","decl":{"start":{"line":175,"column":55},"end":{"line":175,"column":67}},"loc":{"start":{"line":175,"column":70},"end":{"line":177,"column":29}}},"7":{"name":"(anonymous_15)","decl":{"start":{"line":203,"column":29},"end":{"line":203,"column":30}},"loc":{"start":{"line":203,"column":39},"end":{"line":210,"column":21}}},"8":{"name":"(anonymous_16)","decl":{"start":{"line":267,"column":23},"end":{"line":267,"column":24}},"loc":{"start":{"line":267,"column":94},"end":{"line":329,"column":13}}},"9":{"name":"(anonymous_17)","decl":{"start":{"line":271,"column":95},"end":{"line":271,"column":96}},"loc":{"start":{"line":271,"column":105},"end":{"line":273,"column":21}}},"10":{"name":"(anonymous_18)","decl":{"start":{"line":330,"column":21},"end":{"line":330,"column":22}},"loc":{"start":{"line":330,"column":31},"end":{"line":337,"column":13}}}},"branchMap":{"0":{"loc":{"start":{"line":53,"column":24},"end":{"line":55,"column":34}},"type":"switch","locations":[{"start":{"line":53,"column":24},"end":{"line":55,"column":34}},{"start":{"line":56,"column":24},"end":{"line":58,"column":34}}]},"1":{"loc":{"start":{"line":229,"column":21},"end":{"line":229,"column":77}},"type":"binary-expr","locations":[{"start":{"line":229,"column":21},"end":{"line":229,"column":77}},{"start":{"line":229,"column":81},"end":{"line":229,"column":110}}]},"2":{"loc":{"start":{"line":269,"column":20},"end":{"line":269,"column":46}},"type":"binary-expr","locations":[{"start":{"line":269,"column":20},"end":{"line":269,"column":46}},{"start":{"line":269,"column":50},"end":{"line":269,"column":71}}]},"3":{"loc":{"start":{"line":275,"column":24},"end":{"line":275,"column":60}},"type":"binary-expr","locations":[{"start":{"line":275,"column":24},"end":{"line":275,"column":60}},{"start":{"line":275,"column":64},"end":{"line":275,"column":101}}]},"4":{"loc":{"start":{"line":279,"column":28},"end":{"line":279,"column":56}},"type":"binary-expr","locations":[{"start":{"line":279,"column":28},"end":{"line":279,"column":56}},{"start":{"line":279,"column":60},"end":{"line":279,"column":97}}]}},"s":{"0":3,"1":3,"2":3,"3":3,"4":1,"5":0,"6":0,"7":0,"8":0,"9":0,"10":0,"11":0,"12":0,"13":0,"14":0,"15":0,"16":0,"17":0,"18":0,"19":0,"20":0,"21":0,"22":0,"23":0,"24":0,"25":0,"26":0,"27":0,"28":0,"29":0,"30":0,"31":0,"32":0,"33":0,"34":0,"35":0,"36":0,"37":0,"38":0,"39":0,"40":0,"41":0,"42":0,"43":0,"44":0,"45":0,"46":0,"47":0,"48":0,"49":0,"50":0,"51":0,"52":0,"53":0,"54":0,"55":0,"56":0,"57":0,"58":0,"59":0,"60":0,"61":0,"62":0,"63":0,"64":0,"65":0,"66":0,"67":0,"68":0,"69":0,"70":0,"71":0,"72":0,"73":0,"74":0,"75":0,"76":0,"77":0,"78":0,"79":0},"f":{"0":1,"1":0,"2":0,"3":0,"4":0,"5":0,"6":0,"7":0,"8":0,"9":0,"10":0},"b":{"0":[0,0],"1":[0,0],"2":[0,0],"3":[0,0],"4":[0,0]}}
,"C:\\Projects\\odh-voice-assistant\\lambda\\custom\\intents\\LoadMore\\index.ts": {"path":"C:\\Projects\\odh-voice-assistant\\lambda\\custom\\intents\\LoadMore\\index.ts","statementMap":{"0":{"start":{"line":3,"column":0},"end":{"line":3,"column":144}},"1":{"start":{"line":4,"column":0},"end":{"line":4,"column":129}},"2":{"start":{"line":7,"column":0},"end":{"line":7,"column":51}},"3":{"start":{"line":9,"column":13},"end":{"line":351,"column":null}},"4":{"start":{"line":11,"column":8},"end":{"line":11,"column":61}},"5":{"start":{"line":15,"column":22},"end":{"line":15,"column":56}},"6":{"start":{"line":16,"column":66},"end":{"line":16,"column":119}},"7":{"start":{"line":29,"column":12},"end":{"line":29,"column":32}},"8":{"start":{"line":33,"column":16},"end":{"line":33,"column":34}},"9":{"start":{"line":36,"column":20},"end":{"line":39,"column":39}},"10":{"start":{"line":43,"column":12},"end":{"line":77,"column":15}},"11":{"start":{"line":51,"column":39},"end":{"line":53,"column":41}},"12":{"start":{"line":52,"column":28},"end":{"line":52,"column":51}},"13":{"start":{"line":55,"column":24},"end":{"line":55,"column":72}},"14":{"start":{"line":57,"column":24},"end":{"line":57,"column":null}},"15":{"start":{"line":59,"column":24},"end":{"line":59,"column":91}},"16":{"start":{"line":62,"column":24},"end":{"line":66,"column":null}},"17":{"start":{"line":70,"column":20},"end":{"line":70,"column":41}},"18":{"start":{"line":71,"column":20},"end":{"line":75,"column":null}},"19":{"start":{"line":83,"column":12},"end":{"line":83,"column":31}},"20":{"start":{"line":87,"column":16},"end":{"line":87,"column":34}},"21":{"start":{"line":90,"column":20},"end":{"line":93,"column":39}},"22":{"start":{"line":97,"column":12},"end":{"line":131,"column":15}},"23":{"start":{"line":105,"column":38},"end":{"line":107,"column":41}},"24":{"start":{"line":106,"column":28},"end":{"line":106,"column":50}},"25":{"start":{"line":109,"column":24},"end":{"line":109,"column":71}},"26":{"start":{"line":111,"column":24},"end":{"line":111,"column":null}},"27":{"start":{"line":113,"column":24},"end":{"line":113,"column":91}},"28":{"start":{"line":116,"column":24},"end":{"line":120,"column":null}},"29":{"start":{"line":124,"column":20},"end":{"line":124,"column":41}},"30":{"start":{"line":125,"column":20},"end":{"line":129,"column":null}},"31":{"start":{"line":137,"column":12},"end":{"line":137,"column":37}},"32":{"start":{"line":141,"column":16},"end":{"line":141,"column":34}},"33":{"start":{"line":144,"column":20},"end":{"line":147,"column":39}},"34":{"start":{"line":151,"column":12},"end":{"line":185,"column":15}},"35":{"start":{"line":159,"column":45},"end":{"line":161,"column":41}},"36":{"start":{"line":160,"column":28},"end":{"line":160,"column":51}},"37":{"start":{"line":163,"column":24},"end":{"line":163,"column":78}},"38":{"start":{"line":165,"column":24},"end":{"line":165,"column":null}},"39":{"start":{"line":167,"column":24},"end":{"line":167,"column":91}},"40":{"start":{"line":170,"column":24},"end":{"line":174,"column":null}},"41":{"start":{"line":178,"column":20},"end":{"line":178,"column":41}},"42":{"start":{"line":179,"column":20},"end":{"line":183,"column":null}},"43":{"start":{"line":191,"column":16},"end":{"line":191,"column":38}},"44":{"start":{"line":194,"column":20},"end":{"line":197,"column":39}},"45":{"start":{"line":201,"column":12},"end":{"line":240,"column":15}},"46":{"start":{"line":209,"column":28},"end":{"line":209,"column":130}},"47":{"start":{"line":212,"column":43},"end":{"line":214,"column":136}},"48":{"start":{"line":213,"column":28},"end":{"line":213,"column":51}},"49":{"start":{"line":216,"column":24},"end":{"line":216,"column":76}},"50":{"start":{"line":219,"column":24},"end":{"line":219,"column":null}},"51":{"start":{"line":221,"column":24},"end":{"line":221,"column":91}},"52":{"start":{"line":225,"column":24},"end":{"line":229,"column":null}},"53":{"start":{"line":233,"column":20},"end":{"line":233,"column":41}},"54":{"start":{"line":234,"column":20},"end":{"line":238,"column":null}},"55":{"start":{"line":244,"column":25},"end":{"line":244,"column":42}},"56":{"start":{"line":248,"column":16},"end":{"line":248,"column":40}},"57":{"start":{"line":251,"column":20},"end":{"line":254,"column":39}},"58":{"start":{"line":258,"column":12},"end":{"line":335,"column":15}},"59":{"start":{"line":266,"column":24},"end":{"line":271,"column":27}},"60":{"start":{"line":283,"column":24},"end":{"line":283,"column":153}},"61":{"start":{"line":285,"column":24},"end":{"line":285,"column":92}},"62":{"start":{"line":287,"column":24},"end":{"line":310,"column":27}},"63":{"start":{"line":291,"column":32},"end":{"line":295,"column":35}},"64":{"start":{"line":298,"column":32},"end":{"line":302,"column":35}},"65":{"start":{"line":305,"column":32},"end":{"line":308,"column":null}},"66":{"start":{"line":314,"column":28},"end":{"line":314,"column":109}},"67":{"start":{"line":317,"column":24},"end":{"line":317,"column":78}},"68":{"start":{"line":320,"column":24},"end":{"line":324,"column":null}},"69":{"start":{"line":328,"column":20},"end":{"line":328,"column":41}},"70":{"start":{"line":329,"column":20},"end":{"line":333,"column":null}},"71":{"start":{"line":338,"column":23},"end":{"line":338,"column":51}},"72":{"start":{"line":341,"column":12},"end":{"line":341,"column":54}},"73":{"start":{"line":345,"column":12},"end":{"line":345,"column":57}},"74":{"start":{"line":349,"column":8},"end":{"line":349,"column":38}}},"fnMap":{"0":{"name":"(anonymous_6)","decl":{"start":{"line":10,"column":4},"end":{"line":10,"column":13}},"loc":{"start":{"line":10,"column":40},"end":{"line":12,"column":5}}},"1":{"name":"(anonymous_9)","decl":{"start":{"line":47,"column":27},"end":{"line":47,"column":28}},"loc":{"start":{"line":47,"column":93},"end":{"line":68,"column":17}}},"2":{"name":"(anonymous_10)","decl":{"start":{"line":51,"column":93},"end":{"line":51,"column":94}},"loc":{"start":{"line":51,"column":103},"end":{"line":53,"column":25}}},"3":{"name":"(anonymous_11)","decl":{"start":{"line":69,"column":25},"end":{"line":69,"column":26}},"loc":{"start":{"line":69,"column":35},"end":{"line":76,"column":17}}},"4":{"name":"(anonymous_12)","decl":{"start":{"line":101,"column":27},"end":{"line":101,"column":28}},"loc":{"start":{"line":101,"column":91},"end":{"line":122,"column":17}}},"5":{"name":"(anonymous_13)","decl":{"start":{"line":105,"column":92},"end":{"line":105,"column":93}},"loc":{"start":{"line":105,"column":101},"end":{"line":107,"column":25}}},"6":{"name":"(anonymous_14)","decl":{"start":{"line":123,"column":25},"end":{"line":123,"column":26}},"loc":{"start":{"line":123,"column":35},"end":{"line":130,"column":17}}},"7":{"name":"(anonymous_15)","decl":{"start":{"line":155,"column":27},"end":{"line":155,"column":28}},"loc":{"start":{"line":155,"column":98},"end":{"line":176,"column":17}}},"8":{"name":"(anonymous_16)","decl":{"start":{"line":159,"column":99},"end":{"line":159,"column":100}},"loc":{"start":{"line":159,"column":109},"end":{"line":161,"column":25}}},"9":{"name":"(anonymous_17)","decl":{"start":{"line":177,"column":25},"end":{"line":177,"column":26}},"loc":{"start":{"line":177,"column":35},"end":{"line":184,"column":17}}},"10":{"name":"(anonymous_18)","decl":{"start":{"line":205,"column":27},"end":{"line":205,"column":28}},"loc":{"start":{"line":205,"column":91},"end":{"line":231,"column":17}}},"11":{"name":"(anonymous_19)","decl":{"start":{"line":212,"column":97},"end":{"line":212,"column":98}},"loc":{"start":{"line":212,"column":112},"end":{"line":214,"column":25}}},"12":{"name":"(anonymous_20)","decl":{"start":{"line":232,"column":25},"end":{"line":232,"column":26}},"loc":{"start":{"line":232,"column":35},"end":{"line":239,"column":17}}},"13":{"name":"(anonymous_21)","decl":{"start":{"line":261,"column":27},"end":{"line":261,"column":28}},"loc":{"start":{"line":261,"column":90},"end":{"line":326,"column":17}}},"14":{"name":"(anonymous_22)","decl":{"start":{"line":287,"column":41},"end":{"line":287,"column":49}},"loc":{"start":{"line":287,"column":52},"end":{"line":310,"column":25}}},"15":{"name":"(anonymous_23)","decl":{"start":{"line":327,"column":25},"end":{"line":327,"column":26}},"loc":{"start":{"line":327,"column":35},"end":{"line":334,"column":17}}}},"branchMap":{"0":{"loc":{"start":{"line":57,"column":96},"end":{"line":57,"column":128}},"type":"cond-expr","locations":[{"start":{"line":57,"column":96},"end":{"line":57,"column":128}},{"start":{"line":57,"column":131},"end":{"line":57,"column":162}}]},"1":{"loc":{"start":{"line":111,"column":96},"end":{"line":111,"column":128}},"type":"cond-expr","locations":[{"start":{"line":111,"column":96},"end":{"line":111,"column":128}},{"start":{"line":111,"column":131},"end":{"line":111,"column":162}}]},"2":{"loc":{"start":{"line":165,"column":96},"end":{"line":165,"column":133}},"type":"cond-expr","locations":[{"start":{"line":165,"column":96},"end":{"line":165,"column":133}},{"start":{"line":165,"column":136},"end":{"line":165,"column":172}}]},"3":{"loc":{"start":{"line":208,"column":28},"end":{"line":208,"column":59}},"type":"binary-expr","locations":[{"start":{"line":208,"column":28},"end":{"line":208,"column":59}},{"start":{"line":208,"column":63},"end":{"line":208,"column":92}}]},"4":{"loc":{"start":{"line":219,"column":100},"end":{"line":219,"column":135}},"type":"cond-expr","locations":[{"start":{"line":219,"column":100},"end":{"line":219,"column":135}},{"start":{"line":219,"column":138},"end":{"line":219,"column":172}}]}},"s":{"0":3,"1":3,"2":3,"3":3,"4":1,"5":0,"6":0,"7":0,"8":0,"9":0,"10":0,"11":0,"12":0,"13":0,"14":0,"15":0,"16":0,"17":0,"18":0,"19":0,"20":0,"21":0,"22":0,"23":0,"24":0,"25":0,"26":0,"27":0,"28":0,"29":0,"30":0,"31":0,"32":0,"33":0,"34":0,"35":0,"36":0,"37":0,"38":0,"39":0,"40":0,"41":0,"42":0,"43":0,"44":0,"45":0,"46":0,"47":0,"48":0,"49":0,"50":0,"51":0,"52":0,"53":0,"54":0,"55":0,"56":0,"57":0,"58":0,"59":0,"60":0,"61":0,"62":0,"63":0,"64":0,"65":0,"66":0,"67":0,"68":0,"69":0,"70":0,"71":0,"72":0,"73":0,"74":0},"f":{"0":1,"1":0,"2":0,"3":0,"4":0,"5":0,"6":0,"7":0,"8":0,"9":0,"10":0,"11":0,"12":0,"13":0,"14":0,"15":0},"b":{"0":[0,0],"1":[0,0],"2":[0,0],"3":[0,0],"4":[0,0]}}
,"C:\\Projects\\odh-voice-assistant\\lambda\\custom\\intents\\Pharmacy\\detail.ts": {"path":"C:\\Projects\\odh-voice-assistant\\lambda\\custom\\intents\\Pharmacy\\detail.ts","statementMap":{"0":{"start":{"line":3,"column":0},"end":{"line":3,"column":157}},"1":{"start":{"line":4,"column":0},"end":{"line":4,"column":131}},"2":{"start":{"line":7,"column":13},"end":{"line":189,"column":null}},"3":{"start":{"line":9,"column":8},"end":{"line":9,"column":67}},"4":{"start":{"line":13,"column":32},"end":{"line":13,"column":66}},"5":{"start":{"line":15,"column":21},"end":{"line":15,"column":31}},"6":{"start":{"line":33,"column":34},"end":{"line":33,"column":87}},"7":{"start":{"line":34,"column":22},"end":{"line":34,"column":51}},"8":{"start":{"line":37,"column":12},"end":{"line":173,"column":15}},"9":{"start":{"line":44,"column":24},"end":{"line":49,"column":27}},"10":{"start":{"line":46,"column":32},"end":{"line":46,"column":114}},"11":{"start":{"line":48,"column":28},"end":{"line":48,"column":41}},"12":{"start":{"line":51,"column":24},"end":{"line":51,"column":null}},"13":{"start":{"line":52,"column":24},"end":{"line":52,"column":null}},"14":{"start":{"line":55,"column":28},"end":{"line":59,"column":null}},"15":{"start":{"line":62,"column":45},"end":{"line":62,"column":62}},"16":{"start":{"line":65,"column":32},"end":{"line":70,"column":35}},"17":{"start":{"line":78,"column":32},"end":{"line":135,"column":35}},"18":{"start":{"line":80,"column":40},"end":{"line":84,"column":43}},"19":{"start":{"line":86,"column":40},"end":{"line":90,"column":43}},"20":{"start":{"line":92,"column":40},"end":{"line":95,"column":43}},"21":{"start":{"line":97,"column":58},"end":{"line":97,"column":92}},"22":{"start":{"line":98,"column":40},"end":{"line":98,"column":null}},"23":{"start":{"line":100,"column":40},"end":{"line":132,"column":43}},"24":{"start":{"line":101,"column":80},"end":{"line":101,"column":82}},"25":{"start":{"line":102,"column":80},"end":{"line":102,"column":82}},"26":{"start":{"line":105,"column":44},"end":{"line":110,"column":47}},"27":{"start":{"line":106,"column":64},"end":{"line":106,"column":90}},"28":{"start":{"line":108,"column":52},"end":{"line":108,"column":79}},"29":{"start":{"line":112,"column":44},"end":{"line":128,"column":47}},"30":{"start":{"line":113,"column":61},"end":{"line":117,"column":50}},"31":{"start":{"line":118,"column":59},"end":{"line":122,"column":50}},"32":{"start":{"line":124,"column":48},"end":{"line":127,"column":52}},"33":{"start":{"line":130,"column":44},"end":{"line":130,"column":97}},"34":{"start":{"line":131,"column":44},"end":{"line":131,"column":163}},"35":{"start":{"line":138,"column":32},"end":{"line":138,"column":117}},"36":{"start":{"line":143,"column":32},"end":{"line":143,"column":null}},"37":{"start":{"line":146,"column":28},"end":{"line":146,"column":82}},"38":{"start":{"line":147,"column":28},"end":{"line":147,"column":82}},"39":{"start":{"line":150,"column":28},"end":{"line":154,"column":null}},"40":{"start":{"line":158,"column":24},"end":{"line":162,"column":null}},"41":{"start":{"line":166,"column":20},"end":{"line":166,"column":41}},"42":{"start":{"line":167,"column":20},"end":{"line":171,"column":null}},"43":{"start":{"line":176,"column":23},"end":{"line":176,"column":51}},"44":{"start":{"line":179,"column":12},"end":{"line":179,"column":54}},"45":{"start":{"line":183,"column":12},"end":{"line":183,"column":57}},"46":{"start":{"line":187,"column":8},"end":{"line":187,"column":38}}},"fnMap":{"0":{"name":"(anonymous_6)","decl":{"start":{"line":8,"column":4},"end":{"line":8,"column":13}},"loc":{"start":{"line":8,"column":40},"end":{"line":10,"column":5}}},"1":{"name":"(anonymous_9)","decl":{"start":{"line":41,"column":27},"end":{"line":41,"column":28}},"loc":{"start":{"line":41,"column":91},"end":{"line":164,"column":17}}},"2":{"name":"(anonymous_10)","decl":{"start":{"line":44,"column":63},"end":{"line":44,"column":71}},"loc":{"start":{"line":44,"column":74},"end":{"line":49,"column":25}}},"3":{"name":"(anonymous_11)","decl":{"start":{"line":78,"column":67},"end":{"line":78,"column":75}},"loc":{"start":{"line":78,"column":78},"end":{"line":135,"column":33}}},"4":{"name":"(anonymous_12)","decl":{"start":{"line":100,"column":60},"end":{"line":100,"column":61}},"loc":{"start":{"line":100,"column":64},"end":{"line":132,"column":41}}},"5":{"name":"(anonymous_13)","decl":{"start":{"line":105,"column":82},"end":{"line":105,"column":85}},"loc":{"start":{"line":105,"column":88},"end":{"line":110,"column":45}}},"6":{"name":"(anonymous_14)","decl":{"start":{"line":112,"column":85},"end":{"line":112,"column":91}},"loc":{"start":{"line":112,"column":94},"end":{"line":128,"column":45}}},"7":{"name":"(anonymous_15)","decl":{"start":{"line":165,"column":25},"end":{"line":165,"column":26}},"loc":{"start":{"line":165,"column":35},"end":{"line":172,"column":17}}}},"branchMap":{"0":{"loc":{"start":{"line":43,"column":24},"end":{"line":43,"column":50}},"type":"binary-expr","locations":[{"start":{"line":43,"column":24},"end":{"line":43,"column":50}},{"start":{"line":43,"column":54},"end":{"line":43,"column":75}}]},"1":{"loc":{"start":{"line":64,"column":32},"end":{"line":64,"column":70}},"type":"binary-expr","locations":[{"start":{"line":64,"column":32},"end":{"line":64,"column":70}},{"start":{"line":64,"column":74},"end":{"line":64,"column":112}},{"start":{"line":64,"column":116},"end":{"line":64,"column":142}}]},"2":{"loc":{"start":{"line":73,"column":32},"end":{"line":73,"column":67}},"type":"binary-expr","locations":[{"start":{"line":73,"column":32},"end":{"line":73,"column":67}},{"start":{"line":73,"column":71},"end":{"line":73,"column":104}}]}},"s":{"0":3,"1":3,"2":3,"3":1,"4":0,"5":0,"6":0,"7":0,"8":0,"9":0,"10":0,"11":0,"12":0,"13":0,"14":0,"15":0,"16":0,"17":0,"18":0,"19":0,"20":0,"21":0,"22":0,"23":0,"24":0,"25":0,"26":0,"27":0,"28":0,"29":0,"30":0,"31":0,"32":0,"33":0,"34":0,"35":0,"36":0,"37":0,"38":0,"39":0,"40":0,"41":0,"42":0,"43":0,"44":0,"45":0,"46":0},"f":{"0":1,"1":0,"2":0,"3":0,"4":0,"5":0,"6":0,"7":0},"b":{"0":[0,0],"1":[0,0,0],"2":[0,0]}}
,"C:\\Projects\\odh-voice-assistant\\lambda\\custom\\intents\\Pharmacy\\index.ts": {"path":"C:\\Projects\\odh-voice-assistant\\lambda\\custom\\intents\\Pharmacy\\index.ts","statementMap":{"0":{"start":{"line":1,"column":0},"end":{"line":1,"column":23}},"1":{"start":{"line":2,"column":0},"end":{"line":2,"column":25}}},"fnMap":{},"branchMap":{},"s":{"0":3,"1":3},"f":{},"b":{}}
,"C:\\Projects\\odh-voice-assistant\\lambda\\custom\\intents\\Pharmacy\\list.ts": {"path":"C:\\Projects\\odh-voice-assistant\\lambda\\custom\\intents\\Pharmacy\\list.ts","statementMap":{"0":{"start":{"line":3,"column":0},"end":{"line":3,"column":156}},"1":{"start":{"line":4,"column":0},"end":{"line":4,"column":114}},"2":{"start":{"line":7,"column":0},"end":{"line":7,"column":55}},"3":{"start":{"line":8,"column":0},"end":{"line":8,"column":78}},"4":{"start":{"line":10,"column":13},"end":{"line":364,"column":null}},"5":{"start":{"line":12,"column":8},"end":{"line":12,"column":61}},"6":{"start":{"line":16,"column":32},"end":{"line":16,"column":66}},"7":{"start":{"line":18,"column":21},"end":{"line":18,"column":31}},"8":{"start":{"line":27,"column":34},"end":{"line":27,"column":87}},"9":{"start":{"line":28,"column":27},"end":{"line":28,"column":57}},"10":{"start":{"line":29,"column":29},"end":{"line":29,"column":61}},"11":{"start":{"line":30,"column":27},"end":{"line":30,"column":57}},"12":{"start":{"line":31,"column":29},"end":{"line":31,"column":61}},"13":{"start":{"line":38,"column":29},"end":{"line":38,"column":30}},"14":{"start":{"line":39,"column":30},"end":{"line":39,"column":35}},"15":{"start":{"line":52,"column":35},"end":{"line":52,"column":36}},"16":{"start":{"line":53,"column":33},"end":{"line":53,"column":34}},"17":{"start":{"line":63,"column":38},"end":{"line":63,"column":40}},"18":{"start":{"line":65,"column":12},"end":{"line":132,"column":15}},"19":{"start":{"line":71,"column":24},"end":{"line":73,"column":27}},"20":{"start":{"line":72,"column":28},"end":{"line":72,"column":120}},"21":{"start":{"line":77,"column":28},"end":{"line":77,"column":69}},"22":{"start":{"line":83,"column":49},"end":{"line":85,"column":32}},"23":{"start":{"line":84,"column":32},"end":{"line":84,"column":null}},"24":{"start":{"line":89,"column":32},"end":{"line":89,"column":64}},"25":{"start":{"line":92,"column":32},"end":{"line":92,"column":64}},"26":{"start":{"line":108,"column":28},"end":{"line":112,"column":null}},"27":{"start":{"line":117,"column":24},"end":{"line":121,"column":null}},"28":{"start":{"line":125,"column":20},"end":{"line":125,"column":41}},"29":{"start":{"line":126,"column":20},"end":{"line":130,"column":null}},"30":{"start":{"line":136,"column":16},"end":{"line":178,"column":19}},"31":{"start":{"line":142,"column":28},"end":{"line":144,"column":31}},"32":{"start":{"line":143,"column":32},"end":{"line":143,"column":71}},"33":{"start":{"line":148,"column":32},"end":{"line":148,"column":59}},"34":{"start":{"line":151,"column":32},"end":{"line":151,"column":73}},"35":{"start":{"line":154,"column":32},"end":{"line":158,"column":null}},"36":{"start":{"line":163,"column":28},"end":{"line":167,"column":null}},"37":{"start":{"line":171,"column":24},"end":{"line":171,"column":45}},"38":{"start":{"line":172,"column":24},"end":{"line":176,"column":null}},"39":{"start":{"line":183,"column":31},"end":{"line":183,"column":59}},"40":{"start":{"line":186,"column":20},"end":{"line":186,"column":62}},"41":{"start":{"line":191,"column":20},"end":{"line":191,"column":65}},"42":{"start":{"line":194,"column":16},"end":{"line":194,"column":46}},"43":{"start":{"line":210,"column":32},"end":{"line":210,"column":90}},"44":{"start":{"line":211,"column":29},"end":{"line":211,"column":88}},"45":{"start":{"line":212,"column":32},"end":{"line":212,"column":87}},"46":{"start":{"line":215,"column":31},"end":{"line":215,"column":95}},"47":{"start":{"line":216,"column":32},"end":{"line":216,"column":61}},"48":{"start":{"line":219,"column":20},"end":{"line":219,"column":57}},"49":{"start":{"line":220,"column":20},"end":{"line":220,"column":58}},"50":{"start":{"line":227,"column":28},"end":{"line":227,"column":62}},"51":{"start":{"line":229,"column":12},"end":{"line":232,"column":15}},"52":{"start":{"line":233,"column":12},"end":{"line":236,"column":15}},"53":{"start":{"line":237,"column":12},"end":{"line":241,"column":15}},"54":{"start":{"line":242,"column":12},"end":{"line":246,"column":15}},"55":{"start":{"line":251,"column":12},"end":{"line":251,"column":42}},"56":{"start":{"line":252,"column":12},"end":{"line":252,"column":38}},"57":{"start":{"line":255,"column":12},"end":{"line":259,"column":15}},"58":{"start":{"line":260,"column":12},"end":{"line":264,"column":15}},"59":{"start":{"line":268,"column":8},"end":{"line":349,"column":11}},"60":{"start":{"line":276,"column":24},"end":{"line":276,"column":108}},"61":{"start":{"line":280,"column":32},"end":{"line":280,"column":143}},"62":{"start":{"line":283,"column":32},"end":{"line":283,"column":176}},"63":{"start":{"line":287,"column":28},"end":{"line":291,"column":null}},"64":{"start":{"line":295,"column":24},"end":{"line":295,"column":141}},"65":{"start":{"line":298,"column":24},"end":{"line":298,"column":101}},"66":{"start":{"line":304,"column":28},"end":{"line":304,"column":95}},"67":{"start":{"line":307,"column":28},"end":{"line":307,"column":94}},"68":{"start":{"line":311,"column":43},"end":{"line":313,"column":100}},"69":{"start":{"line":312,"column":28},"end":{"line":312,"column":51}},"70":{"start":{"line":315,"column":24},"end":{"line":315,"column":77}},"71":{"start":{"line":316,"column":24},"end":{"line":316,"column":91}},"72":{"start":{"line":320,"column":24},"end":{"line":329,"column":27}},"73":{"start":{"line":334,"column":20},"end":{"line":338,"column":null}},"74":{"start":{"line":342,"column":16},"end":{"line":342,"column":37}},"75":{"start":{"line":343,"column":16},"end":{"line":347,"column":null}},"76":{"start":{"line":351,"column":23},"end":{"line":351,"column":51}},"77":{"start":{"line":354,"column":12},"end":{"line":354,"column":54}},"78":{"start":{"line":359,"column":12},"end":{"line":359,"column":57}},"79":{"start":{"line":362,"column":8},"end":{"line":362,"column":38}}},"fnMap":{"0":{"name":"(anonymous_6)","decl":{"start":{"line":11,"column":4},"end":{"line":11,"column":13}},"loc":{"start":{"line":11,"column":40},"end":{"line":13,"column":5}}},"1":{"name":"(anonymous_9)","decl":{"start":{"line":69,"column":27},"end":{"line":69,"column":28}},"loc":{"start":{"line":69,"column":96},"end":{"line":123,"column":17}}},"2":{"name":"(anonymous_10)","decl":{"start":{"line":71,"column":51},"end":{"line":71,"column":59}},"loc":{"start":{"line":71,"column":62},"end":{"line":73,"column":25}}},"3":{"name":"(anonymous_11)","decl":{"start":{"line":83,"column":74},"end":{"line":83,"column":75}},"loc":{"start":{"line":83,"column":78},"end":{"line":85,"column":29}}},"4":{"name":"(anonymous_12)","decl":{"start":{"line":124,"column":25},"end":{"line":124,"column":26}},"loc":{"start":{"line":124,"column":35},"end":{"line":131,"column":17}}},"5":{"name":"(anonymous_13)","decl":{"start":{"line":140,"column":31},"end":{"line":140,"column":32}},"loc":{"start":{"line":140,"column":102},"end":{"line":169,"column":21}}},"6":{"name":"(anonymous_14)","decl":{"start":{"line":142,"column":55},"end":{"line":142,"column":67}},"loc":{"start":{"line":142,"column":70},"end":{"line":144,"column":29}}},"7":{"name":"(anonymous_15)","decl":{"start":{"line":170,"column":29},"end":{"line":170,"column":30}},"loc":{"start":{"line":170,"column":39},"end":{"line":177,"column":21}}},"8":{"name":"(anonymous_16)","decl":{"start":{"line":272,"column":23},"end":{"line":272,"column":24}},"loc":{"start":{"line":272,"column":87},"end":{"line":340,"column":13}}},"9":{"name":"(anonymous_17)","decl":{"start":{"line":311,"column":97},"end":{"line":311,"column":98}},"loc":{"start":{"line":311,"column":107},"end":{"line":313,"column":25}}},"10":{"name":"(anonymous_18)","decl":{"start":{"line":341,"column":21},"end":{"line":341,"column":22}},"loc":{"start":{"line":341,"column":31},"end":{"line":348,"column":13}}}},"branchMap":{"0":{"loc":{"start":{"line":196,"column":21},"end":{"line":196,"column":77}},"type":"binary-expr","locations":[{"start":{"line":196,"column":21},"end":{"line":196,"column":77}},{"start":{"line":196,"column":81},"end":{"line":196,"column":110}}]},"1":{"loc":{"start":{"line":250,"column":17},"end":{"line":250,"column":42}},"type":"binary-expr","locations":[{"start":{"line":250,"column":17},"end":{"line":250,"column":42}},{"start":{"line":250,"column":46},"end":{"line":250,"column":69}}]},"2":{"loc":{"start":{"line":274,"column":20},"end":{"line":274,"column":46}},"type":"binary-expr","locations":[{"start":{"line":274,"column":20},"end":{"line":274,"column":46}},{"start":{"line":274,"column":50},"end":{"line":274,"column":71}}]},"3":{"loc":{"start":{"line":275,"column":24},"end":{"line":275,"column":46}},"type":"binary-expr","locations":[{"start":{"line":275,"column":24},"end":{"line":275,"column":46}},{"start":{"line":275,"column":50},"end":{"line":275,"column":70}}]}},"s":{"0":3,"1":3,"2":3,"3":3,"4":3,"5":1,"6":0,"7":0,"8":0,"9":0,"10":0,"11":0,"12":0,"13":0,"14":0,"15":0,"16":0,"17":0,"18":0,"19":0,"20":0,"21":0,"22":0,"23":0,"24":0,"25":0,"26":0,"27":0,"28":0,"29":0,"30":0,"31":0,"32":0,"33":0,"34":0,"35":0,"36":0,"37":0,"38":0,"39":0,"40":0,"41":0,"42":0,"43":0,"44":0,"45":0,"46":0,"47":0,"48":0,"49":0,"50":0,"51":0,"52":0,"53":0,"54":0,"55":0,"56":0,"57":0,"58":0,"59":0,"60":0,"61":0,"62":0,"63":0,"64":0,"65":0,"66":0,"67":0,"68":0,"69":0,"70":0,"71":0,"72":0,"73":0,"74":0,"75":0,"76":0,"77":0,"78":0,"79":0},"f":{"0":1,"1":0,"2":0,"3":0,"4":0,"5":0,"6":0,"7":0,"8":0,"9":0,"10":0},"b":{"0":[0,0],"1":[0,0],"2":[0,0],"3":[0,0]}}
,"C:\\Projects\\odh-voice-assistant\\lambda\\custom\\intents\\Shop\\index.ts": {"path":"C:\\Projects\\odh-voice-assistant\\lambda\\custom\\intents\\Shop\\index.ts","statementMap":{"0":{"start":{"line":1,"column":0},"end":{"line":1,"column":23}}},"fnMap":{},"branchMap":{},"s":{"0":3},"f":{},"b":{}}
,"C:\\Projects\\odh-voice-assistant\\lambda\\custom\\intents\\Shop\\list.ts": {"path":"C:\\Projects\\odh-voice-assistant\\lambda\\custom\\intents\\Shop\\list.ts","statementMap":{"0":{"start":{"line":3,"column":0},"end":{"line":3,"column":118}},"1":{"start":{"line":4,"column":0},"end":{"line":4,"column":114}},"2":{"start":{"line":8,"column":0},"end":{"line":8,"column":78}},"3":{"start":{"line":10,"column":13},"end":{"line":403,"column":null}},"4":{"start":{"line":12,"column":8},"end":{"line":12,"column":57}},"5":{"start":{"line":16,"column":32},"end":{"line":16,"column":66}},"6":{"start":{"line":19,"column":21},"end":{"line":19,"column":31}},"7":{"start":{"line":28,"column":34},"end":{"line":28,"column":87}},"8":{"start":{"line":29,"column":27},"end":{"line":29,"column":57}},"9":{"start":{"line":30,"column":29},"end":{"line":30,"column":61}},"10":{"start":{"line":31,"column":27},"end":{"line":31,"column":57}},"11":{"start":{"line":32,"column":28},"end":{"line":32,"column":59}},"12":{"start":{"line":33,"column":29},"end":{"line":33,"column":61}},"13":{"start":{"line":40,"column":29},"end":{"line":40,"column":30}},"14":{"start":{"line":41,"column":30},"end":{"line":41,"column":31}},"15":{"start":{"line":54,"column":8},"end":{"line":54,"column":49}},"16":{"start":{"line":58,"column":16},"end":{"line":58,"column":46}},"17":{"start":{"line":61,"column":16},"end":{"line":65,"column":null}},"18":{"start":{"line":77,"column":38},"end":{"line":77,"column":40}},"19":{"start":{"line":79,"column":12},"end":{"line":146,"column":15}},"20":{"start":{"line":85,"column":24},"end":{"line":87,"column":27}},"21":{"start":{"line":86,"column":28},"end":{"line":86,"column":120}},"22":{"start":{"line":91,"column":28},"end":{"line":91,"column":69}},"23":{"start":{"line":97,"column":49},"end":{"line":99,"column":32}},"24":{"start":{"line":98,"column":32},"end":{"line":98,"column":null}},"25":{"start":{"line":103,"column":32},"end":{"line":103,"column":64}},"26":{"start":{"line":106,"column":32},"end":{"line":106,"column":64}},"27":{"start":{"line":122,"column":28},"end":{"line":126,"column":null}},"28":{"start":{"line":131,"column":24},"end":{"line":135,"column":null}},"29":{"start":{"line":139,"column":20},"end":{"line":139,"column":41}},"30":{"start":{"line":140,"column":20},"end":{"line":144,"column":null}},"31":{"start":{"line":150,"column":16},"end":{"line":192,"column":19}},"32":{"start":{"line":156,"column":28},"end":{"line":158,"column":31}},"33":{"start":{"line":157,"column":32},"end":{"line":157,"column":71}},"34":{"start":{"line":162,"column":32},"end":{"line":162,"column":59}},"35":{"start":{"line":165,"column":32},"end":{"line":165,"column":73}},"36":{"start":{"line":168,"column":32},"end":{"line":172,"column":null}},"37":{"start":{"line":177,"column":28},"end":{"line":181,"column":null}},"38":{"start":{"line":185,"column":24},"end":{"line":185,"column":45}},"39":{"start":{"line":186,"column":24},"end":{"line":190,"column":null}},"40":{"start":{"line":197,"column":31},"end":{"line":197,"column":59}},"41":{"start":{"line":200,"column":20},"end":{"line":200,"column":62}},"42":{"start":{"line":205,"column":20},"end":{"line":205,"column":65}},"43":{"start":{"line":208,"column":16},"end":{"line":208,"column":46}},"44":{"start":{"line":224,"column":32},"end":{"line":224,"column":90}},"45":{"start":{"line":225,"column":29},"end":{"line":225,"column":88}},"46":{"start":{"line":226,"column":32},"end":{"line":226,"column":87}},"47":{"start":{"line":229,"column":31},"end":{"line":229,"column":95}},"48":{"start":{"line":230,"column":32},"end":{"line":230,"column":61}},"49":{"start":{"line":233,"column":20},"end":{"line":233,"column":57}},"50":{"start":{"line":234,"column":20},"end":{"line":234,"column":58}},"51":{"start":{"line":242,"column":12},"end":{"line":245,"column":31}},"52":{"start":{"line":296,"column":8},"end":{"line":388,"column":11}},"53":{"start":{"line":304,"column":35},"end":{"line":306,"column":37}},"54":{"start":{"line":305,"column":24},"end":{"line":305,"column":47}},"55":{"start":{"line":339,"column":28},"end":{"line":339,"column":184}},"56":{"start":{"line":342,"column":28},"end":{"line":342,"column":142}},"57":{"start":{"line":346,"column":24},"end":{"line":346,"column":132}},"58":{"start":{"line":349,"column":24},"end":{"line":349,"column":97}},"59":{"start":{"line":354,"column":24},"end":{"line":354,"column":88}},"60":{"start":{"line":357,"column":24},"end":{"line":357,"column":87}},"61":{"start":{"line":360,"column":20},"end":{"line":360,"column":69}},"62":{"start":{"line":361,"column":20},"end":{"line":361,"column":87}},"63":{"start":{"line":365,"column":20},"end":{"line":370,"column":23}},"64":{"start":{"line":373,"column":20},"end":{"line":377,"column":null}},"65":{"start":{"line":381,"column":16},"end":{"line":381,"column":37}},"66":{"start":{"line":382,"column":16},"end":{"line":386,"column":null}},"67":{"start":{"line":390,"column":23},"end":{"line":390,"column":51}},"68":{"start":{"line":393,"column":12},"end":{"line":393,"column":54}},"69":{"start":{"line":398,"column":12},"end":{"line":398,"column":57}},"70":{"start":{"line":401,"column":8},"end":{"line":401,"column":38}}},"fnMap":{"0":{"name":"(anonymous_6)","decl":{"start":{"line":11,"column":4},"end":{"line":11,"column":13}},"loc":{"start":{"line":11,"column":40},"end":{"line":13,"column":5}}},"1":{"name":"(anonymous_9)","decl":{"start":{"line":83,"column":27},"end":{"line":83,"column":28}},"loc":{"start":{"line":83,"column":96},"end":{"line":137,"column":17}}},"2":{"name":"(anonymous_10)","decl":{"start":{"line":85,"column":51},"end":{"line":85,"column":59}},"loc":{"start":{"line":85,"column":62},"end":{"line":87,"column":25}}},"3":{"name":"(anonymous_11)","decl":{"start":{"line":97,"column":74},"end":{"line":97,"column":75}},"loc":{"start":{"line":97,"column":78},"end":{"line":99,"column":29}}},"4":{"name":"(anonymous_12)","decl":{"start":{"line":138,"column":25},"end":{"line":138,"column":26}},"loc":{"start":{"line":138,"column":35},"end":{"line":145,"column":17}}},"5":{"name":"(anonymous_13)","decl":{"start":{"line":154,"column":31},"end":{"line":154,"column":32}},"loc":{"start":{"line":154,"column":102},"end":{"line":183,"column":21}}},"6":{"name":"(anonymous_14)","decl":{"start":{"line":156,"column":55},"end":{"line":156,"column":67}},"loc":{"start":{"line":156,"column":70},"end":{"line":158,"column":29}}},"7":{"name":"(anonymous_15)","decl":{"start":{"line":184,"column":29},"end":{"line":184,"column":30}},"loc":{"start":{"line":184,"column":39},"end":{"line":191,"column":21}}},"8":{"name":"(anonymous_16)","decl":{"start":{"line":300,"column":23},"end":{"line":300,"column":24}},"loc":{"start":{"line":300,"column":87},"end":{"line":379,"column":13}}},"9":{"name":"(anonymous_17)","decl":{"start":{"line":304,"column":89},"end":{"line":304,"column":90}},"loc":{"start":{"line":304,"column":99},"end":{"line":306,"column":21}}},"10":{"name":"(anonymous_18)","decl":{"start":{"line":380,"column":21},"end":{"line":380,"column":22}},"loc":{"start":{"line":380,"column":31},"end":{"line":387,"column":13}}}},"branchMap":{"0":{"loc":{"start":{"line":210,"column":21},"end":{"line":210,"column":77}},"type":"binary-expr","locations":[{"start":{"line":210,"column":21},"end":{"line":210,"column":77}},{"start":{"line":210,"column":81},"end":{"line":210,"column":110}}]},"1":{"loc":{"start":{"line":240,"column":12},"end":{"line":240,"column":35}},"type":"binary-expr","locations":[{"start":{"line":240,"column":12},"end":{"line":240,"column":35}},{"start":{"line":240,"column":40},"end":{"line":240,"column":65}},{"start":{"line":240,"column":69},"end":{"line":240,"column":92}}]},"2":{"loc":{"start":{"line":302,"column":20},"end":{"line":302,"column":46}},"type":"binary-expr","locations":[{"start":{"line":302,"column":20},"end":{"line":302,"column":46}},{"start":{"line":302,"column":50},"end":{"line":302,"column":71}}]}},"s":{"0":3,"1":3,"2":3,"3":3,"4":1,"5":0,"6":0,"7":0,"8":0,"9":0,"10":0,"11":0,"12":0,"13":0,"14":0,"15":0,"16":0,"17":0,"18":0,"19":0,"20":0,"21":0,"22":0,"23":0,"24":0,"25":0,"26":0,"27":0,"28":0,"29":0,"30":0,"31":0,"32":0,"33":0,"34":0,"35":0,"36":0,"37":0,"38":0,"39":0,"40":0,"41":0,"42":0,"43":0,"44":0,"45":0,"46":0,"47":0,"48":0,"49":0,"50":0,"51":0,"52":0,"53":0,"54":0,"55":0,"56":0,"57":0,"58":0,"59":0,"60":0,"61":0,"62":0,"63":0,"64":0,"65":0,"66":0,"67":0,"68":0,"69":0,"70":0},"f":{"0":1,"1":0,"2":0,"3":0,"4":0,"5":0,"6":0,"7":0,"8":0,"9":0,"10":0},"b":{"0":[0,0],"1":[0,0,0],"2":[0,0]}}
,"C:\\Projects\\odh-voice-assistant\\lambda\\custom\\interceptors\\Localization.ts": {"path":"C:\\Projects\\odh-voice-assistant\\lambda\\custom\\interceptors\\Localization.ts","statementMap":{"0":{"start":{"line":2,"column":0},"end":{"line":2,"column":32}},"1":{"start":{"line":3,"column":0},"end":{"line":3,"column":57}},"2":{"start":{"line":4,"column":0},"end":{"line":4,"column":41}},"3":{"start":{"line":12,"column":13},"end":{"line":51,"column":2}},"4":{"start":{"line":14,"column":32},"end":{"line":34,"column":null}},"5":{"start":{"line":21,"column":24},"end":{"line":23,"column":14}},"6":{"start":{"line":25,"column":12},"end":{"line":25,"column":99}},"7":{"start":{"line":28,"column":16},"end":{"line":31,"column":19}},"8":{"start":{"line":29,"column":30},"end":{"line":29,"column":57}},"9":{"start":{"line":30,"column":18},"end":{"line":30,"column":63}},"10":{"start":{"line":33,"column":14},"end":{"line":33,"column":27}},"11":{"start":{"line":37,"column":27},"end":{"line":37,"column":113}},"12":{"start":{"line":38,"column":8},"end":{"line":40,"column":10}},"13":{"start":{"line":39,"column":12},"end":{"line":39,"column":64}},"14":{"start":{"line":41,"column":8},"end":{"line":49,"column":null}},"15":{"start":{"line":42,"column":25},"end":{"line":42,"column":29}},"16":{"start":{"line":45,"column":12},"end":{"line":45,"column":81}},"17":{"start":{"line":48,"column":10},"end":{"line":48,"column":26}}},"fnMap":{"0":{"name":"(anonymous_0)","decl":{"start":{"line":13,"column":4},"end":{"line":13,"column":11}},"loc":{"start":{"line":13,"column":24},"end":{"line":50,"column":5}}},"1":{"name":"(anonymous_1)","decl":{"start":{"line":20,"column":8},"end":{"line":20,"column":16}},"loc":{"start":{"line":20,"column":75},"end":{"line":34,"column":11}}},"2":{"name":"(anonymous_2)","decl":{"start":{"line":28,"column":48},"end":{"line":28,"column":52}},"loc":{"start":{"line":28,"column":55},"end":{"line":31,"column":17}}},"3":{"name":"(anonymous_3)","decl":{"start":{"line":38,"column":23},"end":{"line":38,"column":24}},"loc":{"start":{"line":38,"column":86},"end":{"line":40,"column":9}}},"4":{"name":"(anonymous_4)","decl":{"start":{"line":
[...]
:{"line":20,"column":12},"end":{"line":20,"column":74}},"6":{"start":{"line":22,"column":16},"end":{"line":22,"column":28}},"7":{"start":{"line":26,"column":4},"end":{"line":26,"column":17}},"8":{"start":{"line":17,"column":0},"end":{"line":17,"column":16}},"9":{"start":{"line":36,"column":17},"end":{"line":36,"column":18}},"10":{"start":{"line":38,"column":12},"end":{"line":38,"column":24}},"11":{"start":{"line":41,"column":4},"end":{"line":41,"column":17}},"12":{"start":{"line":35,"column":0},"end":{"line":35,"column":16}},"13":{"start":{"line":52,"column":4},"end":{"line":54,"column":70}},"14":{"start":{"line":51,"column":0},"end":{"line":51,"column":16}},"15":{"start":{"line":64,"column":4},"end":{"line":66,"column":76}},"16":{"start":{"line":63,"column":0},"end":{"line":63,"column":16}},"17":{"start":{"line":76,"column":4},"end":{"line":76,"column":70}},"18":{"start":{"line":75,"column":0},"end":{"line":75,"column":16}},"19":{"start":{"line":85,"column":4},"end":{"line":85,"column":97}},"20":{"start":{"line":84,"column":0},"end":{"line":84,"column":16}},"21":{"start":{"line":94,"column":4},"end":{"line":94,"column":97}},"22":{"start":{"line":93,"column":0},"end":{"line":93,"column":16}},"23":{"start":{"line":103,"column":4},"end":{"line":103,"column":74}},"24":{"start":{"line":102,"column":0},"end":{"line":102,"column":16}},"25":{"start":{"line":116,"column":21},"end":{"line":116,"column":51}},"26":{"start":{"line":118,"column":12},"end":{"line":118,"column":28}},"27":{"start":{"line":114,"column":0},"end":{"line":114,"column":16}},"28":{"start":{"line":170,"column":46},"end":{"line":170,"column":48}},"29":{"start":{"line":173,"column":8},"end":{"line":233,"column":11}},"30":{"start":{"line":174,"column":25},"end":{"line":174,"column":47}},"31":{"start":{"line":175,"column":26},"end":{"line":175,"column":49}},"32":{"start":{"line":176,"column":39},"end":{"line":176,"column":75}},"33":{"start":{"line":186,"column":46},"end":{"line":186,"column":111}},"34":{"start":{"line":190,"column":28},"end":{"line":199,"column":30}},"35":{"start":{"line":197,"column":76},"end":{"line":197,"column":94}},"36":{"start":{"line":200,"column":28},"end":{"line":200,"column":34}},"37":{"start":{"line":203,"column":24},"end":{"line":212,"column":26}},"38":{"start":{"line":213,"column":24},"end":{"line":213,"column":30}},"39":{"start":{"line":215,"column":24},"end":{"line":220,"column":26}},"40":{"start":{"line":221,"column":24},"end":{"line":221,"column":30}},"41":{"start":{"line":223,"column":24},"end":{"line":223,"column":30}},"42":{"start":{"line":226,"column":16},"end":{"line":231,"column":18}},"43":{"start":{"line":236,"column":4},"end":{"line":236,"column":22}},"44":{"start":{"line":169,"column":0},"end":{"line":169,"column":16}},"45":{"start":{"line":243,"column":13},"end":{"line":265,"column":2}},"46":{"start":{"line":243,"column":80},"end":{"line":265,"column":2}},"47":{"start":{"line":246,"column":29},"end":{"line":246,"column":60}},"48":{"start":{"line":248,"column":20},"end":{"line":248,"column":56}},"49":{"start":{"line":250,"column":22},"end":{"line":250,"column":72}},"50":{"start":{"line":252,"column":8},"end":{"line":252,"column":null}},"51":{"start":{"line":253,"column":23},"end":{"line":258,"column":10}},"52":{"start":{"line":259,"column":8},"end":{"line":259,"column":41}},"53":{"start":{"line":260,"column":8},"end":{"line":260,"column":null}},"54":{"start":{"line":261,"column":8},"end":{"line":261,"column":34}},"55":{"start":{"line":263,"column":8},"end":{"line":263,"column":29}},"56":{"start":{"line":270,"column":13},"end":{"line":277,"column":null}},"57":{"start":{"line":271,"column":17},"end":{"line":271,"column":35}},"58":{"start":{"line":272,"column":19},"end":{"line":272,"column":47}},"59":{"start":{"line":274,"column":4},"end":{"line":274,"column":44}},"60":{"start":{"line":275,"column":4},"end":{"line":275,"column":22}},"61":{"start":{"line":276,"column":4},"end":{"line":276,"column":53}},"62":{"start":{"line":284,"column":13},"end":{"line":286,"column":null}},"63":{"start":{"line":285,"column":4},"end":{"line":285,"column":null}},"64":{"start":{"line":294,"column":13},"end":{"line":370,"column":null}},"65":{"start":{"line":295,"column":4},"end":{"line":368,"column":7}},"66":{"start":{"line":298,"column":12},"end":{"line":362,"column":15}},"67":{"start":{"line":299,"column":30},"end":{"line":299,"column":54}},"68":{"start":{"line":300,"column":29},"end":{"line":300,"column":52}},"69":{"start":{"line":302,"column":35},"end":{"line":302,"column":53}},"70":{"start":{"line":303,"column":50},"end":{"line":303,"column":55}},"71":{"start":{"line":308,"column":24},"end":{"line":308,"column":50}},"72":{"start":{"line":311,"column":20},"end":{"line":311,"column":69}},"73":{"start":{"line":317,"column":24},"end":{"line":355,"column":27}},"74":{"start":{"line":319,"column":71},"end":{"line":319,"column":76}},"75":{"start":{"line":321,"column":28},"end":{"line":321,"column":62}},"76":{"start":{"line":325,"column":48},"end":{"line":325,"column":102}},"77":{"start":{"line":329,"column":40},"end":{"line":329,"column":95}},"78":{"start":{"line":330,"column":40},"end":{"line":330,"column":46}},"79":{"start":{"line":332,"column":40},"end":{"line":332,"column":96}},"80":{"start":{"line":333,"column":40},"end":{"line":333,"column":46}},"81":{"start":{"line":335,"column":40},"end":{"line":335,"column":98}},"82":{"start":{"line":336,"column":40},"end":{"line":336,"column":46}},"83":{"start":{"line":338,"column":40},"end":{"line":338,"column":98}},"84":{"start":{"line":339,"column":40},"end":{"line":339,"column":46}},"85":{"start":{"line":341,"column":40},"end":{"line":341,"column":95}},"86":{"start":{"line":342,"column":40},"end":{"line":342,"column":46}},"87":{"start":{"line":344,"column":40},"end":{"line":344,"column":97}},"88":{"start":{"line":345,"column":40},"end":{"line":345,"column":46}},"89":{"start":{"line":347,"column":40},"end":{"line":347,"column":95}},"90":{"start":{"line":348,"column":40},"end":{"line":348,"column":46}},"91":{"start":{"line":351,"column":32},"end":{"line":351,"column":81}},"92":{"start":{"line":354,"column":28},"end":{"line":354,"column":63}},"93":{"start":{"line":357,"column":24},"end":{"line":357,"column":73}},"94":{"start":{"line":361,"column":16},"end":{"line":361,"column":29}},"95":{"start":{"line":364,"column":12},"end":{"line":364,"column":57}},"96":{"start":{"line":367,"column":8},"end":{"line":367,"column":21}},"97":{"start":{"line":369,"column":4},"end":{"line":369,"column":19}},"98":{"start":{"line":378,"column":13},"end":{"line":458,"column":null}},"99":{"start":{"line":379,"column":4},"end":{"line":456,"column":7}},"100":{"start":{"line":382,"column":12},"end":{"line":454,"column":15}},"101":{"start":{"line":384,"column":32},"end":{"line":384,"column":56}},"102":{"start":{"line":385,"column":30},"end":{"line":385,"column":53}},"103":{"start":{"line":387,"column":26},"end":{"line":387,"column":36}},"104":{"start":{"line":388,"column":28},"end":{"line":388,"column":51}},"105":{"start":{"line":389,"column":26},"end":{"line":389,"column":42}},"106":{"start":{"line":390,"column":27},"end":{"line":390,"column":42}},"107":{"start":{"line":392,"column":30},"end":{"line":392,"column":65}},"108":{"start":{"line":394,"column":45},"end":{"line":394,"column":50}},"109":{"start":{"line":396,"column":16},"end":{"line":396,"column":46}},"110":{"start":{"line":397,"column":16},"end":{"line":397,"column":53}},"111":{"start":{"line":398,"column":16},"end":{"line":398,"column":49}},"112":{"start":{"line":400,"column":20},"end":{"line":400,"column":41}},"113":{"start":{"line":404,"column":20},"end":{"line":404,"column":47}},"114":{"start":{"line":406,"column":20},"end":{"line":450,"column":23}},"115":{"start":{"line":409,"column":49},"end":{"line":409,"column":51}},"116":{"start":{"line":416,"column":28},"end":{"line":416,"column":64}},"117":{"start":{"line":417,"column":28},"end":{"line":417,"column":63}},"118":{"start":{"line":420,"column":28},"end":{"line":420,"column":65}},"119":{"start":{"line":421,"column":28},"end":{"line":421,"column":64}},"120":{"start":{"line":424,"column":28},"end":{"line":424,"column":67}},"121":{"start":{"line":425,"column":28},"end":{"line":425,"column":66}},"122":{"start":{"line":428,"column":28},"end":{"line":428,"column":66}},"123":{"start":{"line":429,"column":28},"end":{"line":429,"column":65}},"124":{"start":{"line":432,"column":28},"end":{"line":432,"column":64}},"125":{"start":{"line":433,"column":28},"end":{"line":433,"column":63}},"126":{"start":{"line":436,"column":28},"end":{"line":436,"column":66}},"127":{"start":{"line":437,"column":28},"end":{"line":437,"column":65}},"128":{"start":{"line":440,"column":28},"end":{"line":440,"column":64}},"129":{"start":{"line":441,"column":28},"end":{"line":441,"column":63}},"130":{"start":{"line":444,"column":24},"end":{"line":444,"column":99}},"131":{"start":{"line":446,"column":24},"end":{"line":449,"column":27}},"132":{"start":{"line":453,"column":16},"end":{"line":453,"column":37}},"133":{"start":{"line":457,"column":4},"end":{"line":457,"column":19}}},"fnMap":{"0":{"name":"IsIntent","decl":{"start":{"line":17,"column":16},"end":{"line":17,"column":24}},"loc":{"start":{"line":17,"column":73},"end":{"line":27,"column":1}}},"1":{"name":"IsType","decl":{"start":{"line":35,"column":16},"end":{"line":35,"column":22}},"loc":{"start":{"line":35,"column":69},"end":{"line":42,"column":1}}},"2":{"name":"IsIntentWithDialogState","decl":{"start":{"line":51,"column":16},"end":{"line":51,"column":39}},"loc":{"start":{"line":51,"column":97},"end":{"line":55,"column":1}}},"3":{"name":"IsIntentWithIncompleteDialog","decl":{"start":{"line":63,"column":16},"end":{"line":63,"column":44}},"loc":{"start":{"line":63,"column":87},"end":{"line":67,"column":1}}},"4":{"name":"IsIntentWithCompleteDialog","decl":{"start":{"line":75,"column":16},"end":{"line":75,"column":42}},"loc":{"start":{"line":75,"column":85},"end":{"line":77,"column":1}}},"5":{"name":"GetRequestAttributes","decl":{"start":{"line":84,"column":16},"end":{"line":84,"column":36}},"loc":{"start":{"line":84,"column":63},"end":{"line":86,"column":1}}},"6":{"name":"GetSessionAttributes","decl":{"start":{"line":93,"column":16},"end":{"line":93,"column":36}},"loc":{"start":{"line":93,"column":63},"end":{"line":95,"column":1}}},"7":{"name":"GetDirectiveServiceClient","decl":{"start":{"line":102,"column":16},"end":{"line":102,"column":41}},"loc":{"start":{"line":102,"column":68},"end":{"line":104,"column":1}}},"8":{"name":"ResetSlotValue","decl":{"start":{"line":114,"column":16},"end":{"line":114,"column":30}},"loc":{"start":{"line":114,"column":71},"end":{"line":121,"column":1}}},"9":{"name":"GetSlotValues","decl":{"start":{"line":169,"column":16},"end":{"line":169,"column":29}},"loc":{"start":{"line":169,"column":60},"end":{"line":237,"column":1}}},"10":{"name":"(anonymous_16)","decl":{"start":{"line":173,"column":41},"end":{"line":173,"column":42}},"loc":{"start":{"line":173,"column":50},"end":{"line":233,"column":9}}},"11":{"name":"(anonymous_17)","decl":{"start":{"line":197,"column":58},"end":{"line":197,"column":59}},"loc":{"start":{"line":197,"column":76},"end":{"line":197,"column":94}}},"12":{"name":"(anonymous_18)","decl":{"start":{"line":243,"column":29},"end":{"line":243,"column":36}},"loc":{"start":{"line":243,"column":80},"end":{"line":265,"column":2}}},"13":{"name":"(anonymous_19)","decl":{"start":{"line":243,"column":80},"end":{"line":243,"column":null}},"loc":{"start":{"line":243,"column":80},"end":{"line":265,"column":1}}},"14":{"name":"(anonymous_20)","decl":{"start":{"line":270,"column":26},"end":{"line":270,"column":27}},"loc":{"start":{"line":270,"column":101},"end":{"line":277,"column":1}}},"15":{"name":"(anonymous_21)","decl":{"start":{"line":284,"column":50},"end":{"line":284,"column":51}},"loc":{"start":{"line":284,"column":84},"end":{"line":286,"column":1}}},"16":{"name":"(anonymous_22)","decl":{"start":{"line":294,"column":40},"end":{"line":294,"column":41}},"loc":{"start":{"line":294,"column":184},"end":{"line":370,"column":1}}},"17":{"name":"(anonymous_23)","decl":{"start":{"line":295,"column":41},"end":{"line":295,"column":49}},"loc":{"start":{"line":295,"column":52},"end":{"line":368,"column":5}}},"18":{"name":"(anonymous_24)","decl":{"start":{"line":298,"column":75},"end":{"line":298,"column":83}},"loc":{"start":{"line":298,"column":86},"end":{"line":362,"column":13}}},"19":{"name":"(anonymous_25)","decl":{"start":{"line":317,"column":95},"end":{"line":317,"column":112}},"loc":{"start":{"line":317,"column":115},"end":{"line":355,"column":25}}},"20":{"name":"(anonymous_26)","decl":{"start":{"line":378,"column":41},"end":{"line":378,"column":42}},"loc":{"start":{"line":378,"column":155},"end":{"line":458,"column":1}}},"21":{"name":"(anonymous_27)","decl":{"start":{"line":379,"column":26},"end":{"line":379,"column":34}},"loc":{"start":{"line":379,"column":37},"end":{"line":456,"column":5}}},"22":{"name":"(anonymous_28)","decl":{"start":{"line":382,"column":75},"end":{"line":382,"column":83}},"loc":{"start":{"line":382,"column":86},"end":{"line":454,"column":13}}},"23":{"name":"(anonymous_29)","decl":{"start":{"line":406,"column":59},"end":{"line":406,"column":71}},"loc":{"start":{"line":406,"column":74},"end":{"line":450,"column":21}}}},"branchMap":{"0":{"loc":{"start":{"line":52,"column":11},"end":{"line":52,"column":76}},"type":"binary-expr","locations":[{"start":{"line":52,"column":11},"end":{"line":52,"column":76}},{"start":{"line":53,"column":11},"end":{"line":53,"column":70}},{"start":{"line":54,"column":11},"end":{"line":54,"column":69}}]},"1":{"loc":{"start":{"line":64,"column":11},"end":{"line":64,"column":76}},"type":"binary-expr","locations":[{"start":{"line":64,"column":11},"end":{"line":64,"column":76}},{"start":{"line":65,"column":11},"end":{"line":65,"column":70}},{"start":{"line":66,"column":11},"end":{"line":66,"column":75}}]},"2":{"loc":{"start":{"line":178,"column":16},"end":{"line":178,"column":33}},"type":"binary-expr","locations":[{"start":{"line":178,"column":16},"end":{"line":178,"column":33}},{"start":{"line":179,"column":16},"end":{"line":179,"column":45}},{"start":{"line":180,"column":16},"end":{"line":180,"column":70}},{"start":{"line":181,"column":16},"end":{"line":181,"column":74}},{"start":{"line":182,"column":16},"end":{"line":182,"column":81}},{"start":{"line":183,"column":16},"end":{"line":183,"column":86}}]},"3":{"loc":{"start":{"line":185,"column":20},"end":{"line":213,"column":30}},"type":"switch","locations":[{"start":{"line":185,"column":20},"end":{"line":213,"column":30}},{"start":{"line":214,"column":20},"end":{"line":221,"column":30}},{"start":{"line":222,"column":20},"end":{"line":223,"column":30}}]},"4":{"loc":{"start":{"line":192,"column":39},"end":{"line":192,"column":44}},"type":"binary-expr","locations":[{"start":{"line":192,"column":39},"end":{"line":192,"column":44}},{"start":{"line":192,"column":48},"end":{"line":192,"column":50}}]},"5":{"loc":{"start":{"line":205,"column":35},"end":{"line":205,"column":40}},"type":"binary-expr","locations":[{"start":{"line":205,"column":35},"end":{"line":205,"column":40}},{"start":{"line":205,"column":44},"end":{"line":205,"column":46}}]},"6":{"loc":{"start":{"line":217,"column":35},"end":{"line":217,"column":40}},"type":"binary-expr","locations":[{"start":{"line":217,"column":35},"end":{"line":217,"column":40}},{"start":{"line":217,"column":44},"end":{"line":217,"column":46}}]},"7":{"loc":{"start":{"line":228,"column":27},"end":{"line":228,"column":32}},"type":"binary-expr","locations":[{"start":{"line":228,"column":27},"end":{"line":228,"column":32}},{"start":{"line":228,"column":36},"end":{"line":228,"column":38}}]},"8":{"loc":{"start":{"line":250,"column":35},"end":{"line":250,"column":59}},"type":"cond-expr","locations":[{"start":{"line":250,"column":35},"end":{"line":250,"column":59}},{"start":{"line":250,"column":63},"end":{"line":250,"column":71}}]},"9":{"loc":{"start":{"line":271,"column":17},"end":{"line":271,"column":27}},"type":"binary-expr","locations":[{"start":{"line":271,"column":17},"end":{"line":271,"column":27}},{"start":{"line":271,"column":31},"end":{"line":271,"column":35}}]},"10":{"loc":{"start":{"line":272,"column":19},"end":{"line":272,"column":31}},"type":"binary-expr","locations":[{"start":{"line":272,"column":19},"end":{"line":272,"column":31}},{"start":{"line":272,"column":35},"end":{"line":272,"column":47}}]},"11":{"loc":{"start":{"line":306,"column":23},"end":{"line":306,"column":65}},"type":"binary-expr","locations":[{"start":{"line":306,"column":23},"end":{"line":306,"column":65}},{"start":{"line":306,"column":69},"end":{"line":306,"column":97}}]},"12":{"loc":{"start":{"line":307,"column":24},"end":{"line":307,"column":65}},"type":"binary-expr","locations":[{"start":{"line":307,"column":24},"end":{"line":307,"column":65}},{"start":{"line":307,"column":69},"end":{"line":307,"column":109}}]},"13":{"loc":{"start":{"line":324,"column":35},"end":{"line":324,"column":77}},"type":"binary-expr","locations":[{"start":{"line":324,"column":35},"end":{"line":324,"column":77}},{"start":{"line":324,"column":81},"end":{"line":324,"column":118}}]},"14":{"loc":{"start":{"line":328,"column":36},"end":{"line":330,"column":46}},"type":"switch","locations":[{"start":{"line":328,"column":36},"end":{"line":330,"column":46}},{"start":{"line":331,"column":36},"end":{"line":333,"column":46}},{"start":{"line":334,"column":36},"end":{"line":336,"column":46}},{"start":{"line":337,"column":36},"end":{"line":339,"column":46}},{"start":{"line":340,"column":36},"end":{"line":342,"column":46}},{"start":{"line":343,"column":36},"end":{"line":345,"column":46}},{"start":{"line":346,"column":36},"end":{"line":348,"column":46}}]},"15":{"loc":{"start":{"line":399,"column":20},"end":{"line":399,"column":58}},"type":"binary-expr","locations":[{"start":{"line":399,"column":20},"end":{"line":399,"column":58}},{"start":{"line":399,"column":62},"end":{"line":399,"column":98}}]},"16":{"loc":{"start":{"line":444,"column":60},"end":{"line":444,"column":93}},"type":"binary-expr","locations":[{"start":{"line":444,"column":60},"end":{"line":444,"column":93}},{"start":{"line":444,"column":97},"end":{"line":444,"column":98}}]}},"s":{"0":3,"1":3,"2":3,"3":3,"4":14,"5":15,"6":3,"7":11,"8":3,"9":6,"10":1,"11":5,"12":3,"13":0,"14":3,"15":0,"16":3,"17":0,"18":3,"19":5,"20":3,"21":0,"22":3,"23":0,"24":3,"25":0,"26":0,"27":3,"28":4,"29":0,"30":0,"31":0,"32":0,"33":0,"34":0,"35":0,"36":0,"37":0,"38":0,"39":0,"40":0,"41":0,"42":0,"43":4,"44":3,"45":3,"46":0,"47":0,"48":0,"49":0,"50":0,"51":0,"52":0,"53":0,"54":0,"55":0,"56":3,"57":0,"58":0,"59":0,"60":0,"61":0,"62":3,"63":0,"64":3,"65":0,"66":0,"67":0,"68":0,"69":0,"70":0,"71":0,"72":0,"73":0,"74":0,"75":0,"76":0,"77":0,"78":0,"79":0,"80":0,"81":0,"82":0,"83":0,"84":0,"85":0,"86":0,"87":0,"88":0,"89":0,"90":0,"91":0,"92":0,"93":0,"94":0,"95":0,"96":0,"97":0,"98":3,"99":0,"100":0,"101":0,"102":0,"103":0,"104":0,"105":0,"106":0,"107":0,"108":0,"109":0,"110":0,"111":0,"112":0,"113":0,"114":0,"115":0,"116":0,"117":0,"118":0,"119":0,"120":0,"121":0,"122":0,"123":0,"124":0,"125":0,"126":0,"127":0,"128":0,"129":0,"130":0,"131":0,"132":0,"133":0},"f":{"0":14,"1":6,"2":0,"3":0,"4":0,"5":5,"6":0,"7":0,"8":0,"9":4,"10":0,"11":0,"12":0,"13":0,"14":0,"15":0,"16":0,"17":0,"18":0,"19":0,"20":0,"21":0,"22":0,"23":0},"b":{"0":[0,0,0],"1":[0,0,0],"2":[0,0,0,0,0,0],"3":[0,0,0],"4":[0,0],"5":[0,0],"6":[0,0],"7":[0,0],"8":[0,0],"9":[0,0],"10":[0,0],"11":[0,0],"12":[0,0],"13":[0,0],"14":[0,0,0,0,0,0,0],"15":[0,0],"16":[0,0]}}
,"C:\\Projects\\odh-voice-assistant\\lambda\\custom\\lib\\strings.ts": {"path":"C:\\Projects\\odh-voice-assistant\\lambda\\custom\\lib\\strings.ts","statementMap":{"0":{"start":{"line":3,"column":0},"end":{"line":3,"column":42}},"1":{"start":{"line":6,"column":13},"end":{"line":263,"column":2}}},"fnMap":{},"branchMap":{},"s":{"0":3,"1":3},"f":{},"b":{}}
}
