{"C:\\Projects\\odh-voice-assistant\\__tests__\\helpers.ts": {"path":"C:\\Projects\\odh-voice-assistant\\__tests__\\helpers.ts","statementMap":{"0":{"start":{"line":2,"column":0},"end":{"line":2,"column":43}},"1":{"start":{"line":4,"column":0},"end":{"line":4,"column":58}},"2":{"start":{"line":6,"column":0},"end":{"line":54,"column":3}},"3":{"start":{"line":9,"column":33},"end":{"line":9,"column":38}},"4":{"start":{"line":10,"column":27},"end":{"line":10,"column":112}},"5":{"start":{"line":12,"column":30},"end":{"line":12,"column":103}},"6":{"start":{"line":14,"column":8},"end":{"line":40,"column":null}},"7":{"start":{"line":15,"column":12},"end":{"line":23,"column":15}},"8":{"start":{"line":16,"column":30},"end":{"line":16,"column":66}},"9":{"start":{"line":18,"column":20},"end":{"line":18,"column":123}},"10":{"start":{"line":21,"column":20},"end":{"line":21,"column":96}},"11":{"start":{"line":25,"column":12},"end":{"line":25,"column":55}},"12":{"start":{"line":29,"column":41},"end":{"line":29,"column":90}},"13":{"start":{"line":30,"column":28},"end":{"line":30,"column":61}},"14":{"start":{"line":34,"column":20},"end":{"line":34,"column":46}},"15":{"start":{"line":38,"column":16},"end":{"line":38,"column":42}},"16":{"start":{"line":43,"column":12},"end":{"line":46,"column":null}},"17":{"start":{"line":44,"column":32},"end":{"line":44,"column":159}},"18":{"start":{"line":48,"column":12},"end":{"line":51,"column":null}},"19":{"start":{"line":49,"column":32},"end":{"line":49,"column":169}},"20":{"start":{"line":56,"column":13},"end":{"line":63,"column":null}},"21":{"start":{"line":57,"column":17},"end":{"line":57,"column":31}},"22":{"start":{"line":58,"column":4},"end":{"line":58,"column":44}},"23":{"start":{"line":59,"column":4},"end":{"line":62,"column":7}},"24":{"start":{"line":65,"column":13},"end":{"line":71,"column":null}},"25":{"start":{"line":66,"column":4},"end":{"line":69,"column":29}},"26":{"start":{"line":67,"column":8},"end":{"line":67,"column":21}},"27":{"start":{"line":69,"column":8},"end":{"line":69,"column":29}},"28":{"start":{"line":70,"column":4},"end":{"line":70,"column":39}},"29":{"start":{"line":85,"column":4},"end":{"line":85,"column":31}},"30":{"start":{"line":84,"column":0},"end":{"line":84,"column":16}},"31":{"start":{"line":95,"column":4},"end":{"line":100,"column":7}},"32":{"start":{"line":96,"column":8},"end":{"line":99,"column":11}},"33":{"start":{"line":97,"column":12},"end":{"line":97,"column":40}},"34":{"start":{"line":97,"column":21},"end":{"line":97,"column":40}},"35":{"start":{"line":98,"column":12},"end":{"line":98,"column":32}},"36":{"start":{"line":94,"column":0},"end":{"line":94,"column":16}},"37":{"start":{"line":109,"column":4},"end":{"line":115,"column":7}},"38":{"start":{"line":108,"column":0},"end":{"line":108,"column":16}},"39":{"start":{"line":127,"column":4},"end":{"line":135,"column":26}},"40":{"start":{"line":123,"column":0},"end":{"line":123,"column":16}},"41":{"start":{"line":147,"column":4},"end":{"line":158,"column":7}},"42":{"start":{"line":143,"column":0},"end":{"line":143,"column":16}},"43":{"start":{"line":190,"column":20},"end":{"line":192,"column":10}},"44":{"start":{"line":194,"column":4},"end":{"line":241,"column":7}},"45":{"start":{"line":208,"column":24},"end":{"line":208,"column":26}},"46":{"start":{"line":211,"column":37},"end":{"line":211,"column":60}},"47":{"start":{"line":212,"column":24},"end":{"line":234,"column":null}},"48":{"start":{"line":224,"column":44},"end":{"line":229,"column":46}},"49":{"start":{"line":236,"column":20},"end":{"line":236,"column":33}},"50":{"start":{"line":180,"column":0},"end":{"line":180,"column":16}}},"fnMap":{"0":{"name":"(anonymous_0)","decl":{"start":{"line":7,"column":4},"end":{"line":7,"column":20}},"loc":{"start":{"line":7,"column":39},"end":{"line":53,"column":5}}},"1":{"name":"(anonymous_1)","decl":{"start":{"line":14,"column":38},"end":{"line":14,"column":39}},"loc":{"start":{"line":14,"column":62},"end":{"line":40,"column":9}}},"2":{"name":"(anonymous_2)","decl":{"start":{"line":15,"column":34},"end":{"line":15,"column":35}},"loc":{"start":{"line":15,"column":51},"end":{"line":23,"column":13}}},"3":{"name":"(anonymous_3)","decl":{"start":{"line":44,"column":25},"end":{"line":44,"column":28}},"loc":{"start":{"line":44,"column":32},"end":{"line":44,"column":159}}},"4":{"name":"(anonymous_4)","decl":{"start":{"line":49,"column":25},"end":{"line":49,"column":28}},"loc":{"start":{"line":49,"column":32},"end":{"line":49,"column":169}}},"5":{"name":"(anonymous_5)","decl":{"start":{"line":56,"column":23},"end":{"line":56,"column":24}},"loc":{"start":{"line":56,"column":61},"end":{"line":63,"column":1}}},"6":{"name":"(anonymous_6)","decl":{"start":{"line":65,"column":29},"end":{"line":65,"column":30}},"loc":{"start":{"line":65,"column":45},"end":{"line":71,"column":1}}},"7":{"name":"partial","decl":{"start":{"line":84,"column":16},"end":{"line":84,"column":23}},"loc":{"start":{"line":84,"column":48},"end":{"line":86,"column":1}}},"8":{"name":"skill","decl":{"start":{"line":94,"column":16},"end":{"line":94,"column":21}},"loc":{"start":{"line":94,"column":44},"end":{"line":101,"column":1}}},"9":{"name":"(anonymous_9)","decl":{"start":{"line":95,"column":23},"end":{"line":95,"column":24}},"loc":{"start":{"line":95,"column":43},"end":{"line":100,"column":5}}},"10":{"name":"(anonymous_10)","decl":{"start":{"line":96,"column":36},"end":{"line":96,"column":37}},"loc":{"start":{"line":96,"column":49},"end":{"line":99,"column":9}}},"11":{"name":"ssml","decl":{"start":{"line":108,"column":16},"end":{"line":108,"column":20}},"loc":{"start":{"line":108,"column":45},"end":{"line":116,"column":1}}},"12":{"name":"RequestWithType","decl":{"start":{"line":123,"column":16},"end":{"line":123,"column":31}},"loc":{"start":{"line":126,"column":1},"end":{"line":136,"column":1}}},"13":{"name":"RequestWithIntent","decl":{"start":{"line":143,"column":16},"end":{"line":143,"column":33}},"loc":{"start":{"line":146,"column":1},"end":{"line":159,"column":1}}},"14":{"name":"CreateIntentRequest","decl":{"start":{"line":180,"column":16},"end":{"line":180,"column":35}},"loc":{"start":{"line":188,"column":1},"end":{"line":242,"column":1}}},"15":{"name":"(anonymous_15)","decl":{"start":{"line":205,"column":42},"end":{"line":205,"column":45}},"loc":{"start":{"line":205,"column":47},"end":{"line":237,"column":17}}},"16":{"name":"(anonymous_16)","decl":{"start":{"line":223,"column":102},"end":{"line":223,"column":103}},"loc":{"start":{"line":223,"column":111},"end":{"line":230,"column":41}}}},"branchMap":{"0":{"loc":{"start":{"line":12,"column":66},"end":{"line":12,"column":98}},"type":"cond-expr","locations":[{"start":{"line":12,"column":66},"end":{"line":12,"column":98}},{"start":{"line":12,"column":101},"end":{"line":12,"column":103}}]},"1":{"loc":{"start":{"line":66,"column":4},"end":{"line":69,"column":29}},"type":"if","locations":[{"start":{"line":66,"column":4},"end":{"line":69,"column":29}},{"start":{"line":66,"column":4},"end":{"line":69,"column":29}}]},"2":{"loc":{"start":{"line":66,"column":9},"end":{"line":66,"column":21}},"type":"binary-expr","locations":[{"start":{"line":66,"column":9},"end":{"line":66,"column":21}},{"start":{"line":66,"column":27},"end":{"line":66,"column":37}}]},"3":{"loc":{"start":{"line":97,"column":12},"end":{"line":97,"column":40}},"type":"if","locations":[{"start":{"line":97,"column":12},"end":{"line":97,"column":40}},{"start":{"line":97,"column":12},"end":{"line":97,"column":40}}]},"4":{"loc":{"start":{"line":192,"column":8},"end":{"line":192,"column":10}},"type":"cond-expr","locations":[{"start":{"line":192,"column":8},"end":{"line":192,"column":10}}]},"5":{"loc":{"start":{"line":205,"column":41},"end":{"line":237,"column":20}},"type":"cond-expr","locations":[{"start":{"line":205,"column":41},"end":{"line":237,"column":20}},{"start":{"line":237,"column":23},"end":{"line":237,"column":32}}]},"6":{"loc":{"start":{"line":214,"column":48},"end":{"line":214,"column":58}},"type":"cond-expr","locations":[{"start":{"line":214,"column":48},"end":{"line":214,"column":58}},{"start":{"line":214,"column":61},"end":{"line":214,"column":63}}]},"7":{"loc":{"start":{"line":215,"column":74},"end":{"line":215,"column":97}},"type":"cond-expr","locations":[{"start":{"line":215,"column":74},"end":{"line":215,"column":97}},{"start":{"line":215,"column":100},"end":{"line":215,"column":106}}]},"8":{"loc":{"start":{"line":233,"column":32},"end":{"line":233,"column":41}},"type":"cond-expr","locations":[{"start":{"line":233,"column":32},"end":{"line":233,"column":41}}]},"9":{"loc":{"start":{"line":223,"column":74},"end":{"line":230,"column":42}},"type":"cond-expr","locations":[{"start":{"line":223,"column":74},"end":{"line":230,"column":42}},{"start":{"line":230,"column":45},"end":{"line":230,"column":47}}]},"10":{"loc":{"start":{"line":227,"column":66},"end":{"line":227,"column":73}},"type":"cond-expr","locations":[{"start":{"line":227,"column":66},"end":{"line":227,"column":73}},{"start":{"line":227,"column":76},"end":{"line":227,"column":78}}]},"11":{"loc":{"start":{"line":239,"column":49},"end":{"line":239,"column":68}},"type":"cond-expr","locations":[{"start":{"line":239,"column":49},"end":{"line":239,"column":68}},{"start":{"line":239,"column":71},"end":{"line":239,"column":80}}]}},"s":{"0":8,"1":8,"2":8,"3":28,"4":28,"5":28,"6":28,"7":56,"8":67,"9":28,"10":39,"11":56,"12":48,"13":48,"14":14,"15":5,"16":19,"17":0,"18":9,"19":9,"20":8,"21":10,"22":10,"23":10,"24":8,"25":56,"26":0,"27":56,"28":56,"29":28,"30":8,"31":28,"32":28,"33":28,"34":0,"35":28,"36":8,"37":0,"38":8,"39":1,"40":8,"41":4,"42":8,"43":23,"44":23,"45":23,"46":92,"47":92,"48":14,"49":23,"50":8},"f":{"0":28,"1":56,"2":67,"3":0,"4":9,"5":10,"6":56,"7":28,"8":28,"9":28,"10":28,"11":0,"12":1,"13":4,"14":23,"15":23,"16":14},"b":{"0":[20,8],"1":[0,56],"2":[56,56],"3":[0,28],"4":[23],"5":[23,0],"6":[33,59],"7":[0,92],"8":[78],"9":[14,0],"10":[12,2],"11":[0,23]}}
,"C:\\Projects\\odh-voice-assistant\\lambda\\custom\\index.ts": {"path":"C:\\Projects\\odh-voice-assistant\\lambda\\custom\\index.ts","statementMap":{"0":{"start":{"line":1,"column":0},"end":{"line":1,"column":45}},"1":{"start":{"line":3,"column":0},"end":{"line":3,"column":37}},"2":{"start":{"line":4,"column":0},"end":{"line":4,"column":41}},"3":{"start":{"line":5,"column":0},"end":{"line":5,"column":47}},"4":{"start":{"line":6,"column":0},"end":{"line":6,"column":39}},"5":{"start":{"line":7,"column":0},"end":{"line":7,"column":51}},"6":{"start":{"line":8,"column":0},"end":{"line":8,"column":51}},"7":{"start":{"line":9,"column":0},"end":{"line":9,"column":46}},"8":{"start":{"line":10,"column":0},"end":{"line":10,"column":35}},"9":{"start":{"line":12,"column":13},"end":{"line":45,"column":12}}},"fnMap":{},"branchMap":{},"s":{"0":8,"1":8,"2":8,"3":8,"4":8,"5":8,"6":8,"7":8,"8":8,"9":8},"f":{},"b":{}}
,"C:\\Projects\\odh-voice-assistant\\lambda\\custom\\errors\\Unexpected.ts": {"path":"C:\\Projects\\odh-voice-assistant\\lambda\\custom\\errors\\Unexpected.ts","statementMap":{"0":{"start":{"line":2,"column":0},"end":{"line":2,"column":54}},"1":{"start":{"line":3,"column":0},"end":{"line":3,"column":64}},"2":{"start":{"line":9,"column":13},"end":{"line":22,"column":2}},"3":{"start":{"line":11,"column":8},"end":{"line":11,"column":52}},"4":{"start":{"line":14,"column":8},"end":{"line":14,"column":55}},"5":{"start":{"line":16,"column":22},"end":{"line":16,"column":56}},"6":{"start":{"line":18,"column":8},"end":{"line":20,"column":27}}},"fnMap":{"0":{"name":"(anonymous_0)","decl":{"start":{"line":10,"column":4},"end":{"line":10,"column":13}},"loc":{"start":{"line":10,"column":22},"end":{"line":12,"column":5}}},"1":{"name":"(anonymous_1)","decl":{"start":{"line":13,"column":4},"end":{"line":13,"column":10}},"loc":{"start":{"line":13,"column":30},"end":{"line":21,"column":5}}}},"branchMap":{},"s":{"0":8,"1":8,"2":8,"3":0,"4":0,"5":0,"6":0},"f":{"0":0,"1":0},"b":{}}
,"C:\\Projects\\odh-voice-assistant\\lambda\\custom\\errors\\Unknown.ts": {"path":"C:\\Projects\\odh-voice-assistant\\lambda\\custom\\errors\\Unknown.ts","statementMap":{"0":{"start":{"line":2,"column":0},"end":{"line":2,"column":54}},"1":{"start":{"line":3,"column":0},"end":{"line":3,"column":52}},"2":{"start":{"line":9,"column":13},"end":{"line":25,"column":2}},"3":{"start":{"line":11,"column":8},"end":{"line":11,"column":20}},"4":{"start":{"line":14,"column":8},"end":{"line":14,"column":55}},"5":{"start":{"line":16,"column":22},"end":{"line":16,"column":56}},"6":{"start":{"line":18,"column":27},"end":{"line":18,"column":56}},"7":{"start":{"line":20,"column":8},"end":{"line":23,"column":27}}},"fnMap":{"0":{"name":"(anonymous_0)","decl":{"start":{"line":10,"column":4},"end":{"line":10,"column":13}},"loc":{"start":{"line":10,"column":13},"end":{"line":12,"column":5}}},"1":{"name":"(anonymous_1)","decl":{"start":{"line":13,"column":4},"end":{"line":13,"column":10}},"loc":{"start":{"line":13,"column":30},"end":{"line":24,"column":5}}}},"branchMap":{},"s":{"0":8,"1":8,"2":8,"3":1,"4":1,"5":1,"6":1,"7":1},"f":{"0":1,"1":1},"b":{}}
,"C:\\Projects\\odh-voice-assistant\\lambda\\custom\\errors\\index.ts": {"path":"C:\\Projects\\odh-voice-assistant\\lambda\\custom\\errors\\index.ts","statementMap":{"0":{"start":{"line":1,"column":0},"end":{"line":1,"column":26}},"1":{"start":{"line":2,"column":0},"end":{"line":2,"column":29}}},"fnMap":{},"branchMap":{},"s":{"0":8,"1":8},"f":{},"b":{}}
,"C:\\Projects\\odh-voice-assistant\\lambda\\custom\\intents\\Debug.ts": {"path":"C:\\Projects\\odh-voice-assistant\\lambda\\custom\\intents\\Debug.ts","statementMap":{"0":{"start":{"line":3,"column":13},"end":{"line":12,"column":2}},"1":{"start":{"line":5,"column":8},"end":{"line":5,"column":59}},"2":{"start":{"line":6,"column":8},"end":{"line":6,"column":21}},"3":{"start":{"line":9,"column":8},"end":{"line":10,"column":27}}},"fnMap":{"0":{"name":"(anonymous_0)","decl":{"start":{"line":4,"column":4},"end":{"line":4,"column":13}},"loc":{"start":{"line":4,"column":26},"end":{"line":7,"column":5}}},"1":{"name":"(anonymous_1)","decl":{"start":{"line":8,"column":4},"end":{"line":8,"column":10}},"loc":{"start":{"line":8,"column":23},"end":{"line":11,"column":5}}}},"branchMap":{},"s":{"0":8,"1":0,"2":0,"3":0},"f":{"0":0,"1":0},"b":{}}
,"C:\\Projects\\odh-voice-assistant\\lambda\\custom\\intents\\Help.ts": {"path":"C:\\Projects\\odh-voice-assistant\\lambda\\custom\\intents\\Help.ts","statementMap":{"0":{"start":{"line":2,"column":0},"end":{"line":2,"column":42}},"1":{"start":{"line":3,"column":0},"end":{"line":3,"column":65}},"2":{"start":{"line":4,"column":0},"end":{"line":4,"column":54}},"3":{"start":{"line":6,"column":13},"end":{"line":20,"column":2}},"4":{"start":{"line":8,"column":4},"end":{"line":8,"column":52}},"5":{"start":{"line":11,"column":18},"end":{"line":11,"column":52}},"6":{"start":{"line":12,"column":23},"end":{"line":12,"column":51}},"7":{"start":{"line":14,"column":4},"end":{"line":18,"column":21}}},"fnMap":{"0":{"name":"(anonymous_0)","decl":{"start":{"line":7,"column":2},"end":{"line":7,"column":11}},"loc":{"start":{"line":7,"column":38},"end":{"line":9,"column":3}}},"1":{"name":"(anonymous_1)","decl":{"start":{"line":10,"column":2},"end":{"line":10,"column":8}},"loc":{"start":{"line":10,"column":35},"end":{"line":19,"column":3}}}},"branchMap":{},"s":{"0":8,"1":8,"2":8,"3":8,"4":27,"5":2,"6":2,"7":2},"f":{"0":27,"1":2},"b":{}}
,"C:\\Projects\\odh-voice-assistant\\lambda\\custom\\intents\\Launch.ts": {"path":"C:\\Projects\\odh-voice-assistant\\lambda\\custom\\intents\\Launch.ts","statementMap":{"0":{"start":{"line":3,"column":0},"end":{"line":3,"column":66}},"1":{"start":{"line":4,"column":0},"end":{"line":4,"column":62}},"2":{"start":{"line":6,"column":13},"end":{"line":21,"column":null}},"3":{"start":{"line":8,"column":8},"end":{"line":8,"column":57}},"4":{"start":{"line":11,"column":22},"end":{"line":11,"column":56}},"5":{"start":{"line":13,"column":27},"end":{"line":13,"column":102}},"6":{"start":{"line":14,"column":29},"end":{"line":14,"column":57}},"7":{"start":{"line":16,"column":8},"end":{"line":19,"column":27}}},"fnMap":{"0":{"name":"(anonymous_0)","decl":{"start":{"line":7,"column":4},"end":{"line":7,"column":13}},"loc":{"start":{"line":7,"column":40},"end":{"line":9,"column":5}}},"1":{"name":"(anonymous_1)","decl":{"start":{"line":10,"column":4},"end":{"line":10,"column":10}},"loc":{"start":{"line":10,"column":37},"end":{"line":20,"column":5}}}},"branchMap":{},"s":{"0":8,"1":8,"2":8,"3":28,"4":1,"5":1,"6":1,"7":1},"f":{"0":28,"1":1},"b":{}}
,"C:\\Projects\\odh-voice-assistant\\lambda\\custom\\intents\\SessionEnded.ts": {"path":"C:\\Projects\\odh-voice-assistant\\lambda\\custom\\intents\\SessionEnded.ts","statementMap":{"0":{"start":{"line":2,"column":0},"end":{"line":2,"column":40}},"1":{"start":{"line":4,"column":0},"end":{"line":4,"column":48}},"2":{"start":{"line":6,"column":13},"end":{"line":17,"column":2}},"3":{"start":{"line":8,"column":8},"end":{"line":8,"column":63}},"4":{"start":{"line":11,"column":45},"end":{"line":11,"column":81}},"5":{"start":{"line":13,"column":8},"end":{"line":13,"column":77}},"6":{"start":{"line":15,"column":8},"end":{"line":15,"column":58}}},"fnMap":{"0":{"name":"(anonymous_0)","decl":{"start":{"line":7,"column":4},"end":{"line":7,"column":13}},"loc":{"start":{"line":7,"column":40},"end":{"line":9,"column":5}}},"1":{"name":"(anonymous_1)","decl":{"start":{"line":10,"column":4},"end":{"line":10,"column":10}},"loc":{"start":{"line":10,"column":37},"end":{"line":16,"column":5}}}},"branchMap":{},"s":{"0":8,"1":8,"2":8,"3":24,"4":0,"5":0,"6":0},"f":{"0":24,"1":0},"b":{}}
,"C:\\Projects\\odh-voice-assistant\\lambda\\custom\\intents\\Stop.ts": {"path":"C:\\Projects\\odh-voice-assistant\\lambda\\custom\\intents\\Stop.ts","statementMap":{"0":{"start":{"line":2,"column":0},"end":{"line":2,"column":65}},"1":{"start":{"line":3,"column":0},"end":{"line":3,"column":64}},"2":{"start":{"line":5,"column":13},"end":{"line":19,"column":2}},"3":{"start":{"line":7,"column":8},"end":{"line":7,"column":76}},"4":{"start":{"line":11,"column":22},"end":{"line":11,"column":56}},"5":{"start":{"line":13,"column":27},"end":{"line":13,"column":58}},"6":{"start":{"line":15,"column":8},"end":{"line":17,"column":27}}},"fnMap":{"0":{"name":"(anonymous_0)","decl":{"start":{"line":6,"column":4},"end":{"line":6,"column":13}},"loc":{"start":{"line":6,"column":40},"end":{"line":8,"column":5}}},"1":{"name":"(anonymous_1)","decl":{"start":{"line":9,"column":4},"end":{"line":9,"column":10}},"loc":{"start":{"line":9,"column":37},"end":{"line":18,"column":5}}}},"branchMap":{},"s":{"0":8,"1":8,"2":8,"3":25,"4":1,"5":1,"6":1},"f":{"0":25,"1":1},"b":{}}
,"C:\\Projects\\odh-voice-assistant\\lambda\\custom\\intents\\index.ts": {"path":"C:\\Projects\\odh-voice-assistant\\lambda\\custom\\intents\\index.ts","statementMap":{"0":{"start":{"line":1,"column":0},"end":{"line":1,"column":25}},"1":{"start":{"line":2,"column":0},"end":{"line":2,"column":23}},"2":{"start":{"line":3,"column":0},"end":{"line":3,"column":31}},"3":{"start":{"line":4,"column":0},"end":{"line":4,"column":23}},"4":{"start":{"line":6,"column":0},"end":{"line":6,"column":29}},"5":{"start":{"line":7,"column":0},"end":{"line":7,"column":27}},"6":{"start":{"line":8,"column":0},"end":{"line":8,"column":35}},"7":{"start":{"line":10,"column":0},"end":{"line":10,"column":24}}},"fnMap":{},"branchMap":{},"s":{"0":8,"1":8,"2":8,"3":8,"4":8,"5":8,"6":8,"7":8},"f":{},"b":{}}
,"C:\\Projects\\odh-voice-assistant\\lambda\\custom\\intents\\CarSharing\\list.ts": {"path":"C:\\Projects\\odh-voice-assistant\\lambda\\custom\\intents\\CarSharing\\list.ts","statementMap":{"0":{"start":{"line":3,"column":0},"end":{"line":3,"column":96}},"1":{"start":{"line":4,"column":0},"end":{"line":4,"column":139}},"2":{"start":{"line":8,"column":0},"end":{"line":8,"column":78}},"3":{"start":{"line":9,"column":0},"end":{"line":9,"column":43}},"4":{"start":{"line":11,"column":0},"end":{"line":11,"column":51}},"5":{"start":{"line":14,"column":13},"end":{"line":204,"column":null}},"6":{"start":{"line":16,"column":8},"end":{"line":16,"column":67}},"7":{"start":{"line":20,"column":32},"end":{"line":20,"column":66}},"8":{"start":{"line":22,"column":21},"end":{"line":22,"column":31}},"9":{"start":{"line":43,"column":34},"end":{"line":43,"column":87}},"10":{"start":{"line":44,"column":25},"end":{"line":44,"column":53}},"11":{"start":{"line":50,"column":30},"end":{"line":52,"column":14}},"12":{"start":{"line":56,"column":16},"end":{"line":56,"column":63}},"13":{"start":{"line":58,"column":16},"end":{"line":58,"column":64}},"14":{"start":{"line":63,"column":32},"end":{"line":63,"column":90}},"15":{"start":{"line":64,"column":29},"end":{"line":64,"column":88}},"16":{"start":{"line":65,"column":32},"end":{"line":65,"column":87}},"17":{"start":{"line":68,"column":31},"end":{"line":68,"column":95}},"18":{"start":{"line":69,"column":32},"end":{"line":69,"column":61}},"19":{"start":{"line":72,"column":20},"end":{"line":72,"column":69}},"20":{"start":{"line":73,"column":20},"end":{"line":73,"column":70}},"21":{"start":{"line":78,"column":8},"end":{"line":189,"column":11}},"22":{"start":{"line":81,"column":92},"end":{"line":180,"column":null}},"23":{"start":{"line":85,"column":47},"end":{"line":85,"column":62}},"24":{"start":{"line":97,"column":20},"end":{"line":97,"column":149}},"25":{"start":{"line":99,"column":20},"end":{"line":99,"column":87}},"26":{"start":{"line":100,"column":20},"end":{"line":100,"column":88}},"27":{"start":{"line":102,"column":20},"end":{"line":156,"column":23}},"28":{"start":{"line":102,"column":73},"end":{"line":156,"column":22}},"29":{"start":{"line":104,"column":24},"end":{"line":134,"column":27}},"30":{"start":{"line":116,"column":40},"end":{"line":116,"column":109}},"31":{"start":{"line":119,"column":40},"end":{"line":119,"column":112}},"32":{"start":{"line":122,"column":40},"end":{"line":122,"column":109}},"33":{"start":{"line":127,"column":32},"end":{"line":127,"column":53}},"34":{"start":{"line":128,"column":32},"end":{"line":132,"column":null}},"35":{"start":{"line":137,"column":28},"end":{"line":141,"column":31}},"36":{"start":{"line":144,"column":28},"end":{"line":148,"column":31}},"37":{"start":{"line":151,"column":28},"end":{"line":154,"column":null}},"38":{"start":{"line":160,"column":24},"end":{"line":160,"column":91}},"39":{"start":{"line":163,"column":20},"end":{"line":163,"column":74}},"40":{"start":{"line":166,"column":20},"end":{"line":171,"column":23}},"41":{"start":{"line":174,"column":20},"end":{"line":178,"column":null}},"42":{"start":{"line":182,"column":16},"end":{"line":182,"column":37}},"43":{"start":{"line":183,"column":16},"end":{"line":187,"column":null}},"44":{"start":{"line":191,"column":23},"end":{"line":191,"column":51}},"45":{"start":{"line":194,"column":12},"end":{"line":194,"column":54}},"46":{"start":{"line":199,"column":12},"end":{"line":199,"column":57}},"47":{"start":{"line":202,"column":8},"end":{"line":202,"column":38}}},"fnMap":{"0":{"name":"(anonymous_6)","decl":{"start":{"line":15,"column":4},"end":{"line":15,"column":13}},"loc":{"start":{"line":15,"column":40},"end":{"line":17,"column":5}}},"1":{"name":"(anonymous_9)","decl":{"start":{"line":81,"column":23},"end":{"line":81,"column":30}},"loc":{"start":{"line":81,"column":92},"end":{"line":180,"column":null}}},"2":{"name":"(anonymous_10)","decl":{"start":{"line":81,"column":92},"end":{"line":81,"column":null}},"loc":{"start":{"line":81,"column":92},"end":{"line":180,"column":13}}},"3":{"name":"(anonymous_11)","decl":{"start":{"line":102,"column":49},"end":{"line":102,"column":56}},"loc":{"start":{"line":102,"column":73},"end":{"line":156,"column":22}}},"4":{"name":"(anonymous_12)","decl":{"start":{"line":102,"column":73},"end":{"line":102,"column":null}},"loc":{"start":{"line":102,"column":73},"end":{"line":156,"column":21}}},"5":{"name":"(anonymous_13)","decl":{"start":{"line":113,"column":39},"end":{"line":113,"column":40}},"loc":{"start":{"line":113,"column":107},"end":{"line":125,"column":29}}},"6":{"name":"(anonymous_14)","decl":{"start":{"line":126,"column":37},"end":{"line":126,"column":38}},"loc":{"start":{"line":126,"column":47},"end":{"line":133,"column":29}}},"7":{"name":"(anonymous_15)","decl":{"start":{"line":181,"column":21},"end":{"line":181,"column":22}},"loc":{"start":{"line":181,"column":31},"end":{"line":188,"column":13}}}},"branchMap":{},"s":{"0":8,"1":8,"2":8,"3":8,"4":8,"5":8,"6":9,"7":1,"8":1,"9":1,"10":1,"11":1,"12":1,"13":1,"14":0,"15":0,"16":0,"17":0,"18":0,"19":0,"20":0,"21":1,"22":1,"23":1,"24":1,"25":1,"26":1,"27":1,"28":5,"29":5,"30":0,"31":0,"32":5,"33":0,"34":0,"35":2,"36":3,"37":0,"38":1,"39":1,"40":1,"41":0,"42":0,"43":0,"44":1,"45":1,"46":1,"47":1},"f":{"0":9,"1":1,"2":1,"3":5,"4":5,"5":5,"6":0,"7":0},"b":{}}
,"C:\\Projects\\odh-voice-assistant\\lambda\\custom\\intents\\Event\\index.ts": {"path":"C:\\Projects\\odh-voice-assistant\\lambda\\custom\\intents\\Event\\index.ts","statementMap":{"0":{"start":{"line":1,"column":0},"end":{"line":1,"column":23}}},"fnMap":{},"branchMap":{},"s":{"0":24},"f":{},"b":{}}
,"C:\\Projects\\odh-voice-assistant\\lambda\\custom\\intents\\Event\\list.ts": {"path":"C:\\Projects\\odh-voice-assistant\\lambda\\custom\\intents\\Event\\list.ts","statementMap":{"0":{"start":{"line":3,"column":0},"end":{"line":3,"column":130}},"1":{"start":{"line":4,"column":0},"end":{"line":4,"column":114}},"2":{"start":{"line":7,"column":0},"end":{"line":7,"column":55}},"3":{"start":{"line":8,"column":0},"end":{"line":8,"column":78}},"4":{"start":{"line":10,"column":13},"end":{"line":392,"column":null}},"5":{"start":{"line":12,"column":8},"end":{"line":12,"column":58}},"6":{"start":{"line":16,"column":32},"end":{"line":16,"column":66}},"7":{"start":{"line":19,"column":21},"end":{"line":19,"column":31}},"8":{"start":{"line":28,"column":34},"end":{"line":28,"column":87}},"9":{"start":{"line":29,"column":27},"end":{"line":29,"column":57}},"10":{"start":{"line":30,"column":29},"end":{"line":30,"column":61}},"11":{"start":{"line":31,"column":27},"end":{"line":31,"column":57}},"12":{"start":{"line":32,"column":26},"end":{"line":32,"column":55}},"13":{"start":{"line":33,"column":29},"end":{"line":33,"column":61}},"14":{"start":{"line":40,"column":29},"end":{"line":40,"column":30}},"15":{"start":{"line":41,"column":30},"end":{"line":41,"column":31}},"16":{"start":{"line":55,"column":16},"end":{"line":55,"column":48}},"17":{"start":{"line":58,"column":16},"end":{"line":62,"column":null}},"18":{"start":{"line":74,"column":38},"end":{"line":74,"column":40}},"19":{"start":{"line":76,"column":12},"end":{"line":144,"column":15}},"20":{"start":{"line":83,"column":24},"end":{"line":85,"column":27}},"21":{"start":{"line":84,"column":28},"end":{"line":84,"column":120}},"22":{"start":{"line":89,"column":28},"end":{"line":89,"column":69}},"23":{"start":{"line":95,"column":49},"end":{"line":97,"column":32}},"24":{"start":{"line":96,"column":32},"end":{"line":96,"column":null}},"25":{"start":{"line":101,"column":32},"end":{"line":101,"column":64}},"26":{"start":{"line":104,"column":32},"end":{"line":104,"column":64}},"27":{"start":{"line":120,"column":28},"end":{"line":124,"column":null}},"28":{"start":{"line":129,"column":24},"end":{"line":133,"column":null}},"29":{"start":{"line":137,"column":20},"end":{"line":137,"column":41}},"30":{"start":{"line":138,"column":20},"end":{"line":142,"column":null}},"31":{"start":{"line":148,"column":16},"end":{"line":191,"column":19}},"32":{"start":{"line":155,"column":28},"end":{"line":157,"column":31}},"33":{"start":{"line":156,"column":32},"end":{"line":156,"column":71}},"34":{"start":{"line":161,"column":32},"end":{"line":161,"column":59}},"35":{"start":{"line":164,"column":32},"end":{"line":164,"column":73}},"36":{"start":{"line":167,"column":32},"end":{"line":171,"column":null}},"37":{"start":{"line":176,"column":28},"end":{"line":180,"column":null}},"38":{"start":{"line":184,"column":24},"end":{"line":184,"column":45}},"39":{"start":{"line":185,"column":24},"end":{"line":189,"column":null}},"40":{"start":{"line":196,"column":31},"end":{"line":196,"column":59}},"41":{"start":{"line":199,"column":20},"end":{"line":199,"column":62}},"42":{"start":{"line":204,"column":20},"end":{"line":204,"column":65}},"43":{"start":{"line":207,"column":16},"end":{"line":207,"column":46}},"44":{"start":{"line":222,"column":27},"end":{"line":222,"column":70}},"45":{"start":{"line":224,"column":32},"end":{"line":224,"column":53}},"46":{"start":{"line":225,"column":32},"end":{"line":225,"column":50}},"47":{"start":{"line":228,"column":33},"end":{"line":228,"column":55}},"48":{"start":{"line":229,"column":31},"end":{"line":229,"column":95}},"49":{"start":{"line":230,"column":32},"end":{"line":230,"column":61}},"50":{"start":{"line":233,"column":20},"end":{"line":233,"column":57}},"51":{"start":{"line":234,"column":20},"end":{"line":234,"column":58}},"52":{"start":{"line":241,"column":28},"end":{"line":241,"column":62}},"53":{"start":{"line":243,"column":12},"end":{"line":246,"column":15}},"54":{"start":{"line":247,"column":12},"end":{"line":250,"column":15}},"55":{"start":{"line":251,"column":12},"end":{"line":255,"column":15}},"56":{"start":{"line":256,"column":12},"end":{"line":260,"column":15}},"57":{"start":{"line":263,"column":12},"end":{"line":263,"column":38}},"58":{"start":{"line":264,"column":12},"end":{"line":264,"column":34}},"59":{"start":{"line":268,"column":12},"end":{"line":268,"column":42}},"60":{"start":{"line":269,"column":12},"end":{"line":269,"column":38}},"61":{"start":{"line":272,"column":12},"end":{"line":276,"column":15}},"62":{"start":{"line":277,"column":12},"end":{"line":281,"column":15}},"63":{"start":{"line":284,"column":12},"end":{"line":284,"column":38}},"64":{"start":{"line":285,"column":12},"end":{"line":285,"column":34}},"65":{"start":{"line":290,"column":12},"end":{"line":376,"column":15}},"66":{"start":{"line":299,"column":39},"end":{"line":301,"column":41}},"67":{"start":{"line":300,"column":28},"end":{"line":300,"column":51}},"68":{"start":{"line":308,"column":36},"end":{"line":308,"column":184}},"69":{"start":{"line":311,"column":36},"end":{"line":311,"column":217}},"70":{"start":{"line":317,"column":36},"end":{"line":317,"column":144}},"71":{"start":{"line":320,"column":36},"end":{"line":320,"column":177}},"72":{"start":{"line":326,"column":32},"end":{"line":326,"column":190}},"73":{"start":{"line":329,"column":32},"end":{"line":329,"column":137}},"74":{"start":{"line":333,"column":28},"end":{"line":333,"column":142}},"75":{"start":{"line":337,"column":28},"end":{"line":337,"column":103}},"76":{"start":{"line":342,"column":28},"end":{"line":342,"column":92}},"77":{"start":{"line":345,"column":28},"end":{"line":345,"column":91}},"78":{"start":{"line":348,"column":24},"end":{"line":348,"column":73}},"79":{"start":{"line":349,"column":24},"end":{"line":349,"column":91}},"80":{"start":{"line":353,"column":24},"end":{"line":358,"column":27}},"81":{"start":{"line":361,"column":24},"end":{"line":365,"column":null}},"82":{"start":{"line":369,"column":20},"end":{"line":369,"column":41}},"83":{"start":{"line":370,"column":20},"end":{"line":374,"column":null}},"84":{"start":{"line":379,"column":23},"end":{"line":379,"column":51}},"85":{"start":{"line":382,"column":12},"end":{"line":382,"column":54}},"86":{"start":{"line":387,"column":12},"end":{"line":387,"column":57}},"87":{"start":{"line":390,"column":8},"end":{"line":390,"column":38}}},"fnMap":{"0":{"name":"(anonymous_6)","decl":{"start":{"line":11,"column":4},"end":{"line":11,"column":13}},"loc":{"start":{"line":11,"column":40},"end":{"line":13,"column":5}}},"1":{"name":"(anonymous_9)","decl":{"start":{"line":81,"column":27},"end":{"line":81,"column":28}},"loc":{"start":{"line":81,"column":96},"end":{"line":135,"column":17}}},"2":{"name":"(anonymous_10)","decl":{"start":{"line":83,"column":51},"end":{"line":83,"column":59}},"loc":{"start":{"line":83,"column":62},"end":{"line":85,"column":25}}},"3":{"name":"(anonymous_11)","decl":{"start":{"line":95,"column":74},"end":{"line":95,"column":75}},"loc":{"start":{"line":95,"column":78},"end":{"line":97,"column":29}}},"4":{"name":"(anonymous_12)","decl":{"start":{"line":136,"column":25},"end":{"line":136,"column":26}},"loc":{"start":{"line":136,"column":35},"end":{"line":143,"column":17}}},"5":{"name":"(anonymous_13)","decl":{"start":{"line":153,"column":31},"end":{"line":153,"column":32}},"loc":{"start":{"line":153,"column":102},"end":{"line":182,"column":21}}},"6":{"name":"(anonymous_14)","decl":{"start":{"line":155,"column":55},"end":{"line":155,"column":67}},"loc":{"start":{"line":155,"column":70},"end":{"line":157,"column":29}}},"7":{"name":"(anonymous_15)","decl":{"start":{"line":183,"column":29},"end":{"line":183,"column":30}},"loc":{"start":{"line":183,"column":39},"end":{"line":190,"column":21}}},"8":{"name":"(anonymous_16)","decl":{"start":{"line":295,"column":27},"end":{"line":295,"column":28}},"loc":{"start":{"line":295,"column":93},"end":{"line":367,"column":17}}},"9":{"name":"(anonymous_17)","decl":{"start":{"line":299,"column":93},"end":{"line":299,"column":94}},"loc":{"start":{"line":299,"column":103},"end":{"line":301,"column":25}}},"10":{"name":"(anonymous_18)","decl":{"start":{"line":368,"column":25},"end":{"line":368,"column":26}},"loc":{"start":{"line":368,"column":35},"end":{"line":375,"column":17}}}},"branchMap":{"0":{"loc":{"start":{"line":209,"column":21},"end":{"line":209,"column":77}},"type":"binary-expr","locations":[{"start":{"line":209,"column":21},"end":{"line":209,"column":77}},{"start":{"line":209,"column":81},"end":{"line":209,"column":110}}]},"1":{"loc":{"start":{"line":227,"column":16},"end":{"line":227,"column":41}},"type":"binary-expr","locations":[{"start":{"line":227,"column":16},"end":{"line":227,"column":41}},{"start":{"line":227,"column":45},"end":{"line":227,"column":72}}]},"2":{"loc":{"start":{"line":267,"column":17},"end":{"line":267,"column":42}},"type":"binary-expr","locations":[{"start":{"line":267,"column":17},"end":{"line":267,"column":42}},{"start":{"line":267,"column":46},"end":{"line":267,"column":69}}]},"3":{"loc":{"start":{"line":297,"column":24},"end":{"line":297,"column":50}},"type":"binary-expr","locations":[{"start":{"line":297,"column":24},"end":{"line":297,"column":50}},{"start":{"line":297,"column":54},"end":{"line":297,"column":75}}]},"4":{"loc":{"start":{"line":303,"column":28},"end":{"line":303,"column":56}},"type":"binary-expr","locations":[{"start":{"line":303,"column":28},"end":{"line":303,"column":56}},{"start":{"line":303,"column":60},"end":{"line":303,"column":86}}]}},"s":{"0":8,"1":8,"2":8,"3":8,"4":8,"5":24,"6":6,"7":6,"8":6,"9":6,"10":6,"11":6,"12":6,"13":6,"14":6,"15":6,"16":3,"17":0,"18":2,"19":2,"20":2,"21":1054,"22":2,"23":0,"24":0,"25":0,"26":0,"27":0,"28":0,"29":0,"30":0,"31":2,"32":0,"33":0,"34":0,"35":0,"36":0,"37":2,"38":0,"39":0,"40":2,"41":2,"42":2,"43":2,"44":4,"45":4,"46":4,"47":0,"48":0,"49":0,"50":0,"51":0,"52":2,"53":2,"54":2,"55":2,"56":2,"57":2,"58":2,"59":2,"60":2,"61":2,"62":2,"63":2,"64":2,"65":4,"66":4,"67":20,"68":1,"69":1,"70":1,"71":1,"72":0,"73":0,"74":0,"75":0,"76":0,"77":4,"78":4,"79":4,"80":4,"81":0,"82":0,"83":0,"84":4,"85":4,"86":4,"87":4},"f":{"0":24,"1":2,"2":1054,"3":0,"4":0,"5":2,"6":0,"7":0,"8":4,"9":20,"10":0},"b":{"0":[0,0],"1":[4,0],"2":[2,2],"3":[4,4],"4":[4,0]}}
,"C:\\Projects\\odh-voice-assistant\\lambda\\custom\\intents\\FindMunicipality\\index.ts": {"path":"C:\\Projects\\odh-voice-assistant\\lambda\\custom\\intents\\FindMunicipality\\index.ts","statementMap":{"0":{"start":{"line":3,"column":0},"end":{"line":3,"column":67}},"1":{"start":{"line":4,"column":0},"end":{"line":4,"column":69}},"2":{"start":{"line":5,"column":0},"end":{"line":5,"column":49}},"3":{"start":{"line":7,"column":13},"end":{"line":49,"column":null}},"4":{"start":{"line":9,"column":8},"end":{"line":9,"column":69}},"5":{"start":{"line":13,"column":34},"end":{"line":13,"column":87}},"6":{"start":{"line":14,"column":40},"end":{"line":14,"column":93}},"7":{"start":{"line":15,"column":22},"end":{"line":15,"column":56}},"8":{"start":{"line":17,"column":33},"end":{"line":17,"column":69}},"9":{"start":{"line":21,"column":46},"end":{"line":23,"column":14}},"10":{"start":{"line":22,"column":16},"end":{"line":22,"column":60}},"11":{"start":{"line":27,"column":16},"end":{"line":32,"column":19}},"12":{"start":{"line":34,"column":16},"end":{"line":34,"column":61}},"13":{"start":{"line":37,"column":16},"end":{"line":40,"column":35}},"14":{"start":{"line":44,"column":8},"end":{"line":47,"column":27}}},"fnMap":{"0":{"name":"(anonymous_6)","decl":{"start":{"line":8,"column":4},"end":{"line":8,"column":13}},"loc":{"start":{"line":8,"column":40},"end":{"line":10,"column":5}}},"1":{"name":"(anonymous_9)","decl":{"start":{"line":21,"column":73},"end":{"line":21,"column":74}},"loc":{"start":{"line":21,"column":98},"end":{"line":23,"column":13}}}},"branchMap":{"0":{"loc":{"start":{"line":19,"column":12},"end":{"line":19,"column":36}},"type":"binary-expr","locations":[{"start":{"line":19,"column":12},"end":{"line":19,"column":36}},{"start":{"line":19,"column":40},"end":{"line":19,"column":73}}]}},"s":{"0":8,"1":8,"2":8,"3":8,"4":1,"5":0,"6":0,"7":0,"8":0,"9":0,"10":0,"11":0,"12":0,"13":0,"14":0},"f":{"0":1,"1":0},"b":{"0":[0,0]}}
,"C:\\Projects\\odh-voice-assistant\\lambda\\custom\\intents\\Gastronomy\\list.ts": {"path":"C:\\Projects\\odh-voice-assistant\\lambda\\custom\\intents\\Gastronomy\\list.ts","statementMap":{"0":{"start":{"line":3,"column":0},"end":{"line":3,"column":118}},"1":{"start":{"line":4,"column":0},"end":{"line":4,"column":130}},"2":{"start":{"line":8,"column":0},"end":{"line":8,"column":78}},"3":{"start":{"line":10,"column":13},"end":{"line":355,"column":null}},"4":{"start":{"line":12,"column":8},"end":{"line":12,"column":67}},"5":{"start":{"line":16,"column":32},"end":{"line":16,"column":66}},"6":{"start":{"line":19,"column":21},"end":{"line":19,"column":31}},"7":{"start":{"line":28,"column":34},"end":{"line":28,"column":87}},"8":{"start":{"line":29,"column":35},"end":{"line":29,"column":73}},"9":{"start":{"line":30,"column":33},"end":{"line":30,"column":69}},"10":{"start":{"line":31,"column":29},"end":{"line":31,"column":61}},"11":{"start":{"line":33,"column":29},"end":{"line":33,"column":30}},"12":{"start":{"line":34,"column":30},"end":{"line":34,"column":31}},"13":{"start":{"line":49,"column":39},"end":{"line":49,"column":71}},"14":{"start":{"line":54,"column":28},"end":{"line":54,"column":72}},"15":{"start":{"line":55,"column":28},"end":{"line":55,"column":34}},"16":{"start":{"line":57,"column":28},"end":{"line":57,"column":71}},"17":{"start":{"line":58,"column":28},"end":{"line":58,"column":34}},"18":{"start":{"line":62,"column":20},"end":{"line":65,"column":39}},"19":{"start":{"line":69,"column":16},"end":{"line":72,"column":35}},"20":{"start":{"line":78,"column":16},"end":{"line":78,"column":62}},"21":{"start":{"line":81,"column":16},"end":{"line":84,"column":35}},"22":{"start":{"line":96,"column":38},"end":{"line":96,"column":40}},"23":{"start":{"line":98,"column":12},"end":{"line":166,"column":15}},"24":{"start":{"line":105,"column":24},"end":{"line":107,"column":27}},"25":{"start":{"line":106,"column":28},"end":{"line":106,"column":120}},"26":{"start":{"line":111,"column":28},"end":{"line":111,"column":69}},"27":{"start":{"line":117,"column":49},"end":{"line":119,"column":32}},"28":{"start":{"line":118,"column":32},"end":{"line":118,"column":null}},"29":{"start":{"line":123,"column":32},"end":{"line":123,"column":64}},"30":{"start":{"line":126,"column":32},"end":{"line":126,"column":64}},"31":{"start":{"line":142,"column":28},"end":{"line":146,"column":null}},"32":{"start":{"line":151,"column":24},"end":{"line":155,"column":null}},"33":{"start":{"line":159,"column":20},"end":{"line":159,"column":41}},"34":{"start":{"line":160,"column":20},"end":{"line":164,"column":null}},"35":{"start":{"line":170,"column":16},"end":{"line":213,"column":19}},"36":{"start":{"line":177,"column":28},"end":{"line":179,"column":31}},"37":{"start":{"line":178,"column":32},"end":{"line":178,"column":71}},"38":{"start":{"line":183,"column":32},"end":{"line":183,"column":59}},"39":{"start":{"line":186,"column":32},"end":{"line":186,"column":73}},"40":{"start":{"line":189,"column":32},"end":{"line":193,"column":null}},"41":{"start":{"line":198,"column":28},"end":{"line":202,"column":null}},"42":{"start":{"line":206,"column":24},"end":{"line":206,"column":45}},"43":{"start":{"line":207,"column":24},"end":{"line":211,"column":null}},"44":{"start":{"line":218,"column":31},"end":{"line":218,"column":59}},"45":{"start":{"line":221,"column":20},"end":{"line":221,"column":62}},"46":{"start":{"line":226,"column":20},"end":{"line":226,"column":65}},"47":{"start":{"line":229,"column":16},"end":{"line":229,"column":46}},"48":{"start":{"line":245,"column":27},"end":{"line":245,"column":70}},"49":{"start":{"line":246,"column":32},"end":{"line":246,"column":53}},"50":{"start":{"line":248,"column":32},"end":{"line":248,"column":50}},"51":{"start":{"line":251,"column":33},"end":{"line":251,"column":55}},"52":{"start":{"line":252,"column":31},"end":{"line":252,"column":95}},"53":{"start":{"line":253,"column":32},"end":{"line":253,"column":61}},"54":{"start":{"line":256,"column":20},"end":{"line":256,"column":57}},"55":{"start":{"line":257,"column":20},"end":{"line":257,"column":58}},"56":{"start":{"line":267,"column":8},"end":{"line":340,"column":11}},"57":{"start":{"line":276,"column":41},"end":{"line":278,"column":37}},"58":{"start":{"line":277,"column":24},"end":{"line":277,"column":47}},"59":{"start":{"line":282,"column":28},"end":{"line":282,"column":250}},"60":{"start":{"line":285,"column":28},"end":{"line":285,"column":198}},"61":{"start":{"line":288,"column":28},"end":{"line":288,"column":198}},"62":{"start":{"line":291,"column":28},"end":{"line":291,"column":152}},"63":{"start":{"line":295,"column":24},"end":{"line":295,"column":143}},"64":{"start":{"line":298,"column":24},"end":{"line":298,"column":147}},"65":{"start":{"line":301,"column":24},"end":{"line":301,"column":103}},"66":{"start":{"line":306,"column":24},"end":{"line":306,"column":93}},"67":{"start":{"line":309,"column":24},"end":{"line":309,"column":92}},"68":{"start":{"line":312,"column":20},"end":{"line":312,"column":75}},"69":{"start":{"line":313,"column":20},"end":{"line":313,"column":87}},"70":{"start":{"line":317,"column":20},"end":{"line":322,"column":23}},"71":{"start":{"line":325,"column":20},"end":{"line":329,"column":null}},"72":{"start":{"line":333,"column":16},"end":{"line":333,"column":37}},"73":{"start":{"line":334,"column":16},"end":{"line":338,"column":null}},"74":{"start":{"line":342,"column":23},"end":{"line":342,"column":51}},"75":{"start":{"line":345,"column":12},"end":{"line":345,"column":54}},"76":{"start":{"line":350,"column":12},"end":{"line":350,"column":57}},"77":{"start":{"line":353,"column":8},"end":{"line":353,"column":38}}},"fnMap":{"0":{"name":"(anonymous_6)","decl":{"start":{"line":11,"column":4},"end":{"line":11,"column":13}},"loc":{"start":{"line":11,"column":40},"end":{"line":13,"column":5}}},"1":{"name":"(anonymous_9)","decl":{"start":{"line":103,"column":27},"end":{"line":103,"column":28}},"loc":{"start":{"line":103,"column":96},"end":{"line":157,"column":17}}},"2":{"name":"(anonymous_10)","decl":{"start":{"line":105,"column":51},"end":{"line":105,"column":59}},"loc":{"start":{"line":105,"column":62},"end":{"line":107,"column":25}}},"3":{"name":"(anonymous_11)","decl":{"start":{"line":117,"column":74},"end":{"line":117,"column":75}},"loc":{"start":{"line":117,"column":78},"end":{"line":119,"column":29}}},"4":{"name":"(anonymous_12)","decl":{"start":{"line":158,"column":25},"end":{"line":158,"column":26}},"loc":{"start":{"line":158,"column":35},"end":{"line":165,"column":17}}},"5":{"name":"(anonymous_13)","decl":{"start":{"line":175,"column":31},"end":{"line":175,"column":32}},"loc":{"start":{"line":175,"column":102},"end":{"line":204,"column":21}}},"6":{"name":"(anonymous_14)","decl":{"start":{"line":177,"column":55},"end":{"line":177,"column":67}},"loc":{"start":{"line":177,"column":70},"end":{"line":179,"column":29}}},"7":{"name":"(anonymous_15)","decl":{"start":{"line":205,"column":29},"end":{"line":205,"column":30}},"loc":{"start":{"line":205,"column":39},"end":{"line":212,"column":21}}},"8":{"name":"(anonymous_16)","decl":{"start":{"line":272,"column":23},"end":{"line":272,"column":24}},"loc":{"start":{"line":272,"column":94},"end":{"line":331,"column":13}}},"9":{"name":"(anonymous_17)","decl":{"start":{"line":276,"column":95},"end":{"line":276,"column":96}},"loc":{"start":{"line":276,"column":105},"end":{"line":278,"column":21}}},"10":{"name":"(anonymous_18)","decl":{"start":{"line":332,"column":21},"end":{"line":332,"column":22}},"loc":{"start":{"line":332,"column":31},"end":{"line":339,"column":13}}}},"branchMap":{"0":{"loc":{"start":{"line":53,"column":24},"end":{"line":55,"column":34}},"type":"switch","locations":[{"start":{"line":53,"column":24},"end":{"line":55,"column":34}},{"start":{"line":56,"column":24},"end":{"line":58,"column":34}}]},"1":{"loc":{"start":{"line":231,"column":21},"end":{"line":231,"column":77}},"type":"binary-expr","locations":[{"start":{"line":231,"column":21},"end":{"line":231,"column":77}},{"start":{"line":231,"column":81},"end":{"line":231,"column":110}}]},"2":{"loc":{"start":{"line":250,"column":16},"end":{"line":250,"column":41}},"type":"binary-expr","locations":[{"start":{"line":250,"column":16},"end":{"line":250,"column":41}},{"start":{"line":250,"column":45},"end":{"line":250,"column":72}}]},"3":{"loc":{"start":{"line":274,"column":20},"end":{"line":274,"column":46}},"type":"binary-expr","locations":[{"start":{"line":274,"column":20},"end":{"line":274,"column":46}},{"start":{"line":274,"column":50},"end":{"line":274,"column":71}}]},"4":{"loc":{"start":{"line":280,"column":24},"end":{"line":280,"column":60}},"type":"binary-expr","locations":[{"start":{"line":280,"column":24},"end":{"line":280,"column":60}},{"start":{"line":280,"column":64},"end":{"line":280,"column":101}}]},"5":{"loc":{"start":{"line":281,"column":28},"end":{"line":281,"column":56}},"type":"binary-expr","locations":[{"start":{"line":281,"column":28},"end":{"line":281,"column":56}},{"start":{"line":281,"column":60},"end":{"line":281,"column":97}}]}},"s":{"0":8,"1":8,"2":8,"3":8,"4":8,"5":7,"6":7,"7":7,"8":7,"9":7,"10":7,"11":7,"12":7,"13":4,"14":0,"15":0,"16":4,"17":4,"18":0,"19":0,"20":3,"21":0,"22":3,"23":3,"24":3,"25":1581,"26":1,"27":2,"28":5,"29":2,"30":0,"31":0,"32":0,"33":0,"34":0,"35":3,"36":0,"37":0,"38":0,"39":0,"40":0,"41":3,"42":0,"43":0,"44":3,"45":3,"46":3,"47":3,"48":4,"49":4,"50":4,"51":0,"52":0,"53":0,"54":0,"55":0,"56":4,"57":4,"58":20,"59":0,"60":0,"61":1,"62":1,"63":0,"64":1,"65":1,"66":0,"67":4,"68":4,"69":4,"70":4,"71":0,"72":0,"73":0,"74":4,"75":4,"76":4,"77":4},"f":{"0":8,"1":3,"2":1581,"3":5,"4":0,"5":3,"6":0,"7":0,"8":4,"9":20,"10":0},"b":{"0":[0,4],"1":[0,0],"2":[4,0],"3":[4,4],"4":[4,2],"5":[2,0]}}
,"C:\\Projects\\odh-voice-assistant\\lambda\\custom\\intents\\LoadMore\\index.ts": {"path":"C:\\Projects\\odh-voice-assistant\\lambda\\custom\\intents\\LoadMore\\index.ts","statementMap":{"0":{"start":{"line":3,"column":0},"end":{"line":3,"column":158}},"1":{"start":{"line":4,"column":0},"end":{"line":4,"column":147}},"2":{"start":{"line":7,"column":0},"end":{"line":7,"column":51}},"3":{"start":{"line":9,"column":13},"end":{"line":392,"column":null}},"4":{"start":{"line":11,"column":8},"end":{"line":11,"column":61}},"5":{"start":{"line":15,"column":32},"end":{"line":15,"column":66}},"6":{"start":{"line":16,"column":66},"end":{"line":16,"column":119}},"7":{"start":{"line":18,"column":21},"end":{"line":18,"column":31}},"8":{"start":{"line":31,"column":12},"end":{"line":31,"column":32}},"9":{"start":{"line":35,"column":16},"end":{"line":35,"column":34}},"10":{"start":{"line":38,"column":20},"end":{"line":41,"column":39}},"11":{"start":{"line":45,"column":12},"end":{"line":80,"column":15}},"12":{"start":{"line":54,"column":39},"end":{"line":56,"column":41}},"13":{"start":{"line":55,"column":28},"end":{"line":55,"column":51}},"14":{"start":{"line":58,"column":24},"end":{"line":58,"column":72}},"15":{"start":{"line":60,"column":24},"end":{"line":60,"column":null}},"16":{"start":{"line":62,"column":24},"end":{"line":62,"column":91}},"17":{"start":{"line":65,"column":24},"end":{"line":69,"column":null}},"18":{"start":{"line":73,"column":20},"end":{"line":73,"column":41}},"19":{"start":{"line":74,"column":20},"end":{"line":78,"column":null}},"20":{"start":{"line":86,"column":12},"end":{"line":86,"column":31}},"21":{"start":{"line":90,"column":16},"end":{"line":90,"column":34}},"22":{"start":{"line":93,"column":20},"end":{"line":96,"column":39}},"23":{"start":{"line":100,"column":12},"end":{"line":135,"column":15}},"24":{"start":{"line":109,"column":38},"end":{"line":111,"column":41}},"25":{"start":{"line":110,"column":28},"end":{"line":110,"column":50}},"26":{"start":{"line":113,"column":24},"end":{"line":113,"column":71}},"27":{"start":{"line":115,"column":24},"end":{"line":115,"column":null}},"28":{"start":{"line":117,"column":24},"end":{"line":117,"column":91}},"29":{"start":{"line":120,"column":24},"end":{"line":124,"column":null}},"30":{"start":{"line":128,"column":20},"end":{"line":128,"column":41}},"31":{"start":{"line":129,"column":20},"end":{"line":133,"column":null}},"32":{"start":{"line":141,"column":12},"end":{"line":141,"column":37}},"33":{"start":{"line":145,"column":16},"end":{"line":145,"column":34}},"34":{"start":{"line":148,"column":20},"end":{"line":151,"column":39}},"35":{"start":{"line":155,"column":12},"end":{"line":190,"column":15}},"36":{"start":{"line":164,"column":45},"end":{"line":166,"column":41}},"37":{"start":{"line":165,"column":28},"end":{"line":165,"column":51}},"38":{"start":{"line":168,"column":24},"end":{"line":168,"column":78}},"39":{"start":{"line":170,"column":24},"end":{"line":170,"column":null}},"40":{"start":{"line":172,"column":24},"end":{"line":172,"column":91}},"41":{"start":{"line":175,"column":24},"end":{"line":179,"column":null}},"42":{"start":{"line":183,"column":20},"end":{"line":183,"column":41}},"43":{"start":{"line":184,"column":20},"end":{"line":188,"column":null}},"44":{"start":{"line":196,"column":16},"end":{"line":196,"column":38}},"45":{"start":{"line":199,"column":20},"end":{"line":202,"column":39}},"46":{"start":{"line":206,"column":12},"end":{"line":246,"column":15}},"47":{"start":{"line":215,"column":28},"end":{"line":215,"column":130}},"48":{"start":{"line":218,"column":43},"end":{"line":220,"column":136}},"49":{"start":{"line":219,"column":28},"end":{"line":219,"column":51}},"50":{"start":{"line":222,"column":24},"end":{"line":222,"column":76}},"51":{"start":{"line":225,"column":24},"end":{"line":225,"column":null}},"52":{"start":{"line":227,"column":24},"end":{"line":227,"column":91}},"53":{"start":{"line":231,"column":24},"end":{"line":235,"column":null}},"54":{"start":{"line":239,"column":20},"end":{"line":239,"column":41}},"55":{"start":{"line":240,"column":20},"end":{"line":244,"column":null}},"56":{"start":{"line":250,"column":25},"end":{"line":250,"column":42}},"57":{"start":{"line":254,"column":16},"end":{"line":254,"column":34}},"58":{"start":{"line":257,"column":20},"end":{"line":260,"column":39}},"59":{"start":{"line":263,"column":20},"end":{"line":263,"column":51}},"60":{"start":{"line":264,"column":20},"end":{"line":264,"column":51}},"61":{"start":{"line":268,"column":12},"end":{"line":376,"column":15}},"62":{"start":{"line":271,"column":96},"end":{"line":367,"column":null}},"63":{"start":{"line":276,"column":24},"end":{"line":281,"column":27}},"64":{"start":{"line":293,"column":24},"end":{"line":293,"column":153}},"65":{"start":{"line":295,"column":24},"end":{"line":295,"column":92}},"66":{"start":{"line":297,"column":24},"end":{"line":351,"column":27}},"67":{"start":{"line":297,"column":77},"end":{"line":351,"column":26}},"68":{"start":{"line":299,"column":28},"end":{"line":329,"column":31}},"69":{"start":{"line":311,"column":44},"end":{"line":311,"column":113}},"70":{"start":{"line":314,"column":44},"end":{"line":314,"column":116}},"71":{"start":{"line":317,"column":44},"end":{"line":317,"column":113}},"72":{"start":{"line":322,"column":36},"end":{"line":322,"column":57}},"73":{"start":{"line":323,"column":36},"end":{"line":327,"column":null}},"74":{"start":{"line":332,"column":32},"end":{"line":336,"column":35}},"75":{"start":{"line":339,"column":32},"end":{"line":343,"column":35}},"76":{"start":{"line":346,"column":32},"end":{"line":349,"column":null}},"77":{"start":{"line":355,"column":28},"end":{"line":355,"column":109}},"78":{"start":{"line":358,"column":24},"end":{"line":358,"column":78}},"79":{"start":{"line":361,"column":24},"end":{"line":365,"column":null}},"80":{"start":{"line":369,"column":20},"end":{"line":369,"column":41}},"81":{"start":{"line":370,"column":20},"end":{"line":374,"column":null}},"82":{"start":{"line":379,"column":23},"end":{"line":379,"column":51}},"83":{"start":{"line":382,"column":12},"end":{"line":382,"column":54}},"84":{"start":{"line":386,"column":12},"end":{"line":386,"column":57}},"85":{"start":{"line":390,"column":8},"end":{"line":390,"column":38}}},"fnMap":{"0":{"name":"(anonymous_6)","decl":{"start":{"line":10,"column":4},"end":{"line":10,"column":13}},"loc":{"start":{"line":10,"column":40},"end":{"line":12,"column":5}}},"1":{"name":"(anonymous_9)","decl":{"start":{"line":50,"column":27},"end":{"line":50,"column":28}},"loc":{"start":{"line":50,"column":93},"end":{"line":71,"column":17}}},"2":{"name":"(anonymous_10)","decl":{"start":{"line":54,"column":93},"end":{"line":54,"column":94}},"loc":{"start":{"line":54,"column":103},"end":{"line":56,"column":25}}},"3":{"name":"(anonymous_11)","decl":{"start":{"line":72,"column":25},"end":{"line":72,"column":26}},"loc":{"start":{"line":72,"column":35},"end":{"line":79,"column":17}}},"4":{"name":"(anonymous_12)","decl":{"start":{"line":105,"column":27},"end":{"line":105,"column":28}},"loc":{"start":{"line":105,"column":91},"end":{"line":126,"column":17}}},"5":{"name":"(anonymous_13)","decl":{"start":{"line":109,"column":92},"end":{"line":109,"column":93}},"loc":{"start":{"line":109,"column":101},"end":{"line":111,"column":25}}},"6":{"name":"(anonymous_14)","decl":{"start":{"line":127,"column":25},"end":{"line":127,"column":26}},"loc":{"start":{"line":127,"column":35},"end":{"line":134,"column":17}}},"7":{"name":"(anonymous_15)","decl":{"start":{"line":160,"column":27},"end":{"line":160,"column":28}},"loc":{"start":{"line":160,"column":98},"end":{"line":181,"column":17}}},"8":{"name":"(anonymous_16)","decl":{"start":{"line":164,"column":99},"end":{"line":164,"column":100}},"loc":{"start":{"line":164,"column":109},"end":{"line":166,"column":25}}},"9":{"name":"(anonymous_17)","decl":{"start":{"line":182,"column":25},"end":{"line":182,"column":26}},"loc":{"start":{"line":182,"column":35},"end":{"line":189,"column":17}}},"10":{"name":"(anonymous_18)","decl":{"start":{"line":211,"column":27},"end":{"line":211,"column":28}},"loc":{"start":{"line":211,"column":91},"end":{"line":237,"column":17}}},"11":{"name":"(anonymous_19)","decl":{"start":{"line":218,"column":97},"end":{"line":218,"column":98}},"loc":{"start":{"line":218,"column":112},"end":{"line":220,"column":25}}},"12":{"name":"(anonymous_20)","decl":{"start":{"line":238,"column":25},"end":{"line":238,"column":26}},"loc":{"start":{"line":238,"column":35},"end":{"line":245,"column":17}}},"13":{"name":"(anonymous_21)","decl":{"start":{"line":271,"column":27},"end":{"line":271,"column":34}},"loc":{"start":{"line":271,"column":96},"end":{"line":367,"column":null}}},"14":{"name":"(anonymous_22)","decl":{"start":{"line":271,"column":96},"end":{"line":271,"column":null}},"loc":{"start":{"line":271,"column":96},"end":{"line":367,"column":17}}},"15":{"name":"(anonymous_23)","decl":{"start":{"line":297,"column":53},"end":{"line":297,"column":60}},"loc":{"start":{"line":297,"column":77},"end":{"line":351,"column":26}}},"16":{"name":"(anonymous_24)","decl":{"start":{"line":297,"column":77},"end":{"line":297,"column":null}},"loc":{"start":{"line":297,"column":77},"end":{"line":351,"column":25}}},"17":{"name":"(anonymous_25)","decl":{"start":{"line":308,"column":43},"end":{"line":308,"column":44}},"loc":{"start":{"line":308,"column":111},"end":{"line":320,"column":33}}},"18":{"name":"(anonymous_26)","decl":{"start":{"line":321,"column":41},"end":{"line":321,"column":42}},"loc":{"start":{"line":321,"column":51},"end":{"line":328,"column":33}}},"19":{"name":"(anonymous_27)","decl":{"start":{"line":368,"column":25},"end":{"line":368,"column":26}},"loc":{"start":{"line":368,"column":35},"end":{"line":375,"column":17}}}},"branchMap":{"0":{"loc":{"start":{"line":60,"column":96},"end":{"line":60,"column":128}},"type":"cond-expr","locations":[{"start":{"line":60,"column":96},"end":{"line":60,"column":128}},{"start":{"line":60,"column":131},"end":{"line":60,"column":162}}]},"1":{"loc":{"start":{"line":115,"column":96},"end":{"line":115,"column":128}},"type":"cond-expr","locations":[{"start":{"line":115,"column":96},"end":{"line":115,"column":128}},{"start":{"line":115,"column":131},"end":{"line":115,"column":162}}]},"2":{"loc":{"start":{"line":170,"column":96},"end":{"line":170,"column":133}},"type":"cond-expr","locations":[{"start":{"line":170,"column":96},"end":{"line":170,"column":133}},{"start":{"line":170,"column":136},"end":{"line":170,"column":172}}]},"3":{"loc":{"start":{"line":214,"column":28},"end":{"line":214,"column":59}},"type":"binary-expr","locations":[{"start":{"line":214,"column":28},"end":{"line":214,"column":59}},{"start":{"line":214,"column":63},"end":{"line":214,"column":92}}]},"4":{"loc":{"start":{"line":225,"column":100},"end":{"line":225,"column":135}},"type":"cond-expr","locations":[{"start":{"line":225,"column":100},"end":{"line":225,"column":135}},{"start":{"line":225,"column":138},"end":{"line":225,"column":172}}]}},"s":{"0":8,"1":8,"2":8,"3":8,"4":1,"5":0,"6":0,"7":0,"8":0,"9":0,"10":0,"11":0,"12":0,"13":0,"14":0,"15":0,"16":0,"17":0,"18":0,"19":0,"20":0,"21":0,"22":0,"23":0,"24":0,"25":0,"26":0,"27":0,"28":0,"29":0,"30":0,"31":0,"32":0,"33":0,"34":0,"35":0,"36":0,"37":0,"38":0,"39":0,"40":0,"41":0,"42":0,"43":0,"44":0,"45":0,"46":0,"47":0,"48":0,"49":0,"50":0,"51":0,"52":0,"53":0,"54":0,"55":0,"56":0,"57":0,"58":0,"59":0,"60":0,"61":0,"62":0,"63":0,"64":0,"65":0,"66":0,"67":0,"68":0,"69":0,"70":0,"71":0,"72":0,"73":0,"74":0,"75":0,"76":0,"77":0,"78":0,"79":0,"80":0,"81":0,"82":0,"83":0,"84":0,"85":0},"f":{"0":1,"1":0,"2":0,"3":0,"4":0,"5":0,"6":0,"7":0,"8":0,"9":0,"10":0,"11":0,"12":0,"13":0,"14":0,"15":0,"16":0,"17":0,"18":0,"19":0},"b":{"0":[0,0],"1":[0,0],"2":[0,0],"3":[0,0],"4":[0,0]}}
,"C:\\Projects\\odh-voice-assistant\\lambda\\custom\\intents\\Pharmacy\\detail.ts": {"path":"C:\\Projects\\odh-voice-assistant\\lambda\\custom\\intents\\Pharmacy\\detail.ts","statementMap":{"0":{"start":{"line":3,"column":0},"end":{"line":3,"column":157}},"1":{"start":{"line":4,"column":0},"end":{"line":4,"column":131}},"2":{"start":{"line":7,"column":13},"end":{"line":190,"column":null}},"3":{"start":{"line":9,"column":8},"end":{"line":9,"column":67}},"4":{"start":{"line":13,"column":32},"end":{"line":13,"column":66}},"5":{"start":{"line":15,"column":21},"end":{"line":15,"column":31}},"6":{"start":{"line":33,"column":34},"end":{"line":33,"column":87}},"7":{"start":{"line":34,"column":22},"end":{"line":34,"column":51}},"8":{"start":{"line":37,"column":12},"end":{"line":174,"column":15}},"9":{"start":{"line":45,"column":24},"end":{"line":50,"column":27}},"10":{"start":{"line":47,"column":32},"end":{"line":47,"column":114}},"11":{"start":{"line":49,"column":28},"end":{"line":49,"column":41}},"12":{"start":{"line":52,"column":24},"end":{"line":52,"column":null}},"13":{"start":{"line":53,"column":24},"end":{"line":53,"column":null}},"14":{"start":{"line":56,"column":28},"end":{"line":60,"column":null}},"15":{"start":{"line":63,"column":45},"end":{"line":63,"column":62}},"16":{"start":{"line":66,"column":32},"end":{"line":71,"column":35}},"17":{"start":{"line":79,"column":32},"end":{"line":136,"column":35}},"18":{"start":{"line":81,"column":40},"end":{"line":85,"column":43}},"19":{"start":{"line":87,"column":40},"end":{"line":91,"column":43}},"20":{"start":{"line":93,"column":40},"end":{"line":96,"column":43}},"21":{"start":{"line":98,"column":58},"end":{"line":98,"column":92}},"22":{"start":{"line":99,"column":40},"end":{"line":99,"column":null}},"23":{"start":{"line":101,"column":40},"end":{"line":133,"column":43}},"24":{"start":{"line":102,"column":80},"end":{"line":102,"column":82}},"25":{"start":{"line":103,"column":80},"end":{"line":103,"column":82}},"26":{"start":{"line":106,"column":44},"end":{"line":111,"column":47}},"27":{"start":{"line":107,"column":64},"end":{"line":107,"column":90}},"28":{"start":{"line":109,"column":52},"end":{"line":109,"column":79}},"29":{"start":{"line":113,"column":44},"end":{"line":129,"column":47}},"30":{"start":{"line":114,"column":61},"end":{"line":118,"column":50}},"31":{"start":{"line":119,"column":59},"end":{"line":123,"column":50}},"32":{"start":{"line":125,"column":48},"end":{"line":128,"column":52}},"33":{"start":{"line":131,"column":44},"end":{"line":131,"column":97}},"34":{"start":{"line":132,"column":44},"end":{"line":132,"column":163}},"35":{"start":{"line":139,"column":32},"end":{"line":139,"column":117}},"36":{"start":{"line":144,"column":32},"end":{"line":144,"column":null}},"37":{"start":{"line":147,"column":28},"end":{"line":147,"column":82}},"38":{"start":{"line":148,"column":28},"end":{"line":148,"column":82}},"39":{"start":{"line":151,"column":28},"end":{"line":155,"column":null}},"40":{"start":{"line":159,"column":24},"end":{"line":163,"column":null}},"41":{"start":{"line":167,"column":20},"end":{"line":167,"column":41}},"42":{"start":{"line":168,"column":20},"end":{"line":172,"column":null}},"43":{"start":{"line":177,"column":23},"end":{"line":177,"column":51}},"44":{"start":{"line":180,"column":12},"end":{"line":180,"column":54}},"45":{"start":{"line":184,"column":12},"end":{"line":184,"column":57}},"46":{"start":{"line":188,"column":8},"end":{"line":188,"column":38}}},"fnMap":{"0":{"name":"(anonymous_6)","decl":{"start":{"line":8,"column":4},"end":{"line":8,"column":13}},"loc":{"start":{"line":8,"column":40},"end":{"line":10,"column":5}}},"1":{"name":"(anonymous_9)","decl":{"start":{"line":42,"column":27},"end":{"line":42,"column":28}},"loc":{"start":{"line":42,"column":91},"end":{"line":165,"column":17}}},"2":{"name":"(anonymous_10)","decl":{"start":{"line":45,"column":63},"end":{"line":45,"column":71}},"loc":{"start":{"line":45,"column":74},"end":{"line":50,"column":25}}},"3":{"name":"(anonymous_11)","decl":{"start":{"line":79,"column":67},"end":{"line":79,"column":75}},"loc":{"start":{"line":79,"column":78},"end":{"line":136,"column":33}}},"4":{"name":"(anonymous_12)","decl":{"start":{"line":101,"column":60},"end":{"line":101,"column":61}},"loc":{"start":{"line":101,"column":64},"end":{"line":133,"column":41}}},"5":{"name":"(anonymous_13)","decl":{"start":{"line":106,"column":82},"end":{"line":106,"column":85}},"loc":{"start":{"line":106,"column":88},"end":{"line":111,"column":45}}},"6":{"name":"(anonymous_14)","decl":{"start":{"line":113,"column":85},"end":{"line":113,"column":91}},"loc":{"start":{"line":113,"column":94},"end":{"line":129,"column":45}}},"7":{"name":"(anonymous_15)","decl":{"start":{"line":166,"column":25},"end":{"line":166,"column":26}},"loc":{"start":{"line":166,"column":35},"end":{"line":173,"column":17}}}},"branchMap":{"0":{"loc":{"start":{"line":44,"column":24},"end":{"line":44,"column":50}},"type":"binary-expr","locations":[{"start":{"line":44,"column":24},"end":{"line":44,"column":50}},{"start":{"line":44,"column":54},"end":{"line":44,"column":75}}]},"1":{"loc":{"start":{"line":65,"column":32},"end":{"line":65,"column":70}},"type":"binary-expr","locations":[{"start":{"line":65,"column":32},"end":{"line":65,"column":70}},{"start":{"line":65,"column":74},"end":{"line":65,"column":112}},{"start":{"line":65,"column":116},"end":{"line":65,"column":142}}]},"2":{"loc":{"start":{"line":74,"column":32},"end":{"line":74,"column":67}},"type":"binary-expr","locations":[{"start":{"line":74,"column":32},"end":{"line":74,"column":67}},{"start":{"line":74,"column":71},"end":{"line":74,"column":104}}]}},"s":{"0":8,"1":8,"2":8,"3":13,"4":0,"5":0,"6":0,"7":0,"8":0,"9":0,"10":0,"11":0,"12":0,"13":0,"14":0,"15":0,"16":0,"17":0,"18":0,"19":0,"20":0,"21":0,"22":0,"23":0,"24":0,"25":0,"26":0,"27":0,"28":0,"29":0,"30":0,"31":0,"32":0,"33":0,"34":0,"35":0,"36":0,"37":0,"38":0,"39":0,"40":0,"41":0,"42":0,"43":0,"44":0,"45":0,"46":0},"f":{"0":13,"1":0,"2":0,"3":0,"4":0,"5":0,"6":0,"7":0},"b":{"0":[0,0],"1":[0,0,0],"2":[0,0]}}
,"C:\\Projects\\odh-voice-assistant\\lambda\\custom\\intents\\Pharmacy\\index.ts": {"path":"C:\\Projects\\odh-voice-assistant\\lambda\\custom\\intents\\Pharmacy\\index.ts","statementMap":{"0":{"start":{"line":1,"column":0},"end":{"line":1,"column":23}},"1":{"start":{"line":2,"column":0},"end":{"line":2,"column":25}}},"fnMap":{},"branchMap":{},"s":{"0":8,"1":8},"f":{},"b":{}}
,"C:\\Projects\\odh-voice-assistant\\lambda\\custom\\intents\\Pharmacy\\list.ts": {"path":"C:\\Projects\\odh-voice-assistant\\lambda\\custom\\intents\\Pharmacy\\list.ts","statementMap":{"0":{"start":{"line":3,"column":0},"end":{"line":3,"column":156}},"1":{"start":{"line":4,"column":0},"end":{"line":4,"column":114}},"2":{"start":{"line":7,"column":0},"end":{"line":7,"column":55}},"3":{"start":{"line":8,"column":0},"end":{"line":8,"column":78}},"4":{"start":{"line":10,"column":13},"end":{"line":375,"column":null}},"5":{"start":{"line":12,"column":8},"end":{"line":12,"column":61}},"6":{"start":{"line":16,"column":32},"end":{"line":16,"column":66}},"7":{"start":{"line":18,"column":21},"end":{"line":18,"column":31}},"8":{"start":{"line":27,"column":34},"end":{"line":27,"column":87}},"9":{"start":{"line":28,"column":27},"end":{"line":28,"column":57}},"10":{"start":{"line":29,"column":29},"end":{"line":29,"column":61}},"11":{"start":{"line":30,"column":27},"end":{"line":30,"column":57}},"12":{"start":{"line":31,"column":29},"end":{"line":31,"column":61}},"13":{"start":{"line":38,"column":29},"end":{"line":38,"column":30}},"14":{"start":{"line":39,"column":30},"end":{"line":39,"column":35}},"15":{"start":{"line":52,"column":35},"end":{"line":52,"column":36}},"16":{"start":{"line":53,"column":33},"end":{"line":53,"column":34}},"17":{"start":{"line":63,"column":38},"end":{"line":63,"column":40}},"18":{"start":{"line":65,"column":12},"end":{"line":133,"column":15}},"19":{"start":{"line":72,"column":24},"end":{"line":74,"column":27}},"20":{"start":{"line":73,"column":28},"end":{"line":73,"column":120}},"21":{"start":{"line":78,"column":28},"end":{"line":78,"column":69}},"22":{"start":{"line":84,"column":49},"end":{"line":86,"column":32}},"23":{"start":{"line":85,"column":32},"end":{"line":85,"column":null}},"24":{"start":{"line":90,"column":32},"end":{"line":90,"column":64}},"25":{"start":{"line":93,"column":32},"end":{"line":93,"column":64}},"26":{"start":{"line":109,"column":28},"end":{"line":113,"column":null}},"27":{"start":{"line":118,"column":24},"end":{"line":122,"column":null}},"28":{"start":{"line":126,"column":20},"end":{"line":126,"column":41}},"29":{"start":{"line":127,"column":20},"end":{"line":131,"column":null}},"30":{"start":{"line":137,"column":16},"end":{"line":141,"column":null}},"31":{"start":{"line":142,"column":16},"end":{"line":185,"column":19}},"32":{"start":{"line":149,"column":28},"end":{"line":151,"column":31}},"33":{"start":{"line":150,"column":32},"end":{"line":150,"column":71}},"34":{"start":{"line":155,"column":32},"end":{"line":155,"column":59}},"35":{"start":{"line":158,"column":32},"end":{"line":158,"column":73}},"36":{"start":{"line":161,"column":32},"end":{"line":165,"column":null}},"37":{"start":{"line":170,"column":28},"end":{"line":174,"column":null}},"38":{"start":{"line":178,"column":24},"end":{"line":178,"column":45}},"39":{"start":{"line":179,"column":24},"end":{"line":183,"column":null}},"40":{"start":{"line":190,"column":31},"end":{"line":190,"column":59}},"41":{"start":{"line":193,"column":20},"end":{"line":193,"column":62}},"42":{"start":{"line":198,"column":20},"end":{"line":198,"column":65}},"43":{"start":{"line":201,"column":16},"end":{"line":201,"column":46}},"44":{"start":{"line":217,"column":27},"end":{"line":217,"column":70}},"45":{"start":{"line":218,"column":32},"end":{"line":218,"column":53}},"46":{"start":{"line":219,"column":32},"end":{"line":219,"column":50}},"47":{"start":{"line":222,"column":33},"end":{"line":222,"column":55}},"48":{"start":{"line":223,"column":31},"end":{"line":223,"column":95}},"49":{"start":{"line":224,"column":32},"end":{"line":224,"column":61}},"50":{"start":{"line":227,"column":20},"end":{"line":227,"column":57}},"51":{"start":{"line":228,"column":20},"end":{"line":228,"column":58}},"52":{"start":{"line":235,"column":28},"end":{"line":235,"column":62}},"53":{"start":{"line":237,"column":12},"end":{"line":240,"column":15}},"54":{"start":{"line":241,"column":12},"end":{"line":244,"column":15}},"55":{"start":{"line":245,"column":12},"end":{"line":249,"column":15}},"56":{"start":{"line":250,"column":12},"end":{"line":254,"column":15}},"57":{"start":{"line":259,"column":12},"end":{"line":259,"column":42}},"58":{"start":{"line":260,"column":12},"end":{"line":260,"column":38}},"59":{"start":{"line":263,"column":12},"end":{"line":267,"column":15}},"60":{"start":{"line":268,"column":12},"end":{"line":272,"column":15}},"61":{"start":{"line":276,"column":8},"end":{"line":360,"column":11}},"62":{"start":{"line":285,"column":24},"end":{"line":285,"column":108}},"63":{"start":{"line":289,"column":32},"end":{"line":289,"column":192}},"64":{"start":{"line":292,"column":32},"end":{"line":292,"column":225}},"65":{"start":{"line":298,"column":32},"end":{"line":298,"column":143}},"66":{"start":{"line":301,"column":32},"end":{"line":301,"column":176}},"67":{"start":{"line":306,"column":24},"end":{"line":306,"column":141}},"68":{"start":{"line":309,"column":24},"end":{"line":309,"column":101}},"69":{"start":{"line":315,"column":28},"end":{"line":315,"column":95}},"70":{"start":{"line":318,"column":28},"end":{"line":318,"column":94}},"71":{"start":{"line":322,"column":43},"end":{"line":324,"column":100}},"72":{"start":{"line":323,"column":28},"end":{"line":323,"column":51}},"73":{"start":{"line":326,"column":24},"end":{"line":326,"column":77}},"74":{"start":{"line":327,"column":24},"end":{"line":327,"column":91}},"75":{"start":{"line":331,"column":24},"end":{"line":340,"column":27}},"76":{"start":{"line":345,"column":20},"end":{"line":349,"column":null}},"77":{"start":{"line":353,"column":16},"end":{"line":353,"column":37}},"78":{"start":{"line":354,"column":16},"end":{"line":358,"column":null}},"79":{"start":{"line":362,"column":23},"end":{"line":362,"column":51}},"80":{"start":{"line":365,"column":12},"end":{"line":365,"column":54}},"81":{"start":{"line":370,"column":12},"end":{"line":370,"column":57}},"82":{"start":{"line":373,"column":8},"end":{"line":373,"column":38}}},"fnMap":{"0":{"name":"(anonymous_6)","decl":{"start":{"line":11,"column":4},"end":{"line":11,"column":13}},"loc":{"start":{"line":11,"column":40},"end":{"line":13,"column":5}}},"1":{"name":"(anonymous_9)","decl":{"start":{"line":70,"column":27},"end":{"line":70,"column":28}},"loc":{"start":{"line":70,"column":96},"end":{"line":124,"column":17}}},"2":{"name":"(anonymous_10)","decl":{"start":{"line":72,"column":51},"end":{"line":72,"column":59}},"loc":{"start":{"line":72,"column":62},"end":{"line":74,"column":25}}},"3":{"name":"(anonymous_11)","decl":{"start":{"line":84,"column":74},"end":{"line":84,"column":75}},"loc":{"start":{"line":84,"column":78},"end":{"line":86,"column":29}}},"4":{"name":"(anonymous_12)","decl":{"start":{"line":125,"column":25},"end":{"line":125,"column":26}},"loc":{"start":{"line":125,"column":35},"end":{"line":132,"column":17}}},"5":{"name":"(anonymous_13)","decl":{"start":{"line":147,"column":31},"end":{"line":147,"column":32}},"loc":{"start":{"line":147,"column":102},"end":{"line":176,"column":21}}},"6":{"name":"(anonymous_14)","decl":{"start":{"line":149,"column":55},"end":{"line":149,"column":67}},"loc":{"start":{"line":149,"column":70},"end":{"line":151,"column":29}}},"7":{"name":"(anonymous_15)","decl":{"start":{"line":177,"column":29},"end":{"line":177,"column":30}},"loc":{"start":{"line":177,"column":39},"end":{"line":184,"column":21}}},"8":{"name":"(anonymous_16)","decl":{"start":{"line":281,"column":23},"end":{"line":281,"column":24}},"loc":{"start":{"line":281,"column":87},"end":{"line":351,"column":13}}},"9":{"name":"(anonymous_17)","decl":{"start":{"line":322,"column":97},"end":{"line":322,"column":98}},"loc":{"start":{"line":322,"column":107},"end":{"line":324,"column":25}}},"10":{"name":"(anonymous_18)","decl":{"start":{"line":352,"column":21},"end":{"line":352,"column":22}},"loc":{"start":{"line":352,"column":31},"end":{"line":359,"column":13}}}},"branchMap":{"0":{"loc":{"start":{"line":203,"column":21},"end":{"line":203,"column":77}},"type":"binary-expr","locations":[{"start":{"line":203,"column":21},"end":{"line":203,"column":77}},{"start":{"line":203,"column":81},"end":{"line":203,"column":110}}]},"1":{"loc":{"start":{"line":258,"column":17},"end":{"line":258,"column":42}},"type":"binary-expr","locations":[{"start":{"line":258,"column":17},"end":{"line":258,"column":42}},{"start":{"line":258,"column":46},"end":{"line":258,"column":69}}]},"2":{"loc":{"start":{"line":283,"column":20},"end":{"line":283,"column":46}},"type":"binary-expr","locations":[{"start":{"line":283,"column":20},"end":{"line":283,"column":46}},{"start":{"line":283,"column":50},"end":{"line":283,"column":71}}]},"3":{"loc":{"start":{"line":284,"column":24},"end":{"line":284,"column":46}},"type":"binary-expr","locations":[{"start":{"line":284,"column":24},"end":{"line":284,"column":46}},{"start":{"line":284,"column":50},"end":{"line":284,"column":70}}]}},"s":{"0":8,"1":8,"2":8,"3":8,"4":8,"5":18,"6":5,"7":5,"8":5,"9":5,"10":5,"11":5,"12":5,"13":5,"14":5,"15":5,"16":5,"17":2,"18":2,"19":2,"20":1054,"21":1,"22":1,"23":3,"24":1,"25":0,"26":0,"27":0,"28":0,"29":0,"30":2,"31":2,"32":0,"33":0,"34":0,"35":0,"36":0,"37":2,"38":0,"39":0,"40":2,"41":2,"42":2,"43":2,"44":3,"45":3,"46":3,"47":0,"48":0,"49":0,"50":0,"51":0,"52":1,"53":1,"54":1,"55":1,"56":1,"57":1,"58":1,"59":1,"60":1,"61":3,"62":2,"63":0,"64":0,"65":1,"66":1,"67":0,"68":1,"69":0,"70":3,"71":3,"72":157,"73":3,"74":3,"75":3,"76":0,"77":0,"78":0,"79":3,"80":3,"81":3,"82":3},"f":{"0":18,"1":2,"2":1054,"3":3,"4":0,"5":2,"6":0,"7":0,"8":3,"9":157,"10":0},"b":{"0":[0,0],"1":[2,1],"2":[3,3],"3":[3,1]}}
,"C:\\Projects\\odh-voice-assistant\\lambda\\custom\\intents\\Shop\\index.ts": {"path":"C:\\Projects\\odh-voice-assistant\\lambda\\custom\\intents\\Shop\\index.ts","statementMap":{"0":{"start":{"line":1,"column":0},"end":{"line":1,"column":23}}},"fnMap":{},"branchMap":{},"s":{"0":8},"f":{},"b":{}}
,"C:\\Projects\\odh-voice-assistant\\lambda\\custom\\intents\\Shop\\list.ts": {"path":"C:\\Projects\\odh-voice-assistant\\lambda\\custom\\intents\\Shop\\list.ts","statementMap":{"0":{"start":{"line":3,"column":0},"end":{"line":3,"column":118}},"1":{"start":{"line":4,"column":0},"end":{"line":4,"column":114}},"2":{"start":{"line":8,"column":0},"end":{"line":8,"column":78}},"3":{"start":{"line":10,"column":13},"end":{"line":406,"column":null}},"4":{"start":{"line":12,"column":8},"end":{"line":12,"column":57}},"5":{"start":{"line":16,"column":32},"end":{"line":16,"column":66}},"6":{"start":{"line":19,"column":21},"end":{"line":19,"column":31}},"7":{"start":{"line":28,"column":34},"end":{"line":28,"column":87}},"8":{"start":{"line":29,"column":27},"end":{"line":29,"column":57}},"9":{"start":{"line":30,"column":29},"end":{"line":30,"column":61}},"10":{"start":{"line":31,"column":27},"end":{"line":31,"column":57}},"11":{"start":{"line":32,"column":28},"end":{"line":32,"column":59}},"12":{"start":{"line":33,"column":29},"end":{"line":33,"column":61}},"13":{"start":{"line":40,"column":29},"end":{"line":40,"column":30}},"14":{"start":{"line":41,"column":30},"end":{"line":41,"column":31}},"15":{"start":{"line":57,"column":16},"end":{"line":57,"column":46}},"16":{"start":{"line":60,"column":16},"end":{"line":64,"column":null}},"17":{"start":{"line":76,"column":38},"end":{"line":76,"column":40}},"18":{"start":{"line":78,"column":12},"end":{"line":146,"column":15}},"19":{"start":{"line":85,"column":24},"end":{"line":87,"column":27}},"20":{"start":{"line":86,"column":28},"end":{"line":86,"column":120}},"21":{"start":{"line":91,"column":28},"end":{"line":91,"column":69}},"22":{"start":{"line":97,"column":49},"end":{"line":99,"column":32}},"23":{"start":{"line":98,"column":32},"end":{"line":98,"column":null}},"24":{"start":{"line":103,"column":32},"end":{"line":103,"column":64}},"25":{"start":{"line":106,"column":32},"end":{"line":106,"column":64}},"26":{"start":{"line":122,"column":28},"end":{"line":126,"column":null}},"27":{"start":{"line":131,"column":24},"end":{"line":135,"column":null}},"28":{"start":{"line":139,"column":20},"end":{"line":139,"column":41}},"29":{"start":{"line":140,"column":20},"end":{"line":144,"column":null}},"30":{"start":{"line":150,"column":16},"end":{"line":193,"column":19}},"31":{"start":{"line":157,"column":28},"end":{"line":159,"column":31}},"32":{"start":{"line":158,"column":32},"end":{"line":158,"column":71}},"33":{"start":{"line":163,"column":32},"end":{"line":163,"column":59}},"34":{"start":{"line":166,"column":32},"end":{"line":166,"column":73}},"35":{"start":{"line":169,"column":32},"end":{"line":173,"column":null}},"36":{"start":{"line":178,"column":28},"end":{"line":182,"column":null}},"37":{"start":{"line":186,"column":24},"end":{"line":186,"column":45}},"38":{"start":{"line":187,"column":24},"end":{"line":191,"column":null}},"39":{"start":{"line":198,"column":31},"end":{"line":198,"column":59}},"40":{"start":{"line":201,"column":20},"end":{"line":201,"column":62}},"41":{"start":{"line":206,"column":20},"end":{"line":206,"column":65}},"42":{"start":{"line":209,"column":16},"end":{"line":209,"column":46}},"43":{"start":{"line":224,"column":27},"end":{"line":224,"column":70}},"44":{"start":{"line":226,"column":32},"end":{"line":226,"column":53}},"45":{"start":{"line":227,"column":32},"end":{"line":227,"column":50}},"46":{"start":{"line":230,"column":33},"end":{"line":230,"column":55}},"47":{"start":{"line":231,"column":31},"end":{"line":231,"column":95}},"48":{"start":{"line":232,"column":32},"end":{"line":232,"column":61}},"49":{"start":{"line":235,"column":20},"end":{"line":235,"column":57}},"50":{"start":{"line":236,"column":20},"end":{"line":236,"column":58}},"51":{"start":{"line":244,"column":12},"end":{"line":247,"column":31}},"52":{"start":{"line":298,"column":8},"end":{"line":391,"column":11}},"53":{"start":{"line":307,"column":35},"end":{"line":309,"column":37}},"54":{"start":{"line":308,"column":24},"end":{"line":308,"column":47}},"55":{"start":{"line":342,"column":28},"end":{"line":342,"column":184}},"56":{"start":{"line":345,"column":28},"end":{"line":345,"column":142}},"57":{"start":{"line":349,"column":24},"end":{"line":349,"column":132}},"58":{"start":{"line":352,"column":24},"end":{"line":352,"column":97}},"59":{"start":{"line":357,"column":24},"end":{"line":357,"column":88}},"60":{"start":{"line":360,"column":24},"end":{"line":360,"column":87}},"61":{"start":{"line":363,"column":20},"end":{"line":363,"colum
[...]
column":16}},"27":{"start":{"line":128,"column":21},"end":{"line":128,"column":51}},"28":{"start":{"line":130,"column":12},"end":{"line":130,"column":28}},"29":{"start":{"line":126,"column":0},"end":{"line":126,"column":16}},"30":{"start":{"line":182,"column":46},"end":{"line":182,"column":48}},"31":{"start":{"line":185,"column":8},"end":{"line":245,"column":11}},"32":{"start":{"line":186,"column":25},"end":{"line":186,"column":47}},"33":{"start":{"line":187,"column":26},"end":{"line":187,"column":49}},"34":{"start":{"line":188,"column":39},"end":{"line":188,"column":75}},"35":{"start":{"line":198,"column":46},"end":{"line":198,"column":111}},"36":{"start":{"line":202,"column":28},"end":{"line":211,"column":30}},"37":{"start":{"line":209,"column":76},"end":{"line":209,"column":94}},"38":{"start":{"line":212,"column":28},"end":{"line":212,"column":34}},"39":{"start":{"line":215,"column":24},"end":{"line":224,"column":26}},"40":{"start":{"line":225,"column":24},"end":{"line":225,"column":30}},"41":{"start":{"line":227,"column":24},"end":{"line":232,"column":26}},"42":{"start":{"line":233,"column":24},"end":{"line":233,"column":30}},"43":{"start":{"line":235,"column":24},"end":{"line":235,"column":30}},"44":{"start":{"line":238,"column":16},"end":{"line":243,"column":18}},"45":{"start":{"line":248,"column":4},"end":{"line":248,"column":22}},"46":{"start":{"line":181,"column":0},"end":{"line":181,"column":16}},"47":{"start":{"line":251,"column":24},"end":{"line":251,"column":26}},"48":{"start":{"line":253,"column":17},"end":{"line":267,"column":null}},"49":{"start":{"line":253,"column":28},"end":{"line":267,"column":null}},"50":{"start":{"line":254,"column":19},"end":{"line":261,"column":6}},"51":{"start":{"line":262,"column":4},"end":{"line":262,"column":37}},"52":{"start":{"line":264,"column":4},"end":{"line":264,"column":38}},"53":{"start":{"line":266,"column":4},"end":{"line":266,"column":53}},"54":{"start":{"line":273,"column":13},"end":{"line":308,"column":2}},"55":{"start":{"line":273,"column":80},"end":{"line":308,"column":2}},"56":{"start":{"line":276,"column":29},"end":{"line":276,"column":60}},"57":{"start":{"line":278,"column":20},"end":{"line":278,"column":56}},"58":{"start":{"line":280,"column":22},"end":{"line":280,"column":72}},"59":{"start":{"line":288,"column":16},"end":{"line":288,"column":33}},"60":{"start":{"line":290,"column":12},"end":{"line":295,"column":15}},"61":{"start":{"line":298,"column":12},"end":{"line":298,"column":42}},"62":{"start":{"line":301,"column":8},"end":{"line":301,"column":41}},"63":{"start":{"line":304,"column":8},"end":{"line":304,"column":40}},"64":{"start":{"line":306,"column":8},"end":{"line":306,"column":29}},"65":{"start":{"line":313,"column":13},"end":{"line":320,"column":null}},"66":{"start":{"line":314,"column":17},"end":{"line":314,"column":35}},"67":{"start":{"line":315,"column":19},"end":{"line":315,"column":47}},"68":{"start":{"line":317,"column":4},"end":{"line":317,"column":44}},"69":{"start":{"line":318,"column":4},"end":{"line":318,"column":22}},"70":{"start":{"line":319,"column":4},"end":{"line":319,"column":53}},"71":{"start":{"line":327,"column":13},"end":{"line":329,"column":null}},"72":{"start":{"line":328,"column":4},"end":{"line":328,"column":null}},"73":{"start":{"line":337,"column":13},"end":{"line":413,"column":null}},"74":{"start":{"line":338,"column":4},"end":{"line":411,"column":7}},"75":{"start":{"line":341,"column":12},"end":{"line":405,"column":15}},"76":{"start":{"line":342,"column":30},"end":{"line":342,"column":54}},"77":{"start":{"line":343,"column":29},"end":{"line":343,"column":52}},"78":{"start":{"line":345,"column":35},"end":{"line":345,"column":53}},"79":{"start":{"line":346,"column":50},"end":{"line":346,"column":55}},"80":{"start":{"line":351,"column":24},"end":{"line":351,"column":50}},"81":{"start":{"line":354,"column":20},"end":{"line":354,"column":69}},"82":{"start":{"line":360,"column":24},"end":{"line":398,"column":27}},"83":{"start":{"line":362,"column":71},"end":{"line":362,"column":76}},"84":{"start":{"line":364,"column":28},"end":{"line":364,"column":62}},"85":{"start":{"line":368,"column":48},"end":{"line":368,"column":102}},"86":{"start":{"line":372,"column":40},"end":{"line":372,"column":95}},"87":{"start":{"line":373,"column":40},"end":{"line":373,"column":46}},"88":{"start":{"line":375,"column":40},"end":{"line":375,"column":96}},"89":{"start":{"line":376,"column":40},"end":{"line":376,"column":46}},"90":{"start":{"line":378,"column":40},"end":{"line":378,"column":98}},"91":{"start":{"line":379,"column":40},"end":{"line":379,"column":46}},"92":{"start":{"line":381,"column":40},"end":{"line":381,"column":98}},"93":{"start":{"line":382,"column":40},"end":{"line":382,"column":46}},"94":{"start":{"line":384,"column":40},"end":{"line":384,"column":95}},"95":{"start":{"line":385,"column":40},"end":{"line":385,"column":46}},"96":{"start":{"line":387,"column":40},"end":{"line":387,"column":97}},"97":{"start":{"line":388,"column":40},"end":{"line":388,"column":46}},"98":{"start":{"line":390,"column":40},"end":{"line":390,"column":95}},"99":{"start":{"line":391,"column":40},"end":{"line":391,"column":46}},"100":{"start":{"line":394,"column":32},"end":{"line":394,"column":81}},"101":{"start":{"line":397,"column":28},"end":{"line":397,"column":63}},"102":{"start":{"line":400,"column":24},"end":{"line":400,"column":73}},"103":{"start":{"line":404,"column":16},"end":{"line":404,"column":29}},"104":{"start":{"line":407,"column":12},"end":{"line":407,"column":57}},"105":{"start":{"line":410,"column":8},"end":{"line":410,"column":21}},"106":{"start":{"line":412,"column":4},"end":{"line":412,"column":19}},"107":{"start":{"line":421,"column":13},"end":{"line":501,"column":null}},"108":{"start":{"line":422,"column":4},"end":{"line":499,"column":7}},"109":{"start":{"line":425,"column":12},"end":{"line":497,"column":15}},"110":{"start":{"line":427,"column":32},"end":{"line":427,"column":56}},"111":{"start":{"line":428,"column":30},"end":{"line":428,"column":53}},"112":{"start":{"line":430,"column":26},"end":{"line":430,"column":36}},"113":{"start":{"line":431,"column":28},"end":{"line":431,"column":51}},"114":{"start":{"line":432,"column":26},"end":{"line":432,"column":42}},"115":{"start":{"line":433,"column":27},"end":{"line":433,"column":42}},"116":{"start":{"line":435,"column":30},"end":{"line":435,"column":65}},"117":{"start":{"line":437,"column":45},"end":{"line":437,"column":50}},"118":{"start":{"line":439,"column":16},"end":{"line":439,"column":46}},"119":{"start":{"line":440,"column":16},"end":{"line":440,"column":53}},"120":{"start":{"line":441,"column":16},"end":{"line":441,"column":49}},"121":{"start":{"line":443,"column":20},"end":{"line":443,"column":41}},"122":{"start":{"line":447,"column":20},"end":{"line":447,"column":47}},"123":{"start":{"line":449,"column":20},"end":{"line":493,"column":23}},"124":{"start":{"line":452,"column":49},"end":{"line":452,"column":51}},"125":{"start":{"line":459,"column":28},"end":{"line":459,"column":64}},"126":{"start":{"line":460,"column":28},"end":{"line":460,"column":63}},"127":{"start":{"line":463,"column":28},"end":{"line":463,"column":65}},"128":{"start":{"line":464,"column":28},"end":{"line":464,"column":64}},"129":{"start":{"line":467,"column":28},"end":{"line":467,"column":67}},"130":{"start":{"line":468,"column":28},"end":{"line":468,"column":66}},"131":{"start":{"line":471,"column":28},"end":{"line":471,"column":66}},"132":{"start":{"line":472,"column":28},"end":{"line":472,"column":65}},"133":{"start":{"line":475,"column":28},"end":{"line":475,"column":64}},"134":{"start":{"line":476,"column":28},"end":{"line":476,"column":63}},"135":{"start":{"line":479,"column":28},"end":{"line":479,"column":66}},"136":{"start":{"line":480,"column":28},"end":{"line":480,"column":65}},"137":{"start":{"line":483,"column":28},"end":{"line":483,"column":64}},"138":{"start":{"line":484,"column":28},"end":{"line":484,"column":63}},"139":{"start":{"line":487,"column":24},"end":{"line":487,"column":99}},"140":{"start":{"line":489,"column":24},"end":{"line":492,"column":27}},"141":{"start":{"line":496,"column":16},"end":{"line":496,"column":37}},"142":{"start":{"line":500,"column":4},"end":{"line":500,"column":19}}},"fnMap":{"0":{"name":"IsIntent","decl":{"start":{"line":17,"column":16},"end":{"line":17,"column":24}},"loc":{"start":{"line":17,"column":73},"end":{"line":26,"column":1}}},"1":{"name":"IsType","decl":{"start":{"line":47,"column":16},"end":{"line":47,"column":22}},"loc":{"start":{"line":47,"column":69},"end":{"line":54,"column":1}}},"2":{"name":"IsIntentWithDialogState","decl":{"start":{"line":63,"column":16},"end":{"line":63,"column":39}},"loc":{"start":{"line":63,"column":97},"end":{"line":67,"column":1}}},"3":{"name":"IsIntentWithIncompleteDialog","decl":{"start":{"line":75,"column":16},"end":{"line":75,"column":44}},"loc":{"start":{"line":75,"column":87},"end":{"line":79,"column":1}}},"4":{"name":"IsIntentWithCompleteDialog","decl":{"start":{"line":87,"column":16},"end":{"line":87,"column":42}},"loc":{"start":{"line":87,"column":85},"end":{"line":89,"column":1}}},"5":{"name":"GetRequestAttributes","decl":{"start":{"line":96,"column":16},"end":{"line":96,"column":36}},"loc":{"start":{"line":96,"column":63},"end":{"line":98,"column":1}}},"6":{"name":"GetSessionAttributes","decl":{"start":{"line":105,"column":16},"end":{"line":105,"column":36}},"loc":{"start":{"line":105,"column":63},"end":{"line":107,"column":1}}},"7":{"name":"GetDirectiveServiceClient","decl":{"start":{"line":114,"column":16},"end":{"line":114,"column":41}},"loc":{"start":{"line":114,"column":68},"end":{"line":116,"column":1}}},"8":{"name":"ResetSlotValue","decl":{"start":{"line":126,"column":16},"end":{"line":126,"column":30}},"loc":{"start":{"line":126,"column":71},"end":{"line":133,"column":1}}},"9":{"name":"GetSlotValues","decl":{"start":{"line":181,"column":16},"end":{"line":181,"column":29}},"loc":{"start":{"line":181,"column":60},"end":{"line":249,"column":1}}},"10":{"name":"(anonymous_18)","decl":{"start":{"line":185,"column":41},"end":{"line":185,"column":42}},"loc":{"start":{"line":185,"column":50},"end":{"line":245,"column":9}}},"11":{"name":"(anonymous_19)","decl":{"start":{"line":209,"column":58},"end":{"line":209,"column":59}},"loc":{"start":{"line":209,"column":76},"end":{"line":209,"column":94}}},"12":{"name":"(anonymous_20)","decl":{"start":{"line":253,"column":17},"end":{"line":253,"column":26}},"loc":{"start":{"line":253,"column":28},"end":{"line":267,"column":null}}},"13":{"name":"(anonymous_21)","decl":{"start":{"line":253,"column":28},"end":{"line":253,"column":null}},"loc":{"start":{"line":253,"column":28},"end":{"line":267,"column":1}}},"14":{"name":"(anonymous_22)","decl":{"start":{"line":273,"column":29},"end":{"line":273,"column":36}},"loc":{"start":{"line":273,"column":80},"end":{"line":308,"column":2}}},"15":{"name":"(anonymous_23)","decl":{"start":{"line":273,"column":80},"end":{"line":273,"column":null}},"loc":{"start":{"line":273,"column":80},"end":{"line":308,"column":1}}},"16":{"name":"(anonymous_24)","decl":{"start":{"line":313,"column":26},"end":{"line":313,"column":27}},"loc":{"start":{"line":313,"column":101},"end":{"line":320,"column":1}}},"17":{"name":"(anonymous_25)","decl":{"start":{"line":327,"column":50},"end":{"line":327,"column":51}},"loc":{"start":{"line":327,"column":84},"end":{"line":329,"column":1}}},"18":{"name":"(anonymous_26)","decl":{"start":{"line":337,"column":40},"end":{"line":337,"column":41}},"loc":{"start":{"line":337,"column":184},"end":{"line":413,"column":1}}},"19":{"name":"(anonymous_27)","decl":{"start":{"line":338,"column":41},"end":{"line":338,"column":49}},"loc":{"start":{"line":338,"column":52},"end":{"line":411,"column":5}}},"20":{"name":"(anonymous_28)","decl":{"start":{"line":341,"column":75},"end":{"line":341,"column":83}},"loc":{"start":{"line":341,"column":86},"end":{"line":405,"column":13}}},"21":{"name":"(anonymous_29)","decl":{"start":{"line":360,"column":95},"end":{"line":360,"column":112}},"loc":{"start":{"line":360,"column":115},"end":{"line":398,"column":25}}},"22":{"name":"(anonymous_30)","decl":{"start":{"line":421,"column":41},"end":{"line":421,"column":42}},"loc":{"start":{"line":421,"column":155},"end":{"line":501,"column":1}}},"23":{"name":"(anonymous_31)","decl":{"start":{"line":422,"column":26},"end":{"line":422,"column":34}},"loc":{"start":{"line":422,"column":37},"end":{"line":499,"column":5}}},"24":{"name":"(anonymous_32)","decl":{"start":{"line":425,"column":75},"end":{"line":425,"column":83}},"loc":{"start":{"line":425,"column":86},"end":{"line":497,"column":13}}},"25":{"name":"(anonymous_33)","decl":{"start":{"line":449,"column":59},"end":{"line":449,"column":71}},"loc":{"start":{"line":449,"column":74},"end":{"line":493,"column":21}}}},"branchMap":{"0":{"loc":{"start":{"line":64,"column":11},"end":{"line":64,"column":76}},"type":"binary-expr","locations":[{"start":{"line":64,"column":11},"end":{"line":64,"column":76}},{"start":{"line":65,"column":11},"end":{"line":65,"column":70}},{"start":{"line":66,"column":11},"end":{"line":66,"column":69}}]},"1":{"loc":{"start":{"line":76,"column":11},"end":{"line":76,"column":76}},"type":"binary-expr","locations":[{"start":{"line":76,"column":11},"end":{"line":76,"column":76}},{"start":{"line":77,"column":11},"end":{"line":77,"column":70}},{"start":{"line":78,"column":11},"end":{"line":78,"column":75}}]},"2":{"loc":{"start":{"line":190,"column":16},"end":{"line":190,"column":33}},"type":"binary-expr","locations":[{"start":{"line":190,"column":16},"end":{"line":190,"column":33}},{"start":{"line":191,"column":16},"end":{"line":191,"column":45}},{"start":{"line":192,"column":16},"end":{"line":192,"column":70}},{"start":{"line":193,"column":16},"end":{"line":193,"column":74}},{"start":{"line":194,"column":16},"end":{"line":194,"column":81}},{"start":{"line":195,"column":16},"end":{"line":195,"column":86}}]},"3":{"loc":{"start":{"line":197,"column":20},"end":{"line":225,"column":30}},"type":"switch","locations":[{"start":{"line":197,"column":20},"end":{"line":225,"column":30}},{"start":{"line":226,"column":20},"end":{"line":233,"column":30}},{"start":{"line":234,"column":20},"end":{"line":235,"column":30}}]},"4":{"loc":{"start":{"line":204,"column":39},"end":{"line":204,"column":44}},"type":"binary-expr","locations":[{"start":{"line":204,"column":39},"end":{"line":204,"column":44}},{"start":{"line":204,"column":48},"end":{"line":204,"column":50}}]},"5":{"loc":{"start":{"line":217,"column":35},"end":{"line":217,"column":40}},"type":"binary-expr","locations":[{"start":{"line":217,"column":35},"end":{"line":217,"column":40}},{"start":{"line":217,"column":44},"end":{"line":217,"column":46}}]},"6":{"loc":{"start":{"line":229,"column":35},"end":{"line":229,"column":40}},"type":"binary-expr","locations":[{"start":{"line":229,"column":35},"end":{"line":229,"column":40}},{"start":{"line":229,"column":44},"end":{"line":229,"column":46}}]},"7":{"loc":{"start":{"line":240,"column":27},"end":{"line":240,"column":32}},"type":"binary-expr","locations":[{"start":{"line":240,"column":27},"end":{"line":240,"column":32}},{"start":{"line":240,"column":36},"end":{"line":240,"column":38}}]},"8":{"loc":{"start":{"line":280,"column":35},"end":{"line":280,"column":59}},"type":"cond-expr","locations":[{"start":{"line":280,"column":35},"end":{"line":280,"column":59}},{"start":{"line":280,"column":63},"end":{"line":280,"column":71}}]},"9":{"loc":{"start":{"line":314,"column":17},"end":{"line":314,"column":27}},"type":"binary-expr","locations":[{"start":{"line":314,"column":17},"end":{"line":314,"column":27}},{"start":{"line":314,"column":31},"end":{"line":314,"column":35}}]},"10":{"loc":{"start":{"line":315,"column":19},"end":{"line":315,"column":31}},"type":"binary-expr","locations":[{"start":{"line":315,"column":19},"end":{"line":315,"column":31}},{"start":{"line":315,"column":35},"end":{"line":315,"column":47}}]},"11":{"loc":{"start":{"line":349,"column":23},"end":{"line":349,"column":65}},"type":"binary-expr","locations":[{"start":{"line":349,"column":23},"end":{"line":349,"column":65}},{"start":{"line":349,"column":69},"end":{"line":349,"column":97}}]},"12":{"loc":{"start":{"line":350,"column":24},"end":{"line":350,"column":65}},"type":"binary-expr","locations":[{"start":{"line":350,"column":24},"end":{"line":350,"column":65}},{"start":{"line":350,"column":69},"end":{"line":350,"column":109}}]},"13":{"loc":{"start":{"line":356,"column":20},"end":{"line":356,"column":38}},"type":"binary-expr","locations":[{"start":{"line":356,"column":20},"end":{"line":356,"column":38}},{"start":{"line":356,"column":42},"end":{"line":356,"column":72}}]},"14":{"loc":{"start":{"line":367,"column":35},"end":{"line":367,"column":77}},"type":"binary-expr","locations":[{"start":{"line":367,"column":35},"end":{"line":367,"column":77}},{"start":{"line":367,"column":81},"end":{"line":367,"column":118}}]},"15":{"loc":{"start":{"line":371,"column":36},"end":{"line":373,"column":46}},"type":"switch","locations":[{"start":{"line":371,"column":36},"end":{"line":373,"column":46}},{"start":{"line":374,"column":36},"end":{"line":376,"column":46}},{"start":{"line":377,"column":36},"end":{"line":379,"column":46}},{"start":{"line":380,"column":36},"end":{"line":382,"column":46}},{"start":{"line":383,"column":36},"end":{"line":385,"column":46}},{"start":{"line":386,"column":36},"end":{"line":388,"column":46}},{"start":{"line":389,"column":36},"end":{"line":391,"column":46}}]},"16":{"loc":{"start":{"line":442,"column":20},"end":{"line":442,"column":58}},"type":"binary-expr","locations":[{"start":{"line":442,"column":20},"end":{"line":442,"column":58}},{"start":{"line":442,"column":62},"end":{"line":442,"column":98}}]},"17":{"loc":{"start":{"line":487,"column":60},"end":{"line":487,"column":93}},"type":"binary-expr","locations":[{"start":{"line":487,"column":60},"end":{"line":487,"column":93}},{"start":{"line":487,"column":97},"end":{"line":487,"column":98}}]}},"s":{"0":8,"1":8,"2":8,"3":8,"4":139,"5":26,"6":113,"7":8,"8":1,"9":5,"10":8,"11":52,"12":1,"13":51,"14":8,"15":0,"16":8,"17":0,"18":8,"19":0,"20":8,"21":28,"22":8,"23":0,"24":8,"25":0,"26":8,"27":0,"28":0,"29":8,"30":27,"31":23,"32":92,"33":92,"34":92,"35":14,"36":0,"37":0,"38":0,"39":14,"40":14,"41":0,"42":0,"43":0,"44":78,"45":27,"46":8,"47":8,"48":8,"49":4,"50":4,"51":4,"52":4,"53":4,"54":8,"55":37,"56":37,"57":37,"58":37,"59":4,"60":31,"61":6,"62":37,"63":37,"64":0,"65":8,"66":39,"67":39,"68":39,"69":39,"70":39,"71":8,"72":13,"73":8,"74":2,"75":196,"76":248,"77":248,"78":248,"79":248,"80":114,"81":588,"82":112,"83":272,"84":272,"85":409,"86":133,"87":133,"88":33,"89":33,"90":28,"91":28,"92":27,"93":27,"94":25,"95":25,"96":24,"97":24,"98":139,"99":139,"100":409,"101":272,"102":112,"103":136,"104":196,"105":0,"106":2,"107":8,"108":0,"109":0,"110":0,"111":0,"112":0,"113":0,"114":0,"115":0,"116":0,"117":0,"118":0,"119":0,"120":0,"121":0,"122":0,"123":0,"124":0,"125":0,"126":0,"127":0,"128":0,"129":0,"130":0,"131":0,"132":0,"133":0,"134":0,"135":0,"136":0,"137":0,"138":0,"139":0,"140":0,"141":0,"142":0},"f":{"0":139,"1":52,"2":0,"3":0,"4":0,"5":28,"6":0,"7":0,"8":0,"9":27,"10":92,"11":0,"12":4,"13":4,"14":37,"15":37,"16":39,"17":13,"18":2,"19":196,"20":248,"21":272,"22":0,"23":0,"24":0,"25":0},"b":{"0":[0,0,0],"1":[0,0,0],"2":[92,92,14,14,14,14],"3":[14,0,0],"4":[0,0],"5":[14,0],"6":[0,0],"7":[78,59],"8":[36,1],"9":[39,10],"10":[39,6],"11":[836,644],"12":[588,577],"13":[248,114],"14":[681,518],"15":[133,33,28,27,25,24,139],"16":[0,0],"17":[0,0]}}
,"C:\\Projects\\odh-voice-assistant\\lambda\\custom\\lib\\strings.ts": {"path":"C:\\Projects\\odh-voice-assistant\\lambda\\custom\\lib\\strings.ts","statementMap":{"0":{"start":{"line":3,"column":0},"end":{"line":3,"column":42}},"1":{"start":{"line":6,"column":13},"end":{"line":273,"column":2}}},"fnMap":{},"branchMap":{},"s":{"0":8,"1":8},"f":{},"b":{}}
}
