TN:
SF:C:\Projects\odh-voice-assistant\__tests__\helpers.ts
FN:7,(anonymous_0)
FN:14,(anonymous_1)
FN:15,(anonymous_2)
FN:27,(anonymous_3)
FN:32,(anonymous_4)
FN:50,partial
FN:60,skill
FN:61,(anonymous_7)
FN:62,(anonymous_8)
FN:74,ssml
FN:89,RequestWithType
FN:109,RequestWithIntent
FN:132,CreateIntentRequest
FN:160,(anonymous_13)
FN:178,(anonymous_14)
FNF:15
FNH:9
FNDA:5,(anonymous_0)
FNDA:8,(anonymous_1)
FNDA:2,(anonymous_2)
FNDA:0,(anonymous_3)
FNDA:0,(anonymous_4)
FNDA:5,partial
FNDA:5,skill
FNDA:5,(anonymous_7)
FNDA:5,(anonymous_8)
FNDA:0,ssml
FNDA:1,RequestWithType
FNDA:4,RequestWithIntent
FNDA:0,CreateIntentRequest
FNDA:0,(anonymous_13)
FNDA:0,(anonymous_14)
DA:2,3
DA:6,3
DA:9,5
DA:10,5
DA:12,5
DA:14,5
DA:15,8
DA:16,2
DA:17,2
DA:21,5
DA:26,5
DA:27,0
DA:31,0
DA:32,0
DA:50,3
DA:51,5
DA:60,3
DA:61,5
DA:62,5
DA:63,5
DA:64,5
DA:74,3
DA:75,0
DA:89,3
DA:93,1
DA:109,3
DA:113,4
DA:132,3
DA:150,0
DA:163,0
DA:166,0
DA:167,0
DA:179,0
DA:191,0
LF:34
LH:24
BRDA:12,0,0,1
BRDA:12,0,1,4
BRDA:63,1,0,0
BRDA:63,1,1,5
BRDA:160,2,0,0
BRDA:160,2,1,0
BRDA:169,3,0,0
BRDA:169,3,1,0
BRDA:170,4,0,0
BRDA:170,4,1,0
BRDA:188,5,0,0
BRDA:178,6,0,0
BRDA:178,6,1,0
BRDA:182,7,0,0
BRDA:182,7,1,0
BRDA:194,8,0,0
BRDA:194,8,1,0
BRF:17
BRH:3
end_of_record
TN:
SF:C:\Projects\odh-voice-assistant\lambda\custom\index.ts
FNF:0
FNH:0
DA:1,3
DA:3,3
DA:4,3
DA:5,3
DA:6,3
DA:7,3
DA:8,3
DA:9,3
DA:10,3
DA:12,3
LF:10
LH:10
BRF:0
BRH:0
end_of_record
TN:
SF:C:\Projects\odh-voice-assistant\lambda\custom\errors\Unexpected.ts
FN:10,(anonymous_0)
FN:13,(anonymous_1)
FNF:2
FNH:0
FNDA:0,(anonymous_0)
FNDA:0,(anonymous_1)
DA:2,3
DA:3,3
DA:9,3
DA:11,0
DA:14,0
DA:16,0
DA:18,0
LF:7
LH:3
BRF:0
BRH:0
end_of_record
TN:
SF:C:\Projects\odh-voice-assistant\lambda\custom\errors\Unknown.ts
FN:10,(anonymous_0)
FN:13,(anonymous_1)
FNF:2
FNH:2
FNDA:1,(anonymous_0)
FNDA:1,(anonymous_1)
DA:2,3
DA:3,3
DA:9,3
DA:11,1
DA:14,1
DA:16,1
DA:18,1
DA:20,1
LF:8
LH:8
BRF:0
BRH:0
end_of_record
TN:
SF:C:\Projects\odh-voice-assistant\lambda\custom\errors\index.ts
FNF:0
FNH:0
DA:1,3
DA:2,3
LF:2
LH:2
BRF:0
BRH:0
end_of_record
TN:
SF:C:\Projects\odh-voice-assistant\lambda\custom\intents\Debug.ts
FN:4,(anonymous_0)
FN:8,(anonymous_1)
FNF:2
FNH:0
FNDA:0,(anonymous_0)
FNDA:0,(anonymous_1)
DA:3,3
DA:5,0
DA:6,0
DA:9,0
LF:4
LH:1
BRF:0
BRH:0
end_of_record
TN:
SF:C:\Projects\odh-voice-assistant\lambda\custom\intents\Help.ts
FN:7,(anonymous_0)
FN:10,(anonymous_1)
FNF:2
FNH:2
FNDA:4,(anonymous_0)
FNDA:2,(anonymous_1)
DA:2,3
DA:3,3
DA:4,3
DA:6,3
DA:8,4
DA:11,2
DA:12,2
DA:14,2
LF:8
LH:8
BRF:0
BRH:0
end_of_record
TN:
SF:C:\Projects\odh-voice-assistant\lambda\custom\intents\Launch.ts
FN:7,(anonymous_0)
FN:10,(anonymous_1)
FNF:2
FNH:2
FNDA:5,(anonymous_0)
FNDA:1,(anonymous_1)
DA:3,3
DA:4,3
DA:6,3
DA:8,5
DA:11,1
DA:13,1
DA:14,1
DA:16,1
LF:8
LH:8
BRF:0
BRH:0
end_of_record
TN:
SF:C:\Projects\odh-voice-assistant\lambda\custom\intents\SessionEnded.ts
FN:7,(anonymous_0)
FN:10,(anonymous_1)
FNF:2
FNH:1
FNDA:1,(anonymous_0)
FNDA:0,(anonymous_1)
DA:2,3
DA:4,3
DA:6,3
DA:8,1
DA:11,0
DA:13,0
DA:15,0
LF:7
LH:4
BRF:0
BRH:0
end_of_record
TN:
SF:C:\Projects\odh-voice-assistant\lambda\custom\intents\Stop.ts
FN:6,(anonymous_0)
FN:9,(anonymous_1)
FNF:2
FNH:2
FNDA:2,(anonymous_0)
FNDA:1,(anonymous_1)
DA:2,3
DA:3,3
DA:5,3
DA:7,2
DA:11,1
DA:13,1
DA:15,1
LF:7
LH:7
BRF:0
BRH:0
end_of_record
TN:
SF:C:\Projects\odh-voice-assistant\lambda\custom\intents\index.ts
FNF:0
FNH:0
DA:1,3
DA:2,3
DA:3,3
DA:4,3
DA:6,3
DA:7,3
DA:8,3
DA:10,3
LF:8
LH:8
BRF:0
BRH:0
end_of_record
TN:
SF:C:\Projects\odh-voice-assistant\lambda\custom\intents\CarSharing\list.ts
FN:15,(anonymous_6)
FN:80,(anonymous_9)
FN:101,(anonymous_10)
FN:149,(anonymous_11)
FNF:4
FNH:1
FNDA:1,(anonymous_6)
FNDA:0,(anonymous_9)
FNDA:0,(anonymous_10)
FNDA:0,(anonymous_11)
DA:3,3
DA:4,3
DA:8,3
DA:9,3
DA:11,3
DA:14,3
DA:16,1
DA:20,0
DA:42,0
DA:43,0
DA:49,0
DA:55,0
DA:57,0
DA:62,0
DA:63,0
DA:64,0
DA:67,0
DA:68,0
DA:71,0
DA:72,0
DA:77,0
DA:84,0
DA:96,0
DA:98,0
DA:99,0
DA:101,0
DA:105,0
DA:112,0
DA:119,0
DA:128,0
DA:131,0
DA:134,0
DA:142,0
DA:150,0
DA:151,0
DA:159,0
DA:162,0
DA:167,0
DA:170,0
LF:39
LH:7
BRF:0
BRH:0
end_of_record
TN:
SF:C:\Projects\odh-voice-assistant\lambda\custom\intents\Event\index.ts
FNF:0
FNH:0
DA:1,9
LF:1
LH:1
BRF:0
BRH:0
end_of_record
TN:
SF:C:\Projects\odh-voice-assistant\lambda\custom\intents\Event\list.ts
FN:11,(anonymous_6)
FN:80,(anonymous_9)
FN:82,(anonymous_10)
FN:94,(anonymous_11)
FN:135,(anonymous_12)
FN:151,(anonymous_13)
FN:153,(anonymous_14)
FN:181,(anonymous_15)
FN:289,(anonymous_16)
FN:293,(anonymous_17)
FN:358,(anonymous_18)
FNF:11
FNH:1
FNDA:1,(anonymous_6)
FNDA:0,(anonymous_9)
FNDA:0,(anonymous_10)
FNDA:0,(anonymous_11)
FNDA:0,(anonymous_12)
FNDA:0,(anonymous_13)
FNDA:0,(anonymous_14)
FNDA:0,(anonymous_15)
FNDA:0,(anonymous_16)
FNDA:0,(anonymous_17)
FNDA:0,(anonymous_18)
DA:3,3
DA:4,3
DA:7,3
DA:8,3
DA:10,3
DA:12,1
DA:16,0
DA:19,0
DA:28,0
DA:29,0
DA:30,0
DA:31,0
DA:32,0
DA:33,0
DA:40,0
DA:41,0
DA:55,0
DA:58,0
DA:74,0
DA:76,0
DA:82,0
DA:83,0
DA:88,0
DA:94,0
DA:95,0
DA:100,0
DA:103,0
DA:119,0
DA:128,0
DA:136,0
DA:137,0
DA:147,0
DA:153,0
DA:154,0
DA:159,0
DA:162,0
DA:165,0
DA:174,0
DA:182,0
DA:183,0
DA:194,0
DA:197,0
DA:202,0
DA:205,0
DA:221,0
DA:222,0
DA:223,0
DA:226,0
DA:227,0
DA:230,0
DA:231,0
DA:238,0
DA:240,0
DA:244,0
DA:248,0
DA:253,0
DA:260,0
DA:261,0
DA:265,0
DA:266,0
DA:269,0
DA:274,0
DA:281,0
DA:282,0
DA:285,0
DA:293,0
DA:294,0
DA:302,0
DA:305,0
DA:311,0
DA:314,0
DA:320,0
DA:323,0
DA:327,0
DA:332,0
DA:335,0
DA:338,0
DA:339,0
DA:343,0
DA:351,0
DA:359,0
DA:360,0
DA:368,0
DA:371,0
DA:376,0
DA:379,0
LF:86
LH:6
BRDA:207,0,0,0
BRDA:207,0,1,0
BRDA:264,1,0,0
BRDA:264,1,1,0
BRDA:291,2,0,0
BRDA:291,2,1,0
BRDA:297,3,0,0
BRDA:297,3,1,0
BRF:8
BRH:0
end_of_record
TN:
SF:C:\Projects\odh-voice-assistant\lambda\custom\intents\FindMunicipality\index.ts
FN:8,(anonymous_6)
FN:21,(anonymous_9)
FNF:2
FNH:1
FNDA:1,(anonymous_6)
FNDA:0,(anonymous_9)
DA:3,3
DA:4,3
DA:5,3
DA:7,3
DA:9,1
DA:13,0
DA:14,0
DA:15,0
DA:17,0
DA:21,0
DA:22,0
DA:27,0
DA:34,0
DA:37,0
DA:44,0
LF:15
LH:5
BRDA:19,0,0,0
BRDA:19,0,1,0
BRF:2
BRH:0
end_of_record
TN:
SF:C:\Projects\odh-voice-assistant\lambda\custom\intents\Gastronomy\list.ts
FN:11,(anonymous_6)
FN:102,(anonymous_9)
FN:104,(anonymous_10)
FN:116,(anonymous_11)
FN:157,(anonymous_12)
FN:173,(anonymous_13)
FN:175,(anonymous_14)
FN:203,(anonymous_15)
FN:267,(anonymous_16)
FN:271,(anonymous_17)
FN:330,(anonymous_18)
FNF:11
FNH:1
FNDA:1,(anonymous_6)
FNDA:0,(anonymous_9)
FNDA:0,(anonymous_10)
FNDA:0,(anonymous_11)
FNDA:0,(anonymous_12)
FNDA:0,(anonymous_13)
FNDA:0,(anonymous_14)
FNDA:0,(anonymous_15)
FNDA:0,(anonymous_16)
FNDA:0,(anonymous_17)
FNDA:0,(anonymous_18)
DA:3,3
DA:4,3
DA:8,3
DA:10,3
DA:12,1
DA:16,0
DA:19,0
DA:28,0
DA:29,0
DA:30,0
DA:31,0
DA:33,0
DA:34,0
DA:49,0
DA:54,0
DA:55,0
DA:57,0
DA:58,0
DA:62,0
DA:69,0
DA:78,0
DA:81,0
DA:96,0
DA:98,0
DA:104,0
DA:105,0
DA:110,0
DA:116,0
DA:117,0
DA:122,0
DA:125,0
DA:141,0
DA:150,0
DA:158,0
DA:159,0
DA:169,0
DA:175,0
DA:176,0
DA:181,0
DA:184,0
DA:187,0
DA:196,0
DA:204,0
DA:205,0
DA:216,0
DA:219,0
DA:224,0
DA:227,0
DA:243,0
DA:244,0
DA:245,0
DA:248,0
DA:249,0
DA:252,0
DA:253,0
DA:263,0
DA:271,0
DA:272,0
DA:276,0
DA:277,0
DA:278,0
DA:280,0
DA:283,0
DA:286,0
DA:289,0
DA:293,0
DA:296,0
DA:299,0
DA:304,0
DA:307,0
DA:310,0
DA:311,0
DA:315,0
DA:323,0
DA:331,0
DA:332,0
DA:340,0
DA:343,0
DA:348,0
DA:351,0
LF:80
LH:5
BRDA:53,0,0,0
BRDA:53,0,1,0
BRDA:229,1,0,0
BRDA:229,1,1,0
BRDA:269,2,0,0
BRDA:269,2,1,0
BRDA:275,3,0,0
BRDA:275,3,1,0
BRDA:279,4,0,0
BRDA:279,4,1,0
BRF:10
BRH:0
end_of_record
TN:
SF:C:\Projects\odh-voice-assistant\lambda\custom\intents\LoadMore\index.ts
FN:10,(anonymous_6)
FN:47,(anonymous_9)
FN:51,(anonymous_10)
FN:69,(anonymous_11)
FN:101,(anonymous_12)
FN:105,(anonymous_13)
FN:123,(anonymous_14)
FN:155,(anonymous_15)
FN:159,(anonymous_16)
FN:177,(anonymous_17)
FN:205,(anonymous_18)
FN:212,(anonymous_19)
FN:232,(anonymous_20)
FN:261,(anonymous_21)
FN:287,(anonymous_22)
FN:327,(anonymous_23)
FNF:16
FNH:1
FNDA:1,(anonymous_6)
FNDA:0,(anonymous_9)
FNDA:0,(anonymous_10)
FNDA:0,(anonymous_11)
FNDA:0,(anonymous_12)
FNDA:0,(anonymous_13)
FNDA:0,(anonymous_14)
FNDA:0,(anonymous_15)
FNDA:0,(anonymous_16)
FNDA:0,(anonymous_17)
FNDA:0,(anonymous_18)
FNDA:0,(anonymous_19)
FNDA:0,(anonymous_20)
FNDA:0,(anonymous_21)
FNDA:0,(anonymous_22)
FNDA:0,(anonymous_23)
DA:3,3
DA:4,3
DA:7,3
DA:9,3
DA:11,1
DA:15,0
DA:16,0
DA:29,0
DA:33,0
DA:36,0
DA:43,0
DA:51,0
DA:52,0
DA:55,0
DA:57,0
DA:59,0
DA:62,0
DA:70,0
DA:71,0
DA:83,0
DA:87,0
DA:90,0
DA:97,0
DA:105,0
DA:106,0
DA:109,0
DA:111,0
DA:113,0
DA:116,0
DA:124,0
DA:125,0
DA:137,0
DA:141,0
DA:144,0
DA:151,0
DA:159,0
DA:160,0
DA:163,0
DA:165,0
DA:167,0
DA:170,0
DA:178,0
DA:179,0
DA:191,0
DA:194,0
DA:201,0
DA:209,0
DA:212,0
DA:213,0
DA:216,0
DA:219,0
DA:221,0
DA:225,0
DA:233,0
DA:234,0
DA:244,0
DA:248,0
DA:251,0
DA:258,0
DA:266,0
DA:283,0
DA:285,0
DA:287,0
DA:291,0
DA:298,0
DA:305,0
DA:314,0
DA:317,0
DA:320,0
DA:328,0
DA:329,0
DA:338,0
DA:341,0
DA:345,0
DA:349,0
LF:75
LH:5
BRDA:57,0,0,0
BRDA:57,0,1,0
BRDA:111,1,0,0
BRDA:111,1,1,0
BRDA:165,2,0,0
BRDA:165,2,1,0
BRDA:208,3,0,0
BRDA:208,3,1,0
BRDA:219,4,0,0
BRDA:219,4,1,0
BRF:10
BRH:0
end_of_record
TN:
SF:C:\Projects\odh-voice-assistant\lambda\custom\intents\Pharmacy\detail.ts
FN:8,(anonymous_6)
FN:41,(anonymous_9)
FN:44,(anonymous_10)
FN:78,(anonymous_11)
FN:100,(anonymous_12)
FN:105,(anonymous_13)
FN:112,(anonymous_14)
FN:165,(anonymous_15)
FNF:8
FNH:1
FNDA:1,(anonymous_6)
FNDA:0,(anonymous_9)
FNDA:0,(anonymous_10)
FNDA:0,(anonymous_11)
FNDA:0,(anonymous_12)
FNDA:0,(anonymous_13)
FNDA:0,(anonymous_14)
FNDA:0,(anonymous_15)
DA:3,3
DA:4,3
DA:7,3
DA:9,1
DA:13,0
DA:15,0
DA:33,0
DA:34,0
DA:37,0
DA:44,0
DA:46,0
DA:48,0
DA:51,0
DA:52,0
DA:55,0
DA:62,0
DA:65,0
DA:78,0
DA:80,0
DA:86,0
DA:92,0
DA:97,0
DA:98,0
DA:100,0
DA:101,0
DA:102,0
DA:105,0
DA:106,0
DA:108,0
DA:112,0
DA:113,0
DA:118,0
DA:124,0
DA:130,0
DA:131,0
DA:138,0
DA:143,0
DA:146,0
DA:147,0
DA:150,0
DA:158,0
DA:166,0
DA:167,0
DA:176,0
DA:179,0
DA:183,0
DA:187,0
LF:47
LH:4
BRDA:43,0,0,0
BRDA:43,0,1,0
BRDA:64,1,0,0
BRDA:64,1,1,0
BRDA:64,1,2,0
BRDA:73,2,0,0
BRDA:73,2,1,0
BRF:7
BRH:0
end_of_record
TN:
SF:C:\Projects\odh-voice-assistant\lambda\custom\intents\Pharmacy\index.ts
FNF:0
FNH:0
DA:1,3
DA:2,3
LF:2
LH:2
BRF:0
BRH:0
end_of_record
TN:
SF:C:\Projects\odh-voice-assistant\lambda\custom\intents\Pharmacy\list.ts
FN:11,(anonymous_6)
FN:69,(anonymous_9)
FN:71,(anonymous_10)
FN:83,(anonymous_11)
FN:124,(anonymous_12)
FN:140,(anonymous_13)
FN:142,(anonymous_14)
FN:170,(anonymous_15)
FN:272,(anonymous_16)
FN:311,(anonymous_17)
FN:341,(anonymous_18)
FNF:11
FNH:1
FNDA:1,(anonymous_6)
FNDA:0,(anonymous_9)
FNDA:0,(anonymous_10)
FNDA:0,(anonymous_11)
FNDA:0,(anonymous_12)
FNDA:0,(anonymous_13)
FNDA:0,(anonymous_14)
FNDA:0,(anonymous_15)
FNDA:0,(anonymous_16)
FNDA:0,(anonymous_17)
FNDA:0,(anonymous_18)
DA:3,3
DA:4,3
DA:7,3
DA:8,3
DA:10,3
DA:12,1
DA:16,0
DA:18,0
DA:27,0
DA:28,0
DA:29,0
DA:30,0
DA:31,0
DA:38,0
DA:39,0
DA:52,0
DA:53,0
DA:63,0
DA:65,0
DA:71,0
DA:72,0
DA:77,0
DA:83,0
DA:84,0
DA:89,0
DA:92,0
DA:108,0
DA:117,0
DA:125,0
DA:126,0
DA:136,0
DA:142,0
DA:143,0
DA:148,0
DA:151,0
DA:154,0
DA:163,0
DA:171,0
DA:172,0
DA:183,0
DA:186,0
DA:191,0
DA:194,0
DA:210,0
DA:211,0
DA:212,0
DA:215,0
DA:216,0
DA:219,0
DA:220,0
DA:227,0
DA:229,0
DA:233,0
DA:237,0
DA:242,0
DA:251,0
DA:252,0
DA:255,0
DA:260,0
DA:268,0
DA:276,0
DA:280,0
DA:283,0
DA:287,0
DA:295,0
DA:298,0
DA:304,0
DA:307,0
DA:311,0
DA:312,0
DA:315,0
DA:316,0
DA:320,0
DA:334,0
DA:342,0
DA:343,0
DA:351,0
DA:354,0
DA:359,0
DA:362,0
LF:80
LH:6
BRDA:196,0,0,0
BRDA:196,0,1,0
BRDA:250,1,0,0
BRDA:250,1,1,0
BRDA:274,2,0,0
BRDA:274,2,1,0
BRDA:275,3,0,0
BRDA:275,3,1,0
BRF:8
BRH:0
end_of_record
TN:
SF:C:\Projects\odh-voice-assistant\lambda\custom\intents\Shop\index.ts
FNF:0
FNH:0
DA:1,3
LF:1
LH:1
BRF:0
BRH:0
end_of_record
TN:
SF:C:\Projects\odh-voice-assistant\lambda\custom\intents\Shop\list.ts
FN:11,(anonymous_6)
FN:83,(anonymous_9)
FN:85,(anonymous_10)
FN:97,(anonymous_11)
FN:138,(anonymous_12)
FN:154,(anonymous_13)
FN:156,(anonymous_14)
FN:184,(anonymous_15)
FN:300,(anonymous_16)
FN:304,(anonymous_17)
FN:380,(anonymous_18)
FNF:11
FNH:1
FNDA:1,(anonymous_6)
FNDA:0,(anonymous_9)
FNDA:0,(anonymous_10)
FNDA:0,(anonymous_11)
FNDA:0,(anonymous_12)
FNDA:0,(anonymous_13)
FNDA:0,(anonymous_14)
FNDA:0,(anonymous_15)
FNDA:0,(anonymous_16)
FNDA:0,(anonymous_17)
FNDA:0,(anonymous_18)
DA:3,3
DA:4,3
DA:8,3
DA:10,3
DA:12,1
DA:16,0
DA:19,0
DA:28,0
DA:29,0
DA:30,0
DA:31,0
DA:32,0
DA:33,0
DA:40,0
DA:41,0
DA:54,0
DA:58,0
DA:61,0
DA:77,0
DA:79,0
DA:85,0
DA:86,0
DA:91,0
DA:97,0
DA:98,0
DA:103,0
DA:106,0
DA:122,0
DA:131,0
DA:139,0
DA:140,0
DA:150,0
DA:156,0
DA:157,0
DA:162,0
DA:165,0
DA:168,0
DA:177,0
DA:185,0
DA:186,0
DA:197,0
DA:200,0
DA:205,0
DA:208,0
DA:224,0
DA:225,0
DA:226,0
DA:229,0
DA:230,0
DA:233,0
DA:234,0
DA:242,0
DA:296,0
DA:304,0
DA:305,0
DA:339,0
DA:342,0
DA:346,0
DA:349,0
DA:354,0
DA:357,0
DA:360,0
DA:361,0
DA:365,0
DA:373,0
DA:381,0
DA:382,0
DA:390,0
DA:393,0
DA:398,0
DA:401,0
LF:71
LH:5
BRDA:210,0,0,0
BRDA:210,0,1,0
BRDA:240,1,0,0
BRDA:240,1,1,0
BRDA:240,1,2,0
BRDA:302,2,0,0
BRDA:302,2,1,0
BRF:7
BRH:0
end_of_record
TN:
SF:C:\Projects\odh-voice-assistant\lambda\custom\interceptors\Localization.ts
FN:13,(anonymous_0)
FN:20,(anonymous_1)
FN:28,(anonymous_2)
FN:38,(anonymous_3)
FN:41,(anonymous_4)
FNF:5
FNH:4
FNDA:5,(anonymous_0)
FNDA:9,(anonymous_1)
FNDA:1,(anonymous_2)
FNDA:9,(anonymous_3)
FNDA:0,(anonymous_4)
DA:2,3
DA:3,3
DA:4,3
DA:12,3
DA:14,5
DA:21,9
DA:25,9
DA:28,1
DA:29,1
DA:30,1
DA:33,9
DA:37,5
DA:38,5
DA:39,9
DA:41,5
DA:42,0
DA:45,0
DA:48,0
LF:18
LH:15
BRDA:25,0,0,8
BRDA:25,0,1,1
BRF:2
BRH:2
end_of_record
TN:
SF:C:\Projects\odh-voice-assistant\lambda\custom\interceptors\RequestLogging.ts
FN:4,(anonymous_0)
FN:5,(anonymous_1)
FNF:2
FNH:0
FNDA:0,(anonymous_0)
FNDA:0,(anonymous_1)
DA:3,3
DA:5,0
DA:6,0
DA:7,0
LF:4
LH:1
BRF:0
BRH:0
end_of_record
TN:
SF:C:\Projects\odh-voice-assistant\lambda\custom\interceptors\ResponseLogging.ts
FN:5,(anonymous_0)
FN:6,(anonymous_1)
FNF:2
FNH:0
FNDA:0,(anonymous_0)
FNDA:0,(anonymous_1)
DA:4,3
DA:6,0
DA:7,0
DA:8,0
LF:4
LH:1
BRF:0
BRH:0
end_of_record
TN:
SF:C:\Projects\odh-voice-assistant\lambda\custom\interceptors\Slots.ts
FN:10,(anonymous_0)
FNF:1
FNH:1
FNDA:5,(anonymous_0)
DA:3,3
DA:4,3
DA:9,3
DA:11,5
DA:14,4
DA:16,1
LF:6
LH:6
BRF:0
BRH:0
end_of_record
TN:
SF:C:\Projects\odh-voice-assistant\lambda\custom\interceptors\index.ts
FNF:0
FNH:0
DA:1,3
DA:2,3
DA:3,3
DA:4,3
LF:4
LH:4
BRF:0
BRH:0
end_of_record
TN:
SF:C:\Projects\odh-voice-assistant\lambda\custom\lib\AlexaDeviceAddressClient.ts
FN:10,(anonymous_6)
FN:73,(anonymous_13)
FNF:2
FNH:0
FNDA:0,(anonymous_6)
FNDA:0,(anonymous_13)
DA:2,3
DA:3,3
DA:4,3
DA:6,3
DA:11,0
DA:12,0
DA:13,0
DA:17,0
DA:19,0
DA:23,0
DA:26,0
DA:30,0
DA:48,0
DA:52,0
DA:58,0
DA:68,0
DA:74,0
LF:17
LH:4
BRDA:51,0,0,0
BRDA:51,0,1,0
BRDA:51,0,2,0
BRDA:51,0,3,0
BRF:4
BRH:0
end_of_record
TN:
SF:C:\Projects\odh-voice-assistant\lambda\custom\lib\constants.ts
FN:1,(anonymous_0)
FN:19,(anonymous_1)
FN:26,(anonymous_2)
FN:31,(anonymous_3)
FN:37,(anonymous_4)
FN:108,(anonymous_5)
FN:118,(anonymous_6)
FN:124,(anonymous_7)
FN:134,(anonymous_8)
FN:174,(anonymous_9)
FNF:10
FNH:10
FNDA:3,(anonymous_0)
FNDA:3,(anonymous_1)
FNDA:3,(anonymous_2)
FNDA:3,(anonymous_3)
FNDA:3,(anonymous_4)
FNDA:3,(anonymous_5)
FNDA:3,(anonymous_6)
FNDA:3,(anonymous_7)
FNDA:3,(anonymous_8)
FNDA:3,(anonymous_9)
DA:1,3
DA:2,3
DA:3,3
DA:4,3
DA:5,3
DA:6,3
DA:7,3
DA:8,3
DA:9,3
DA:10,3
DA:11,3
DA:12,3
DA:13,3
DA:14,3
DA:15,3
DA:16,3
DA:19,3
DA:20,3
DA:21,3
DA:22,3
DA:23,3
DA:26,3
DA:27,3
DA:28,3
DA:31,3
DA:32,3
DA:33,3
DA:34,3
DA:37,3
DA:38,3
DA:39,3
DA:40,3
DA:41,3
DA:42,3
DA:43,3
DA:44,3
DA:45,3
DA:46,3
DA:47,3
DA:48,3
DA:49,3
DA:50,3
DA:51,3
DA:52,3
DA:53,3
DA:54,3
DA:55,3
DA:56,3
DA:57,3
DA:58,3
DA:59,3
DA:60,3
DA:61,3
DA:62,3
DA:63,3
DA:64,3
DA:65,3
DA:66,3
DA:67,3
DA:68,3
DA:69,3
DA:70,3
DA:71,3
DA:72,3
DA:73,3
DA:74,3
DA:75,3
DA:76,3
DA:77,3
DA:78,3
DA:79,3
DA:80,3
DA:81,3
DA:82,3
DA:83,3
DA:84,3
DA:85,3
DA:86,3
DA:87,3
DA:88,3
DA:89,3
DA:90,3
DA:91,3
DA:92,3
DA:93,3
DA:94,3
DA:95,3
DA:96,3
DA:97,3
DA:98,3
DA:99,3
DA:100,3
DA:103,3
DA:104,3
DA:106,3
DA:108,3
DA:109,3
DA:110,3
DA:111,3
DA:112,3
DA:113,3
DA:114,3
DA:115,3
DA:118,3
DA:119,3
DA:120,3
DA:121,3
DA:124,3
DA:125,3
DA:126,3
DA:127,3
DA:128,3
DA:129,3
DA:130,3
DA:131,3
DA:134,3
DA:135,3
DA:136,3
DA:137,3
DA:138,3
DA:139,3
DA:140,3
DA:141,3
DA:144,3
DA:174,3
DA:175,3
DA:176,3
LF:127
LH:127
BRDA:1,0,0,3
BRDA:1,0,1,3
BRDA:19,1,0,3
BRDA:19,1,1,3
BRDA:26,2,0,3
BRDA:26,2,1,3
BRDA:31,3,0,3
BRDA:31,3,1,3
BRDA:37,4,0,3
BRDA:37,4,1,3
BRDA:108,5,0,3
BRDA:108,5,1,3
BRDA:118,6,0,3
BRDA:118,6,1,3
BRDA:124,7,0,3
BRDA:124,7,1,3
BRDA:134,8,0,3
BRDA:134,8,1,3
BRDA:174,9,0,3
BRDA:174,9,1,3
BRF:20
BRH:20
end_of_record
TN:
SF:C:\Projects\odh-voice-assistant\lambda\custom\lib\helpers.ts
FN:17,IsIntent
FN:35,IsType
FN:51,IsIntentWithDialogState
FN:63,IsIntentWithIncompleteDialog
FN:75,IsIntentWithCompleteDialog
FN:84,GetRequestAttributes
FN:93,GetSessionAttributes
FN:102,GetDirectiveServiceClient
FN:114,ResetSlotValue
FN:169,GetSlotValues
FN:173,(anonymous_16)
FN:197,(anonymous_17)
FN:243,(anonymous_18)
FN:243,(anonymous_19)
FN:270,(anonymous_20)
FN:284,(anonymous_21)
FN:294,(anonymous_22)
FN:295,(anonymous_23)
FN:298,(anonymous_24)
FN:317,(anonymous_25)
FN:378,(anonymous_26)
FN:379,(anonymous_27)
FN:382,(anonymous_28)
FN:406,(anonymous_29)
FNF:24
FNH:4
FNDA:14,IsIntent
FNDA:6,IsType
FNDA:0,IsIntentWithDialogState
FNDA:0,IsIntentWithIncompleteDialog
FNDA:0,IsIntentWithCompleteDialog
FNDA:5,GetRequestAttributes
FNDA:0,GetSessionAttributes
FNDA:0,GetDirectiveServiceClient
FNDA:0,ResetSlotValue
FNDA:4,GetSlotValues
FNDA:0,(anonymous_16)
FNDA:0,(anonymous_17)
FNDA:0,(anonymous_18)
FNDA:0,(anonymous_19)
FNDA:0,(anonymous_20)
FNDA:0,(anonymous_21)
FNDA:0,(anonymous_22)
FNDA:0,(anonymous_23)
FNDA:0,(anonymous_24)
FNDA:0,(anonymous_25)
FNDA:0,(anonymous_26)
FNDA:0,(anonymous_27)
FNDA:0,(anonymous_28)
FNDA:0,(anonymous_29)
DA:3,3
DA:5,3
DA:7,3
DA:8,3
DA:17,3
DA:19,14
DA:20,15
DA:22,3
DA:26,11
DA:35,3
DA:36,6
DA:38,1
DA:41,5
DA:51,3
DA:52,0
DA:63,3
DA:64,0
DA:75,3
DA:76,0
DA:84,3
DA:85,5
DA:93,3
DA:94,0
DA:102,3
DA:103,0
DA:114,3
DA:116,0
DA:118,0
DA:169,3
DA:170,4
DA:173,0
DA:174,0
DA:175,0
DA:176,0
DA:186,0
DA:190,0
DA:197,0
DA:200,0
DA:203,0
DA:213,0
DA:215,0
DA:221,0
DA:223,0
DA:226,0
DA:236,4
DA:243,3
DA:246,0
DA:248,0
DA:250,0
DA:252,0
DA:253,0
DA:259,0
DA:260,0
DA:261,0
DA:263,0
DA:270,3
DA:271,0
DA:272,0
DA:274,0
DA:275,0
DA:276,0
DA:284,3
DA:285,0
DA:294,3
DA:295,0
DA:298,0
DA:299,0
DA:300,0
DA:302,0
DA:303,0
DA:308,0
DA:311,0
DA:317,0
DA:319,0
DA:321,0
DA:325,0
DA:329,0
DA:330,0
DA:332,0
DA:333,0
DA:335,0
DA:336,0
DA:338,0
DA:339,0
DA:341,0
DA:342,0
DA:344,0
DA:345,0
DA:347,0
DA:348,0
DA:351,0
DA:354,0
DA:357,0
DA:361,0
DA:364,0
DA:367,0
DA:369,0
DA:378,3
DA:379,0
DA:382,0
DA:384,0
DA:385,0
DA:387,0
DA:388,0
DA:389,0
DA:390,0
DA:392,0
DA:394,0
DA:396,0
DA:397,0
DA:398,0
DA:400,0
DA:404,0
DA:406,0
DA:409,0
DA:416,0
DA:417,0
DA:420,0
DA:421,0
DA:424,0
DA:425,0
DA:428,0
DA:429,0
DA:432,0
DA:433,0
DA:436,0
DA:437,0
DA:440,0
DA:441,0
DA:444,0
DA:446,0
DA:453,0
DA:457,0
LF:133
LH:29
BRDA:52,0,0,0
BRDA:52,0,1,0
BRDA:52,0,2,0
BRDA:64,1,0,0
BRDA:64,1,1,0
BRDA:64,1,2,0
BRDA:178,2,0,0
BRDA:178,2,1,0
BRDA:178,2,2,0
BRDA:178,2,3,0
BRDA:178,2,4,0
BRDA:178,2,5,0
BRDA:185,3,0,0
BRDA:185,3,1,0
BRDA:185,3,2,0
BRDA:192,4,0,0
BRDA:192,4,1,0
BRDA:205,5,0,0
BRDA:205,5,1,0
BRDA:217,6,0,0
BRDA:217,6,1,0
BRDA:228,7,0,0
BRDA:228,7,1,0
BRDA:250,8,0,0
BRDA:250,8,1,0
BRDA:271,9,0,0
BRDA:271,9,1,0
BRDA:272,10,0,0
BRDA:272,10,1,0
BRDA:306,11,0,0
BRDA:306,11,1,0
BRDA:307,12,0,0
BRDA:307,12,1,0
BRDA:324,13,0,0
BRDA:324,13,1,0
BRDA:328,14,0,0
BRDA:328,14,1,0
BRDA:328,14,2,0
BRDA:328,14,3,0
BRDA:328,14,4,0
BRDA:328,14,5,0
BRDA:328,14,6,0
BRDA:399,15,0,0
BRDA:399,15,1,0
BRDA:444,16,0,0
BRDA:444,16,1,0
BRF:46
BRH:0
end_of_record
TN:
SF:C:\Projects\odh-voice-assistant\lambda\custom\lib\strings.ts
FNF:0
FNH:0
DA:3,3
DA:6,3
LF:2
LH:2
BRF:0
BRH:0
end_of_record
