TN:
SF:C:\Projects\odh-voice-assistant\__tests__\helpers.ts
FN:7,(anonymous_0)
FN:14,(anonymous_1)
FN:15,(anonymous_2)
FN:44,(anonymous_3)
FN:49,(anonymous_4)
FN:56,(anonymous_5)
FN:65,(anonymous_6)
FN:84,partial
FN:94,skill
FN:95,(anonymous_9)
FN:96,(anonymous_10)
FN:108,ssml
FN:123,RequestWithType
FN:143,RequestWithIntent
FN:180,CreateIntentRequest
FN:205,(anonymous_15)
FN:223,(anonymous_16)
FNF:17
FNH:15
FNDA:28,(anonymous_0)
FNDA:56,(anonymous_1)
FNDA:67,(anonymous_2)
FNDA:0,(anonymous_3)
FNDA:9,(anonymous_4)
FNDA:10,(anonymous_5)
FNDA:56,(anonymous_6)
FNDA:28,partial
FNDA:28,skill
FNDA:28,(anonymous_9)
FNDA:28,(anonymous_10)
FNDA:0,ssml
FNDA:1,RequestWithType
FNDA:4,RequestWithIntent
FNDA:23,CreateIntentRequest
FNDA:23,(anonymous_15)
FNDA:14,(anonymous_16)
DA:2,8
DA:4,8
DA:6,8
DA:9,28
DA:10,28
DA:12,28
DA:14,28
DA:15,56
DA:16,67
DA:18,28
DA:21,39
DA:25,56
DA:29,48
DA:30,48
DA:34,14
DA:38,5
DA:43,19
DA:44,0
DA:48,9
DA:49,9
DA:56,8
DA:57,10
DA:58,10
DA:59,10
DA:65,8
DA:66,56
DA:67,0
DA:69,56
DA:70,56
DA:84,8
DA:85,28
DA:94,8
DA:95,28
DA:96,28
DA:97,28
DA:98,28
DA:108,8
DA:109,0
DA:123,8
DA:127,1
DA:143,8
DA:147,4
DA:180,8
DA:190,23
DA:194,23
DA:208,23
DA:211,92
DA:212,92
DA:224,14
DA:236,23
LF:50
LH:47
BRDA:12,0,0,20
BRDA:12,0,1,8
BRDA:66,1,0,0
BRDA:66,1,1,56
BRDA:66,2,0,56
BRDA:66,2,1,56
BRDA:97,3,0,0
BRDA:97,3,1,28
BRDA:192,4,0,23
BRDA:205,5,0,23
BRDA:205,5,1,0
BRDA:214,6,0,33
BRDA:214,6,1,59
BRDA:215,7,0,0
BRDA:215,7,1,92
BRDA:233,8,0,78
BRDA:223,9,0,14
BRDA:223,9,1,0
BRDA:227,10,0,12
BRDA:227,10,1,2
BRDA:239,11,0,0
BRDA:239,11,1,23
BRF:22
BRH:16
end_of_record
TN:
SF:C:\Projects\odh-voice-assistant\lambda\custom\index.ts
FNF:0
FNH:0
DA:1,8
DA:3,8
DA:4,8
DA:5,8
DA:6,8
DA:7,8
DA:8,8
DA:9,8
DA:10,8
DA:12,8
LF:10
LH:10
BRF:0
BRH:0
end_of_record
TN:
SF:C:\Projects\odh-voice-assistant\lambda\custom\errors\Unexpected.ts
FN:10,(anonymous_0)
FN:13,(anonymous_1)
FNF:2
FNH:0
FNDA:0,(anonymous_0)
FNDA:0,(anonymous_1)
DA:2,8
DA:3,8
DA:9,8
DA:11,0
DA:14,0
DA:16,0
DA:18,0
LF:7
LH:3
BRF:0
BRH:0
end_of_record
TN:
SF:C:\Projects\odh-voice-assistant\lambda\custom\errors\Unknown.ts
FN:10,(anonymous_0)
FN:13,(anonymous_1)
FNF:2
FNH:2
FNDA:1,(anonymous_0)
FNDA:1,(anonymous_1)
DA:2,8
DA:3,8
DA:9,8
DA:11,1
DA:14,1
DA:16,1
DA:18,1
DA:20,1
LF:8
LH:8
BRF:0
BRH:0
end_of_record
TN:
SF:C:\Projects\odh-voice-assistant\lambda\custom\errors\index.ts
FNF:0
FNH:0
DA:1,8
DA:2,8
LF:2
LH:2
BRF:0
BRH:0
end_of_record
TN:
SF:C:\Projects\odh-voice-assistant\lambda\custom\intents\Debug.ts
FN:4,(anonymous_0)
FN:8,(anonymous_1)
FNF:2
FNH:0
FNDA:0,(anonymous_0)
FNDA:0,(anonymous_1)
DA:3,8
DA:5,0
DA:6,0
DA:9,0
LF:4
LH:1
BRF:0
BRH:0
end_of_record
TN:
SF:C:\Projects\odh-voice-assistant\lambda\custom\intents\Help.ts
FN:7,(anonymous_0)
FN:10,(anonymous_1)
FNF:2
FNH:2
FNDA:27,(anonymous_0)
FNDA:2,(anonymous_1)
DA:2,8
DA:3,8
DA:4,8
DA:6,8
DA:8,27
DA:11,2
DA:12,2
DA:14,2
LF:8
LH:8
BRF:0
BRH:0
end_of_record
TN:
SF:C:\Projects\odh-voice-assistant\lambda\custom\intents\Launch.ts
FN:7,(anonymous_0)
FN:10,(anonymous_1)
FNF:2
FNH:2
FNDA:28,(anonymous_0)
FNDA:1,(anonymous_1)
DA:3,8
DA:4,8
DA:6,8
DA:8,28
DA:11,1
DA:13,1
DA:14,1
DA:16,1
LF:8
LH:8
BRF:0
BRH:0
end_of_record
TN:
SF:C:\Projects\odh-voice-assistant\lambda\custom\intents\SessionEnded.ts
FN:7,(anonymous_0)
FN:10,(anonymous_1)
FNF:2
FNH:1
FNDA:24,(anonymous_0)
FNDA:0,(anonymous_1)
DA:2,8
DA:4,8
DA:6,8
DA:8,24
DA:11,0
DA:13,0
DA:15,0
LF:7
LH:4
BRF:0
BRH:0
end_of_record
TN:
SF:C:\Projects\odh-voice-assistant\lambda\custom\intents\Stop.ts
FN:6,(anonymous_0)
FN:9,(anonymous_1)
FNF:2
FNH:2
FNDA:25,(anonymous_0)
FNDA:1,(anonymous_1)
DA:2,8
DA:3,8
DA:5,8
DA:7,25
DA:11,1
DA:13,1
DA:15,1
LF:7
LH:7
BRF:0
BRH:0
end_of_record
TN:
SF:C:\Projects\odh-voice-assistant\lambda\custom\intents\index.ts
FNF:0
FNH:0
DA:1,8
DA:2,8
DA:3,8
DA:4,8
DA:6,8
DA:7,8
DA:8,8
DA:10,8
LF:8
LH:8
BRF:0
BRH:0
end_of_record
TN:
SF:C:\Projects\odh-voice-assistant\lambda\custom\intents\CarSharing\list.ts
FN:15,(anonymous_6)
FN:81,(anonymous_9)
FN:81,(anonymous_10)
FN:102,(anonymous_11)
FN:102,(anonymous_12)
FN:113,(anonymous_13)
FN:126,(anonymous_14)
FN:181,(anonymous_15)
FNF:8
FNH:6
FNDA:9,(anonymous_6)
FNDA:1,(anonymous_9)
FNDA:1,(anonymous_10)
FNDA:5,(anonymous_11)
FNDA:5,(anonymous_12)
FNDA:5,(anonymous_13)
FNDA:0,(anonymous_14)
FNDA:0,(anonymous_15)
DA:3,8
DA:4,8
DA:8,8
DA:9,8
DA:11,8
DA:14,8
DA:16,9
DA:20,1
DA:22,1
DA:43,1
DA:44,1
DA:50,1
DA:56,1
DA:58,1
DA:63,0
DA:64,0
DA:65,0
DA:68,0
DA:69,0
DA:72,0
DA:73,0
DA:78,1
DA:81,1
DA:85,1
DA:97,1
DA:99,1
DA:100,1
DA:102,5
DA:104,5
DA:116,0
DA:119,0
DA:122,5
DA:127,0
DA:128,0
DA:137,2
DA:144,3
DA:151,0
DA:160,1
DA:163,1
DA:166,1
DA:174,0
DA:182,0
DA:183,0
DA:191,1
DA:194,1
DA:199,1
DA:202,1
LF:47
LH:32
BRF:0
BRH:0
end_of_record
TN:
SF:C:\Projects\odh-voice-assistant\lambda\custom\intents\Event\index.ts
FNF:0
FNH:0
DA:1,24
LF:1
LH:1
BRF:0
BRH:0
end_of_record
TN:
SF:C:\Projects\odh-voice-assistant\lambda\custom\intents\Event\list.ts
FN:11,(anonymous_6)
FN:81,(anonymous_9)
FN:83,(anonymous_10)
FN:95,(anonymous_11)
FN:136,(anonymous_12)
FN:153,(anonymous_13)
FN:155,(anonymous_14)
FN:183,(anonymous_15)
FN:295,(anonymous_16)
FN:299,(anonymous_17)
FN:368,(anonymous_18)
FNF:11
FNH:6
FNDA:24,(anonymous_6)
FNDA:2,(anonymous_9)
FNDA:1054,(anonymous_10)
FNDA:0,(anonymous_11)
FNDA:0,(anonymous_12)
FNDA:2,(anonymous_13)
FNDA:0,(anonymous_14)
FNDA:0,(anonymous_15)
FNDA:4,(anonymous_16)
FNDA:20,(anonymous_17)
FNDA:0,(anonymous_18)
DA:3,8
DA:4,8
DA:7,8
DA:8,8
DA:10,8
DA:12,24
DA:16,6
DA:19,6
DA:28,6
DA:29,6
DA:30,6
DA:31,6
DA:32,6
DA:33,6
DA:40,6
DA:41,6
DA:55,3
DA:58,0
DA:74,2
DA:76,2
DA:83,2
DA:84,1054
DA:89,2
DA:95,0
DA:96,0
DA:101,0
DA:104,0
DA:120,0
DA:129,0
DA:137,0
DA:138,0
DA:148,2
DA:155,0
DA:156,0
DA:161,0
DA:164,0
DA:167,0
DA:176,2
DA:184,0
DA:185,0
DA:196,2
DA:199,2
DA:204,2
DA:207,2
DA:222,4
DA:224,4
DA:225,4
DA:228,0
DA:229,0
DA:230,0
DA:233,0
DA:234,0
DA:241,2
DA:243,2
DA:247,2
DA:251,2
DA:256,2
DA:263,2
DA:264,2
DA:268,2
DA:269,2
DA:272,2
DA:277,2
DA:284,2
DA:285,2
DA:290,4
DA:299,4
DA:300,20
DA:308,1
DA:311,1
DA:317,1
DA:320,1
DA:326,0
DA:329,0
DA:333,0
DA:337,0
DA:342,0
DA:345,4
DA:348,4
DA:349,4
DA:353,4
DA:361,0
DA:369,0
DA:370,0
DA:379,4
DA:382,4
DA:387,4
DA:390,4
LF:88
LH:59
BRDA:209,0,0,0
BRDA:209,0,1,0
BRDA:227,1,0,4
BRDA:227,1,1,0
BRDA:267,2,0,2
BRDA:267,2,1,2
BRDA:297,3,0,4
BRDA:297,3,1,4
BRDA:303,4,0,4
BRDA:303,4,1,0
BRF:10
BRH:6
end_of_record
TN:
SF:C:\Projects\odh-voice-assistant\lambda\custom\intents\FindMunicipality\index.ts
FN:8,(anonymous_6)
FN:21,(anonymous_9)
FNF:2
FNH:1
FNDA:1,(anonymous_6)
FNDA:0,(anonymous_9)
DA:3,8
DA:4,8
DA:5,8
DA:7,8
DA:9,1
DA:13,0
DA:14,0
DA:15,0
DA:17,0
DA:21,0
DA:22,0
DA:27,0
DA:34,0
DA:37,0
DA:44,0
LF:15
LH:5
BRDA:19,0,0,0
BRDA:19,0,1,0
BRF:2
BRH:0
end_of_record
TN:
SF:C:\Projects\odh-voice-assistant\lambda\custom\intents\Gastronomy\list.ts
FN:11,(anonymous_6)
FN:103,(anonymous_9)
FN:105,(anonymous_10)
FN:117,(anonymous_11)
FN:158,(anonymous_12)
FN:175,(anonymous_13)
FN:177,(anonymous_14)
FN:205,(anonymous_15)
FN:272,(anonymous_16)
FN:276,(anonymous_17)
FN:332,(anonymous_18)
FNF:11
FNH:7
FNDA:8,(anonymous_6)
FNDA:3,(anonymous_9)
FNDA:1581,(anonymous_10)
FNDA:5,(anonymous_11)
FNDA:0,(anonymous_12)
FNDA:3,(anonymous_13)
FNDA:0,(anonymous_14)
FNDA:0,(anonymous_15)
FNDA:4,(anonymous_16)
FNDA:20,(anonymous_17)
FNDA:0,(anonymous_18)
DA:3,8
DA:4,8
DA:8,8
DA:10,8
DA:12,8
DA:16,7
DA:19,7
DA:28,7
DA:29,7
DA:30,7
DA:31,7
DA:33,7
DA:34,7
DA:49,4
DA:54,0
DA:55,0
DA:57,4
DA:58,4
DA:62,0
DA:69,0
DA:78,3
DA:81,0
DA:96,3
DA:98,3
DA:105,3
DA:106,1581
DA:111,1
DA:117,2
DA:118,5
DA:123,2
DA:126,0
DA:142,0
DA:151,0
DA:159,0
DA:160,0
DA:170,3
DA:177,0
DA:178,0
DA:183,0
DA:186,0
DA:189,0
DA:198,3
DA:206,0
DA:207,0
DA:218,3
DA:221,3
DA:226,3
DA:229,3
DA:245,4
DA:246,4
DA:248,4
DA:251,0
DA:252,0
DA:253,0
DA:256,0
DA:257,0
DA:267,4
DA:276,4
DA:277,20
DA:282,0
DA:285,0
DA:288,1
DA:291,1
DA:295,0
DA:298,1
DA:301,1
DA:306,0
DA:309,4
DA:312,4
DA:313,4
DA:317,4
DA:325,0
DA:333,0
DA:334,0
DA:342,4
DA:345,4
DA:350,4
DA:353,4
LF:78
LH:49
BRDA:53,0,0,0
BRDA:53,0,1,4
BRDA:231,1,0,0
BRDA:231,1,1,0
BRDA:250,2,0,4
BRDA:250,2,1,0
BRDA:274,3,0,4
BRDA:274,3,1,4
BRDA:280,4,0,4
BRDA:280,4,1,2
BRDA:281,5,0,2
BRDA:281,5,1,0
BRF:12
BRH:7
end_of_record
TN:
SF:C:\Projects\odh-voice-assistant\lambda\custom\intents\LoadMore\index.ts
FN:10,(anonymous_6)
FN:50,(anonymous_9)
FN:54,(anonymous_10)
FN:72,(anonymous_11)
FN:105,(anonymous_12)
FN:109,(anonymous_13)
FN:127,(anonymous_14)
FN:160,(anonymous_15)
FN:164,(anonymous_16)
FN:182,(anonymous_17)
FN:211,(anonymous_18)
FN:218,(anonymous_19)
FN:238,(anonymous_20)
FN:271,(anonymous_21)
FN:271,(anonymous_22)
FN:297,(anonymous_23)
FN:297,(anonymous_24)
FN:308,(anonymous_25)
FN:321,(anonymous_26)
FN:368,(anonymous_27)
FNF:20
FNH:1
FNDA:1,(anonymous_6)
FNDA:0,(anonymous_9)
FNDA:0,(anonymous_10)
FNDA:0,(anonymous_11)
FNDA:0,(anonymous_12)
FNDA:0,(anonymous_13)
FNDA:0,(anonymous_14)
FNDA:0,(anonymous_15)
FNDA:0,(anonymous_16)
FNDA:0,(anonymous_17)
FNDA:0,(anonymous_18)
FNDA:0,(anonymous_19)
FNDA:0,(anonymous_20)
FNDA:0,(anonymous_21)
FNDA:0,(anonymous_22)
FNDA:0,(anonymous_23)
FNDA:0,(anonymous_24)
FNDA:0,(anonymous_25)
FNDA:0,(anonymous_26)
FNDA:0,(anonymous_27)
DA:3,8
DA:4,8
DA:7,8
DA:9,8
DA:11,1
DA:15,0
DA:16,0
DA:18,0
DA:31,0
DA:35,0
DA:38,0
DA:45,0
DA:54,0
DA:55,0
DA:58,0
DA:60,0
DA:62,0
DA:65,0
DA:73,0
DA:74,0
DA:86,0
DA:90,0
DA:93,0
DA:100,0
DA:109,0
DA:110,0
DA:113,0
DA:115,0
DA:117,0
DA:120,0
DA:128,0
DA:129,0
DA:141,0
DA:145,0
DA:148,0
DA:155,0
DA:164,0
DA:165,0
DA:168,0
DA:170,0
DA:172,0
DA:175,0
DA:183,0
DA:184,0
DA:196,0
DA:199,0
DA:206,0
DA:215,0
DA:218,0
DA:219,0
DA:222,0
DA:225,0
DA:227,0
DA:231,0
DA:239,0
DA:240,0
DA:250,0
DA:254,0
DA:257,0
DA:263,0
DA:264,0
DA:268,0
DA:271,0
DA:276,0
DA:293,0
DA:295,0
DA:297,0
DA:299,0
DA:311,0
DA:314,0
DA:317,0
DA:322,0
DA:323,0
DA:332,0
DA:339,0
DA:346,0
DA:355,0
DA:358,0
DA:361,0
DA:369,0
DA:370,0
DA:379,0
DA:382,0
DA:386,0
DA:390,0
LF:85
LH:5
BRDA:60,0,0,0
BRDA:60,0,1,0
BRDA:115,1,0,0
BRDA:115,1,1,0
BRDA:170,2,0,0
BRDA:170,2,1,0
BRDA:214,3,0,0
BRDA:214,3,1,0
BRDA:225,4,0,0
BRDA:225,4,1,0
BRF:10
BRH:0
end_of_record
TN:
SF:C:\Projects\odh-voice-assistant\lambda\custom\intents\Pharmacy\detail.ts
FN:8,(anonymous_6)
FN:42,(anonymous_9)
FN:45,(anonymous_10)
FN:79,(anonymous_11)
FN:101,(anonymous_12)
FN:106,(anonymous_13)
FN:113,(anonymous_14)
FN:166,(anonymous_15)
FNF:8
FNH:1
FNDA:13,(anonymous_6)
FNDA:0,(anonymous_9)
FNDA:0,(anonymous_10)
FNDA:0,(anonymous_11)
FNDA:0,(anonymous_12)
FNDA:0,(anonymous_13)
FNDA:0,(anonymous_14)
FNDA:0,(anonymous_15)
DA:3,8
DA:4,8
DA:7,8
DA:9,13
DA:13,0
DA:15,0
DA:33,0
DA:34,0
DA:37,0
DA:45,0
DA:47,0
DA:49,0
DA:52,0
DA:53,0
DA:56,0
DA:63,0
DA:66,0
DA:79,0
DA:81,0
DA:87,0
DA:93,0
DA:98,0
DA:99,0
DA:101,0
DA:102,0
DA:103,0
DA:106,0
DA:107,0
DA:109,0
DA:113,0
DA:114,0
DA:119,0
DA:125,0
DA:131,0
DA:132,0
DA:139,0
DA:144,0
DA:147,0
DA:148,0
DA:151,0
DA:159,0
DA:167,0
DA:168,0
DA:177,0
DA:180,0
DA:184,0
DA:188,0
LF:47
LH:4
BRDA:44,0,0,0
BRDA:44,0,1,0
BRDA:65,1,0,0
BRDA:65,1,1,0
BRDA:65,1,2,0
BRDA:74,2,0,0
BRDA:74,2,1,0
BRF:7
BRH:0
end_of_record
TN:
SF:C:\Projects\odh-voice-assistant\lambda\custom\intents\Pharmacy\index.ts
FNF:0
FNH:0
DA:1,8
DA:2,8
LF:2
LH:2
BRF:0
BRH:0
end_of_record
TN:
SF:C:\Projects\odh-voice-assistant\lambda\custom\intents\Pharmacy\list.ts
FN:11,(anonymous_6)
FN:70,(anonymous_9)
FN:72,(anonymous_10)
FN:84,(anonymous_11)
FN:125,(anonymous_12)
FN:147,(anonymous_13)
FN:149,(anonymous_14)
FN:177,(anonymous_15)
FN:281,(anonymous_16)
FN:322,(anonymous_17)
FN:352,(anonymous_18)
FNF:11
FNH:7
FNDA:18,(anonymous_6)
FNDA:2,(anonymous_9)
FNDA:1054,(anonymous_10)
FNDA:3,(anonymous_11)
FNDA:0,(anonymous_12)
FNDA:2,(anonymous_13)
FNDA:0,(anonymous_14)
FNDA:0,(anonymous_15)
FNDA:3,(anonymous_16)
FNDA:157,(anonymous_17)
FNDA:0,(anonymous_18)
DA:3,8
DA:4,8
DA:7,8
DA:8,8
DA:10,8
DA:12,18
DA:16,5
DA:18,5
DA:27,5
DA:28,5
DA:29,5
DA:30,5
DA:31,5
DA:38,5
DA:39,5
DA:52,5
DA:53,5
DA:63,2
DA:65,2
DA:72,2
DA:73,1054
DA:78,1
DA:84,1
DA:85,3
DA:90,1
DA:93,0
DA:109,0
DA:118,0
DA:126,0
DA:127,0
DA:137,2
DA:142,2
DA:149,0
DA:150,0
DA:155,0
DA:158,0
DA:161,0
DA:170,2
DA:178,0
DA:179,0
DA:190,2
DA:193,2
DA:198,2
DA:201,2
DA:217,3
DA:218,3
DA:219,3
DA:222,0
DA:223,0
DA:224,0
DA:227,0
DA:228,0
DA:235,1
DA:237,1
DA:241,1
DA:245,1
DA:250,1
DA:259,1
DA:260,1
DA:263,1
DA:268,1
DA:276,3
DA:285,2
DA:289,0
DA:292,0
DA:298,1
DA:301,1
DA:306,0
DA:309,1
DA:315,0
DA:318,3
DA:322,3
DA:323,157
DA:326,3
DA:327,3
DA:331,3
DA:345,0
DA:353,0
DA:354,0
DA:362,3
DA:365,3
DA:370,3
DA:373,3
LF:83
LH:59
BRDA:203,0,0,0
BRDA:203,0,1,0
BRDA:258,1,0,2
BRDA:258,1,1,1
BRDA:283,2,0,3
BRDA:283,2,1,3
BRDA:284,3,0,3
BRDA:284,3,1,1
BRF:8
BRH:6
end_of_record
TN:
SF:C:\Projects\odh-voice-assistant\lambda\custom\intents\Shop\index.ts
FNF:0
FNH:0
DA:1,8
LF:1
LH:1
BRF:0
BRH:0
end_of_record
TN:
SF:C:\Projects\odh-voice-assistant\lambda\custom\intents\Shop\list.ts
FN:11,(anonymous_6)
FN:83,(anonymous_9)
FN:85,(anonymous_10)
FN:97,(anonymous_11)
FN:138,(anonymous_12)
FN:155,(anonymous_13)
FN:157,(anonymous_14)
FN:185,(anonymous_15)
FN:303,(anonymous_16)
FN:307,(anonymous_17)
FN:383,(anonymous_18)
FNF:11
FNH:6
FNDA:13,(anonymous_6)
FNDA:2,(anonymous_9)
FNDA:1054,(anonymous_10)
FNDA:0,(anonymous_11)
FNDA:0,(anonymous_12)
FNDA:2,(anonymous_13)
FNDA:0,(anonymous_14)
FNDA:0,(anonymous_15)
FNDA:2,(anonymous_16)
FNDA:10,(anonymous_17)
FNDA:0,(anonymous_18)
DA:3,8
DA:4,8
DA:8,8
DA:10,8
DA:12,13
DA:16,4
DA:19,4
DA:28,4
DA:29,4
DA:30,4
DA:31,4
DA:32,4
DA:33,4
DA:40,4
DA:41,4
DA:57,2
DA:60,0
DA:76,2
DA:78,2
DA:85,2
DA:86,1054
DA:91,2
DA:97,0
DA:98,0
DA:103,0
DA:106,0
DA:122,0
DA:131,0
DA:139,0
DA:140,0
DA:150,2
DA:157,0
DA:158,0
DA:163,0
DA:166,0
DA:169,0
DA:178,2
DA:186,0
DA:187,0
DA:198,2
DA:201,2
DA:206,2
DA:209,2
DA:224,2
DA:226,2
DA:227,2
DA:230,0
DA:231,0
DA:232,0
DA:235,0
DA:236,0
DA:244,0
DA:298,2
DA:307,2
DA:308,10
DA:342,0
DA:345,0
DA:349,1
DA:352,1
DA:357,0
DA:360,2
DA:363,2
DA:364,2
DA:368,2
DA:376,0
DA:384,0
DA:385,0
DA:393,2
DA:396,2
DA:401,2
DA:404,2
LF:71
LH:43
BRDA:211,0,0,0
BRDA:211,0,1,0
BRDA:242,1,0,2
BRDA:242,1,1,2
BRDA:242,1,2,0
BRDA:305,2,0,2
BRDA:305,2,1,2
BRF:7
BRH:4
end_of_record
TN:
SF:C:\Projects\odh-voice-assistant\lambda\custom\interceptors\Localization.ts
FN:13,(anonymous_0)
FN:20,(anonymous_1)
FN:28,(anonymous_2)
FN:38,(anonymous_3)
FN:41,(anonymous_4)
FNF:5
FNH:5
FNDA:28,(anonymous_0)
FNDA:119,(anonymous_1)
FNDA:32,(anonymous_2)
FNDA:119,(anonymous_3)
FNDA:23,(anonymous_4)
DA:2,8
DA:3,8
DA:4,8
DA:12,8
DA:14,28
DA:21,119
DA:25,119
DA:28,16
DA:29,32
DA:30,32
DA:33,119
DA:37,28
DA:38,28
DA:39,119
DA:41,28
DA:42,23
DA:45,23
DA:48,23
LF:18
LH:18
BRDA:25,0,0,96
BRDA:25,0,1,23
BRF:2
BRH:2
end_of_record
TN:
SF:C:\Projects\odh-voice-assistant\lambda\custom\interceptors\RequestLogging.ts
FN:4,(anonymous_0)
FN:5,(anonymous_1)
FNF:2
FNH:0
FNDA:0,(anonymous_0)
FNDA:0,(anonymous_1)
DA:3,8
DA:5,0
DA:6,0
DA:7,0
LF:4
LH:1
BRF:0
BRH:0
end_of_record
TN:
SF:C:\Projects\odh-voice-assistant\lambda\custom\interceptors\ResponseLogging.ts
FN:5,(anonymous_0)
FN:6,(anonymous_1)
FNF:2
FNH:0
FNDA:0,(anonymous_0)
FNDA:0,(anonymous_1)
DA:4,8
DA:6,0
DA:7,0
DA:8,0
LF:4
LH:1
BRF:0
BRH:0
end_of_record
TN:
SF:C:\Projects\odh-voice-assistant\lambda\custom\interceptors\Slots.ts
FN:10,(anonymous_0)
FNF:1
FNH:1
FNDA:28,(anonymous_0)
DA:3,8
DA:4,8
DA:9,8
DA:11,28
DA:14,27
DA:16,1
LF:6
LH:6
BRF:0
BRH:0
end_of_record
TN:
SF:C:\Projects\odh-voice-assistant\lambda\custom\interceptors\index.ts
FNF:0
FNH:0
DA:1,8
DA:2,8
DA:3,8
DA:4,8
LF:4
LH:4
BRF:0
BRH:0
end_of_record
TN:
SF:C:\Projects\odh-voice-assistant\lambda\custom\lib\AlexaDeviceAddressClient.ts
FN:10,(anonymous_6)
FN:73,(anonymous_13)
FNF:2
FNH:0
FNDA:0,(anonymous_6)
FNDA:0,(anonymous_13)
DA:2,8
DA:3,8
DA:4,8
DA:6,8
DA:11,0
DA:12,0
DA:13,0
DA:17,0
DA:19,0
DA:23,0
DA:26,0
DA:30,0
DA:48,0
DA:52,0
DA:58,0
DA:68,0
DA:74,0
LF:17
LH:4
BRDA:51,0,0,0
BRDA:51,0,1,0
BRDA:51,0,2,0
BRDA:51,0,3,0
BRF:4
BRH:0
end_of_record
TN:
SF:C:\Projects\odh-voice-assistant\lambda\custom\lib\constants.ts
FN:4,(anonymous_0)
FN:22,(anonymous_1)
FN:29,(anonymous_2)
FN:34,(anonymous_3)
FN:40,(anonymous_4)
FN:119,(anonymous_5)
FN:130,(anonymous_6)
FN:136,(anonymous_7)
FN:146,(anonymous_8)
FN:186,(anonymous_9)
FNF:10
FNH:10
FNDA:8,(anonymous_0)
FNDA:8,(anonymous_1)
FNDA:8,(anonymous_2)
FNDA:8,(anonymous_3)
FNDA:8,(anonymous_4)
FNDA:8,(anonymous_5)
FNDA:8,(anonymous_6)
FNDA:8,(anonymous_7)
FNDA:8,(anonymous_8)
FNDA:8,(anonymous_9)
DA:1,8
DA:2,8
DA:4,8
DA:5,8
DA:6,8
DA:7,8
DA:8,8
DA:9,8
DA:10,8
DA:11,8
DA:12,8
DA:13,8
DA:14,8
DA:15,8
DA:16,8
DA:17,8
DA:18,8
DA:19,8
DA:22,8
DA:23,8
DA:24,8
DA:25,8
DA:26,8
DA:29,8
DA:30,8
DA:31,8
DA:34,8
DA:35,8
DA:36,8
DA:37,8
DA:40,8
DA:41,8
DA:42,8
DA:43,8
DA:44,8
DA:45,8
DA:46,8
DA:47,8
DA:48,8
DA:49,8
DA:50,8
DA:51,8
DA:52,8
DA:53,8
DA:54,8
DA:55,8
DA:56,8
DA:57,8
DA:58,8
DA:59,8
DA:60,8
DA:61,8
DA:62,8
DA:63,8
DA:64,8
DA:65,8
DA:66,8
DA:67,8
DA:68,8
DA:69,8
DA:70,8
DA:71,8
DA:72,8
DA:73,8
DA:74,8
DA:75,8
DA:76,8
DA:77,8
DA:78,8
DA:79,8
DA:80,8
DA:81,8
DA:82,8
DA:83,8
DA:84,8
DA:85,8
DA:86,8
DA:87,8
DA:88,8
DA:89,8
DA:90,8
DA:91,8
DA:92,8
DA:93,8
DA:94,8
DA:95,8
DA:96,8
DA:97,8
DA:98,8
DA:99,8
DA:100,8
DA:101,8
DA:102,8
DA:103,8
DA:104,8
DA:105,8
DA:106,8
DA:109,8
DA:111,8
DA:116,8
DA:117,8
DA:119,8
DA:120,8
DA:121,8
DA:122,8
DA:123,8
DA:124,8
DA:125,8
DA:126,8
DA:127,8
DA:130,8
DA:131,8
DA:132,8
DA:133,8
DA:136,8
DA:137,8
DA:138,8
DA:139,8
DA:140,8
DA:141,8
DA:142,8
DA:143,8
DA:146,8
DA:147,8
DA:148,8
DA:149,8
DA:150,8
DA:151,8
DA:152,8
DA:153,8
DA:156,8
DA:186,8
DA:187,8
DA:188,8
LF:134
LH:134
BRDA:4,0,0,8
BRDA:4,0,1,8
BRDA:22,1,0,8
BRDA:22,1,1,8
BRDA:29,2,0,8
BRDA:29,2,1,8
BRDA:34,3,0,8
BRDA:34,3,1,8
BRDA:40,4,0,8
BRDA:40,4,1,8
BRDA:119,5,0,8
BRDA:119,5,1,8
BRDA:130,6,0,8
BRDA:130,6,1,8
BRDA:136,7,0,8
BRDA:136,7,1,8
BRDA:146,8,0,8
BRDA:146,8,1,8
BRDA:186,9,0,8
BRDA:186,9,1,8
BRF:20
BRH:20
end_of_record
TN:
SF:C:\Projects\odh-voice-assistant\lambda\custom\lib\helpers.ts
FN:17,IsIntent
FN:47,IsType
FN:63,IsIntentWithDialogState
FN:75,IsIntentWithIncompleteDialog
FN:87,IsIntentWithCompleteDialog
FN:96,GetRequestAttributes
FN:105,GetSessionAttributes
FN:114,GetDirectiveServiceClient
FN:126,ResetSlotValue
FN:181,GetSlotValues
FN:185,(anonymous_18)
FN:209,(anonymous_19)
FN:253,(anonymous_20)
FN:253,(anonymous_21)
FN:273,(anonymous_22)
FN:273,(anonymous_23)
FN:313,(anonymous_24)
FN:327,(anonymous_25)
FN:337,(anonymous_26)
FN:338,(anonymous_27)
FN:341,(anonymous_28)
FN:360,(anonymous_29)
FN:421,(anonymous_30)
FN:422,(anonymous_31)
FN:425,(anonymous_32)
FN:449,(anonymous_33)
FNF:26
FNH:15
FNDA:139,IsIntent
FNDA:52,IsType
FNDA:0,IsIntentWithDialogState
FNDA:0,IsIntentWithIncompleteDialog
FNDA:0,IsIntentWithCompleteDialog
FNDA:28,GetRequestAttributes
FNDA:0,GetSessionAttributes
FNDA:0,GetDirectiveServiceClient
FNDA:0,ResetSlotValue
FNDA:27,GetSlotValues
FNDA:92,(anonymous_18)
FNDA:0,(anonymous_19)
FNDA:4,(anonymous_20)
FNDA:4,(anonymous_21)
FNDA:37,(anonymous_22)
FNDA:37,(anonymous_23)
FNDA:39,(anonymous_24)
FNDA:13,(anonymous_25)
FNDA:2,(anonymous_26)
FNDA:196,(anonymous_27)
FNDA:248,(anonymous_28)
FNDA:272,(anonymous_29)
FNDA:0,(anonymous_30)
FNDA:0,(anonymous_31)
FNDA:0,(anonymous_32)
FNDA:0,(anonymous_33)
DA:3,8
DA:5,8
DA:7,8
DA:8,8
DA:17,8
DA:19,139
DA:21,26
DA:25,113
DA:35,8
DA:36,1
DA:37,5
DA:47,8
DA:48,52
DA:50,1
DA:53,51
DA:63,8
DA:64,0
DA:75,8
DA:76,0
DA:87,8
DA:88,0
DA:96,8
DA:97,28
DA:105,8
DA:106,0
DA:114,8
DA:115,0
DA:126,8
DA:128,0
DA:130,0
DA:181,8
DA:182,27
DA:185,23
DA:186,92
DA:187,92
DA:188,92
DA:198,14
DA:202,0
DA:209,0
DA:212,0
DA:215,14
DA:225,14
DA:227,0
DA:233,0
DA:235,0
DA:238,78
DA:248,27
DA:251,8
DA:253,8
DA:254,4
DA:262,4
DA:264,4
DA:266,4
DA:273,37
DA:276,37
DA:278,37
DA:280,37
DA:288,4
DA:290,31
DA:298,6
DA:301,37
DA:304,37
DA:306,0
DA:313,8
DA:314,39
DA:315,39
DA:317,39
DA:318,39
DA:319,39
DA:327,8
DA:328,13
DA:337,8
DA:338,2
DA:341,196
DA:342,248
DA:343,248
DA:345,248
DA:346,248
DA:351,114
DA:354,588
DA:360,112
DA:362,272
DA:364,272
DA:368,409
DA:372,133
DA:373,133
DA:375,33
DA:376,33
DA:378,28
DA:379,28
DA:381,27
DA:382,27
DA:384,25
DA:385,25
DA:387,24
DA:388,24
DA:390,139
DA:391,139
DA:394,409
DA:397,272
DA:400,112
DA:404,136
DA:407,196
DA:410,0
DA:412,2
DA:421,8
DA:422,0
DA:425,0
DA:427,0
DA:428,0
DA:430,0
DA:431,0
DA:432,0
DA:433,0
DA:435,0
DA:437,0
DA:439,0
DA:440,0
DA:441,0
DA:443,0
DA:447,0
DA:449,0
DA:452,0
DA:459,0
DA:460,0
DA:463,0
DA:464,0
DA:467,0
DA:468,0
DA:471,0
DA:472,0
DA:475,0
DA:476,0
DA:479,0
DA:480,0
DA:483,0
DA:484,0
DA:487,0
DA:489,0
DA:496,0
DA:500,0
LF:141
LH:91
BRDA:64,0,0,0
BRDA:64,0,1,0
BRDA:64,0,2,0
BRDA:76,1,0,0
BRDA:76,1,1,0
BRDA:76,1,2,0
BRDA:190,2,0,92
BRDA:190,2,1,92
BRDA:190,2,2,14
BRDA:190,2,3,14
BRDA:190,2,4,14
BRDA:190,2,5,14
BRDA:197,3,0,14
BRDA:197,3,1,0
BRDA:197,3,2,0
BRDA:204,4,0,0
BRDA:204,4,1,0
BRDA:217,5,0,14
BRDA:217,5,1,0
BRDA:229,6,0,0
BRDA:229,6,1,0
BRDA:240,7,0,78
BRDA:240,7,1,59
BRDA:280,8,0,36
BRDA:280,8,1,1
BRDA:314,9,0,39
BRDA:314,9,1,10
BRDA:315,10,0,39
BRDA:315,10,1,6
BRDA:349,11,0,836
BRDA:349,11,1,644
BRDA:350,12,0,588
BRDA:350,12,1,577
BRDA:356,13,0,248
BRDA:356,13,1,114
BRDA:367,14,0,681
BRDA:367,14,1,518
BRDA:371,15,0,133
BRDA:371,15,1,33
BRDA:371,15,2,28
BRDA:371,15,3,27
BRDA:371,15,4,25
BRDA:371,15,5,24
BRDA:371,15,6,139
BRDA:442,16,0,0
BRDA:442,16,1,0
BRDA:487,17,0,0
BRDA:487,17,1,0
BRF:48
BRH:31
end_of_record
TN:
SF:C:\Projects\odh-voice-assistant\lambda\custom\lib\strings.ts
FNF:0
FNH:0
DA:3,8
DA:6,8
LF:2
LH:2
BRF:0
BRH:0
end_of_record
